populations -P /work/LAS/kjroe-lab/jmahguib/UCSStacks_outputs/TrkNbr_1083n1282_L1n2_PrelimPops -O /work/LAS/kjroe-lab/jmahguib/Stacks_Populations_outputs/TrkNbr_1083n1282_L1n2_PrelimPops_for_Genodive_MinSampSizeRuns -M /work/LAS/kjroe-lab/jmahguib/PopMaps/Webbhelix/PopMaps_TrkNbr_1083n1282_L1n2_PrelimPops_MinSampSizeRuns/PopMap_TrkNbr_1083n1282_L1n2_PrelimPops_S24.txt -b 22540000 -t 20 -k -p 1 -r 0.80 --write_single_snp --fstats --plink --structure --genepop --vcf --phylip_var
populations version 1.46 executed 2019-09-20 14:03:49

# Distribution of population loci.
# Distribution of valid loci matched to catalog locus.
# Valid samples at locus	Count
0	1383
1	331395
2	58904
3	36822
4	28925
5	25133
6	22580
7	21484
8	20987
9	18765
10	18312
11	17840
12	17616
13	17305
14	17370
15	17467
16	18328
17	17200
18	17857
19	18951
20	20025
21	21875
22	24134
23	27286
24	36626
25	9329
26	9251
27	9158
28	8967
29	8687
30	8567
31	8591
32	8361
33	8171
34	7986
35	7854
36	7384
37	7226
38	7080
39	6737
40	6566
41	6291
42	6194
43	5962
44	5727
45	5509
46	5451
47	5084
48	4875
49	4454
50	4220
51	4062
52	4018
53	3918
54	3797
55	3690
56	3809
57	3670
58	3605
59	3729
60	3725
61	3709
62	4091
63	4220
64	4385
65	4667
66	4986
67	5726
68	6004
69	6386
70	6308
71	5609
72	3746
73	1574
74	1353
75	1330
76	1295
77	1336
78	1282
79	1334
80	1296
81	1341
82	1255
83	1373
84	1335
85	1288
86	1200
87	1297
88	1216
89	1232
90	1198
91	1049
92	974
93	791
94	607
95	398
96	193
# Distribution of confounded loci at catalog locus.
# Confounded samples at locus	Count
0	1106493
1	22047
2	9995
3	6346
4	4700
5	3633
6	3088
7	2474
8	2192
9	1897
10	1665
11	1483
12	1303
13	1173
14	1097
15	918
16	910
17	763
18	722
19	656
20	594
21	554
22	493
23	465
24	437
25	404
26	324
27	303
28	311
29	300
30	226
31	259
32	246
33	249
34	208
35	199
36	216
37	170
38	146
39	146
40	162
41	150
42	158
43	170
44	156
45	148
46	112
47	116
48	101
49	107
50	107
51	112
52	122
53	96
54	91
55	87
56	98
57	84
58	95
59	74
60	84
61	67
62	60
63	68
64	59
65	71
66	76
67	67
68	50
69	55
70	57
71	83
72	130
73	55
74	40
75	34
76	37
77	31
78	28
79	43
80	31
81	30
82	21
83	25
84	23
85	26
86	21
87	23
88	16
89	12
90	17
91	10
92	19
93	13
94	13
95	13
# Distribution of missing loci at catalog loci.
# Absent samples at locus	Count
0	1106493
1	22047
2	9995
3	6346
4	4700
5	3633
6	3088
7	2474
8	2192
9	1897
10	1665
11	1483
12	1303
13	1173
14	1097
15	918
16	910
17	763
18	722
19	656
20	594
21	554
22	493
23	465
24	437
25	404
26	324
27	303
28	311
29	300
30	226
31	259
32	246
33	249
34	208
35	199
36	216
37	170
38	146
39	146
40	162
41	150
42	158
43	170
44	156
45	148
46	112
47	116
48	101
49	107
50	107
51	112
52	122
53	96
54	91
55	87
56	98
57	84
58	95
59	74
60	84
61	67
62	60
63	68
64	59
65	71
66	76
67	67
68	50
69	55
70	57
71	83
72	130
73	55
74	40
75	34
76	37
77	31
78	28
79	43
80	31
81	30
82	21
83	25
84	23
85	26
86	21
87	23
88	16
89	12
90	17
91	10
92	19
93	13
94	13
95	13
# Distribution of population loci after applying locus constraints.
# Distribution of valid loci matched to catalog locus.
# Valid samples at locus	Count
20	22808
21	21783
22	19802
23	18526
24	22820
40	1044
41	2143
42	2963
43	4043
44	6478
45	5173
46	3803
47	2528
48	1328
60	80
61	305
62	680
63	1279
64	2415
65	3551
66	4323
67	5139
68	5513
69	5562
70	5313
71	4364
72	2384
80	2
81	4
82	24
83	44
84	142
85	331
86	520
87	780
88	849
89	1040
90	1110
91	1025
92	974
93	791
94	607
95	398
96	193
# Distribution of confounded loci at catalog locus.
# Confounded samples at locus	Count
0	164624
1	7343
2	3116
3	1875
4	1267
5	916
6	753
7	610
8	519
9	464
10	408
11	346
12	280
13	274
14	244
15	216
16	190
17	165
18	146
19	138
20	117
21	110
22	96
23	83
24	83
25	60
26	62
27	49
28	53
29	42
30	35
31	42
32	24
33	29
34	19
35	24
36	25
37	16
38	7
39	11
40	11
41	10
42	14
43	8
44	11
45	3
46	5
47	6
49	4
50	2
51	4
52	1
53	1
54	1
55	4
56	1
58	4
59	1
61	2
62	1
64	1
65	1
66	2
67	2
68	1
71	1
72	1
# Distribution of missing loci at catalog loci.
# Absent samples at locus	Count
0	40054
1	4934
2	2713
3	2053
4	1875
5	1825
6	1896
7	2042
8	2226
9	2407
10	2583
11	2782
12	3036
13	3261
14	3583
15	3902
16	4559
17	5554
18	7324
19	9589
20	3657
21	3269
22	3014
23	3119
24	3182
25	2956
26	2762
27	2710
28	2716
29	2775
30	2792
31	2821
32	2912
33	3111
34	3069
35	3275
36	3310
37	2957
38	2636
39	1547
40	1461
41	1411
42	1290
43	1355
44	1323
45	1285
46	1218
47	1220
48	1200
49	1049
50	929
51	890
52	730
53	639
54	554
55	398
56	255
57	163
58	86
59	74
60	69
61	76
62	50
63	52
64	58
65	48
66	41
67	35
68	38
69	41
70	42
71	31
72	36
73	27
74	9
75	10
76	3
Population TGCP contained 182 incompatible loci -- more than two alleles present.
Population STT contained 10013 incompatible loci -- more than two alleles present.
Population MPO contained 10043 incompatible loci -- more than two alleles present.
Population PTP contained 8520 incompatible loci -- more than two alleles present.
Population TGCP contained 0 incompatible loci -- more than two alleles present.
Population STT contained 0 incompatible loci -- more than two alleles present.
Population MPO contained 0 incompatible loci -- more than two alleles present.
Population PTP contained 0 incompatible loci -- more than two alleles present.
# Distribution of the number of SNPs per locus.
#n_snps	n_loci
0	85907
1	48712
between_population	incompatible_locus	60058	un	5405168	36	TGCP	STT
between_population	incompatible_locus	107992	un	9719243	51	TGCP	STT
between_population	incompatible_locus	120204	un	10818301	29	TGCP	STT
between_population	incompatible_locus	185783	un	16720416	34	TGCP	STT
between_population	incompatible_locus	60058	un	5405168	36	TGCP	MPO
between_population	incompatible_locus	107992	un	9719243	51	TGCP	MPO
between_population	incompatible_locus	117065	un	10535814	52	TGCP	MPO
between_population	incompatible_locus	216517	un	19486488	46	TGCP	MPO
between_population	incompatible_locus	60058	un	5405168	36	STT	PTP
between_population	incompatible_locus	120204	un	10818301	29	STT	PTP
between_population	incompatible_locus	185783	un	16720416	34	STT	PTP
between_population	incompatible_locus	597841	un	53805631	29	STT	PTP
between_population	incompatible_locus	60058	un	5405168	36	MPO	PTP
between_population	incompatible_locus	575326	un	51779284	32	MPO	PTP
between_population	incompatible_locus	597841	un	53805631	29	MPO	PTP
between_population	incompatible_locus	604748	un	54427243	11	MPO	PTP
between_population	incompatible_locus	685101	un	61659019	17	MPO	PTP
