# Stacks v1.46;  Phylip sequential; October 04, 2020
# Seq Pos	Locus ID	Column	Population
0	128	8	TGCP:C,MRLP:C,STT:C,FSSP:C,HNL:Y,MPO:C,OICP:C,IRO:C,HGRF:C,PTP:C,RRL:C,RRO:C,CPS:C,PPNP:Y,FPPI:Y,CRWA:C,PCRA:C,DHFA:Y,
1	953	21	TGCP:G,MRLP:G,STT:G,FSSP:G,HNL:G,MPO:G,OICP:G,IRO:G,HGRF:G,PTP:G,RRL:G,RRO:G,CPS:G,PPNP:G,FPPI:R,CRWA:G,PCRA:G,DHFA:G,
2	1341	10	TGCP:C,MRLP:Y,STT:C,FSSP:C,HNL:C,MPO:C,OICP:C,IRO:Y,HGRF:C,PTP:C,RRL:C,RRO:C,CPS:C,PPNP:C,FPPI:C,CRWA:C,PCRA:C,DHFA:C,
3	1941	60	TGCP:T,MRLP:T,STT:T,FSSP:T,HNL:W,MPO:T,OICP:T,IRO:T,HGRF:T,PTP:T,RRL:T,RRO:T,CPS:T,PPNP:T,FPPI:T,CRWA:T,PCRA:T,DHFA:W,
4	2370	26	TGCP:T,MRLP:T,STT:T,FSSP:T,HNL:T,MPO:T,OICP:T,IRO:T,HGRF:T,PTP:T,RRL:T,RRO:T,CPS:T,PPNP:Y,FPPI:T,CRWA:T,PCRA:T,DHFA:T,
5	2661	15	TGCP:T,MRLP:T,STT:T,FSSP:T,HNL:C,MPO:T,OICP:T,IRO:T,HGRF:T,PTP:T,RRL:T,RRO:T,CPS:T,PPNP:C,FPPI:C,CRWA:T,PCRA:T,DHFA:C,
6	2692	87	TGCP:C,MRLP:C,STT:C,FSSP:C,HNL:S,MPO:C,OICP:C,IRO:C,HGRF:C,PTP:C,RRL:C,RRO:C,CPS:C,PPNP:C,FPPI:C,CRWA:C,PCRA:C,DHFA:S,
7	2828	58	TGCP:A,MRLP:R,STT:A,FSSP:A,HNL:A,MPO:A,OICP:A,IRO:R,HGRF:A,PTP:A,RRL:A,RRO:A,CPS:A,PPNP:A,FPPI:A,CRWA:A,PCRA:R,DHFA:A,
8	3710	22	TGCP:T,MRLP:T,STT:T,FSSP:T,HNL:C,MPO:T,OICP:T,IRO:T,HGRF:T,PTP:T,RRL:T,RRO:T,CPS:T,PPNP:C,FPPI:C,CRWA:T,PCRA:T,DHFA:C,
9	4403	11	TGCP:G,MRLP:G,STT:G,FSSP:G,HNL:A,MPO:G,OICP:G,IRO:G,HGRF:G,PTP:G,RRL:G,RRO:G,CPS:G,PPNP:A,FPPI:A,CRWA:G,PCRA:R,DHFA:A,
10	6398	73	TGCP:C,MRLP:C,STT:C,FSSP:C,HNL:M,MPO:C,OICP:C,IRO:C,HGRF:C,PTP:C,RRL:C,RRO:C,CPS:C,PPNP:C,FPPI:M,CRWA:C,PCRA:C,DHFA:M,
11	7469	71	TGCP:C,MRLP:C,STT:C,FSSP:C,HNL:C,MPO:C,OICP:C,IRO:C,HGRF:C,PTP:Y,RRL:C,RRO:C,CPS:C,PPNP:C,FPPI:C,CRWA:C,PCRA:C,DHFA:C,
12	7615	47	TGCP:C,MRLP:C,STT:C,FSSP:C,HNL:C,MPO:C,OICP:C,IRO:C,HGRF:C,PTP:M,RRL:C,RRO:C,CPS:C,PPNP:C,FPPI:C,CRWA:C,PCRA:C,DHFA:C,
13	8211	10	TGCP:G,MRLP:G,STT:G,FSSP:G,HNL:R,MPO:G,OICP:G,IRO:G,HGRF:G,PTP:G,RRL:G,RRO:G,CPS:G,PPNP:G,FPPI:G,CRWA:G,PCRA:G,DHFA:G,
14	8217	39	TGCP:G,MRLP:G,STT:G,FSSP:G,HNL:T,MPO:G,OICP:G,IRO:G,HGRF:G,PTP:G,RRL:G,RRO:G,CPS:G,PPNP:T,FPPI:T,CRWA:G,PCRA:G,DHFA:T,
15	8394	14	TGCP:T,MRLP:T,STT:T,FSSP:T,HNL:T,MPO:T,OICP:T,IRO:T,HGRF:T,PTP:T,RRL:T,RRO:T,CPS:T,PPNP:T,FPPI:Y,CRWA:T,PCRA:T,DHFA:T,
16	9424	27	TGCP:T,MRLP:T,STT:T,FSSP:T,HNL:C,MPO:T,OICP:T,IRO:T,HGRF:T,PTP:T,RRL:T,RRO:T,CPS:T,PPNP:C,FPPI:C,CRWA:T,PCRA:T,DHFA:C,
17	9621	63	TGCP:C,MRLP:C,STT:C,FSSP:C,HNL:Y,MPO:C,OICP:C,IRO:C,HGRF:C,PTP:C,RRL:C,RRO:C,CPS:C,PPNP:C,FPPI:C,CRWA:C,PCRA:C,DHFA:C,
18	9628	82	TGCP:G,MRLP:G,STT:G,FSSP:G,HNL:G,MPO:G,OICP:G,IRO:R,HGRF:G,PTP:G,RRL:G,RRO:G,CPS:G,PPNP:G,FPPI:G,CRWA:G,PCRA:G,DHFA:G,
19	9880	35	TGCP:G,MRLP:G,STT:G,FSSP:G,HNL:R,MPO:G,OICP:G,IRO:G,HGRF:G,PTP:G,RRL:G,RRO:G,CPS:G,PPNP:G,FPPI:G,CRWA:G,PCRA:G,DHFA:R,
20	11163	16	TGCP:C,MRLP:C,STT:C,FSSP:C,HNL:C,MPO:C,OICP:C,IRO:C,HGRF:C,PTP:C,RRL:C,RRO:C,CPS:C,PPNP:C,FPPI:C,CRWA:C,PCRA:C,DHFA:Y,
21	11991	31	TGCP:G,MRLP:G,STT:G,FSSP:G,HNL:G,MPO:G,OICP:G,IRO:R,HGRF:G,PTP:G,RRL:R,RRO:G,CPS:G,PPNP:G,FPPI:G,CRWA:G,PCRA:G,DHFA:G,
22	12766	17	TGCP:G,MRLP:G,STT:G,FSSP:G,HNL:G,MPO:G,OICP:G,IRO:G,HGRF:G,PTP:G,RRL:G,RRO:G,CPS:G,PPNP:G,FPPI:G,CRWA:G,PCRA:R,DHFA:G,
23	13496	14	TGCP:T,MRLP:T,STT:T,FSSP:T,HNL:T,MPO:T,OICP:T,IRO:T,HGRF:T,PTP:T,RRL:T,RRO:T,CPS:W,PPNP:T,FPPI:T,CRWA:T,PCRA:T,DHFA:T,
24	14335	35	TGCP:C,MRLP:C,STT:C,FSSP:C,HNL:T,MPO:C,OICP:C,IRO:C,HGRF:C,PTP:C,RRL:C,RRO:C,CPS:C,PPNP:T,FPPI:T,CRWA:C,PCRA:C,DHFA:T,
25	14394	41	TGCP:C,MRLP:C,STT:C,FSSP:C,HNL:C,MPO:C,OICP:C,IRO:C,HGRF:C,PTP:C,RRL:C,RRO:C,CPS:C,PPNP:C,FPPI:C,CRWA:C,PCRA:Y,DHFA:C,
26	14719	15	TGCP:C,MRLP:C,STT:C,FSSP:C,HNL:Y,MPO:C,OICP:C,IRO:C,HGRF:C,PTP:C,RRL:C,RRO:C,CPS:C,PPNP:T,FPPI:Y,CRWA:C,PCRA:C,DHFA:Y,
27	15592	10	TGCP:T,MRLP:T,STT:T,FSSP:T,HNL:K,MPO:T,OICP:T,IRO:T,HGRF:T,PTP:T,RRL:T,RRO:T,CPS:T,PPNP:K,FPPI:K,CRWA:T,PCRA:T,DHFA:K,
28	16285	24	TGCP:C,MRLP:C,STT:C,FSSP:C,HNL:C,MPO:C,OICP:C,IRO:C,HGRF:C,PTP:C,RRL:C,RRO:C,CPS:C,PPNP:C,FPPI:C,CRWA:C,PCRA:C,DHFA:M,
29	17354	82	TGCP:G,MRLP:G,STT:G,FSSP:G,HNL:R,MPO:G,OICP:G,IRO:G,HGRF:G,PTP:G,RRL:G,RRO:G,CPS:G,PPNP:R,FPPI:R,CRWA:G,PCRA:G,DHFA:R,
30	18821	69	TGCP:G,MRLP:G,STT:K,FSSP:G,HNL:G,MPO:K,OICP:G,IRO:G,HGRF:G,PTP:G,RRL:G,RRO:G,CPS:G,PPNP:G,FPPI:G,CRWA:G,PCRA:G,DHFA:G,
31	19006	32	TGCP:G,MRLP:G,STT:G,FSSP:G,HNL:K,MPO:G,OICP:G,IRO:G,HGRF:G,PTP:G,RRL:G,RRO:G,CPS:G,PPNP:K,FPPI:K,CRWA:G,PCRA:G,DHFA:K,
32	19602	58	TGCP:G,MRLP:G,STT:G,FSSP:G,HNL:G,MPO:G,OICP:G,IRO:G,HGRF:G,PTP:G,RRL:G,RRO:G,CPS:G,PPNP:G,FPPI:G,CRWA:G,PCRA:G,DHFA:R,
33	20143	24	TGCP:G,MRLP:G,STT:G,FSSP:G,HNL:G,MPO:G,OICP:G,IRO:G,HGRF:G,PTP:G,RRL:G,RRO:G,CPS:R,PPNP:G,FPPI:G,CRWA:G,PCRA:G,DHFA:G,
34	21661	29	TGCP:G,MRLP:G,STT:G,FSSP:G,HNL:G,MPO:G,OICP:G,IRO:G,HGRF:G,PTP:G,RRL:G,RRO:G,CPS:G,PPNP:G,FPPI:G,CRWA:G,PCRA:G,DHFA:R,
35	22603	12	TGCP:C,MRLP:C,STT:C,FSSP:C,HNL:C,MPO:C,OICP:C,IRO:C,HGRF:C,PTP:C,RRL:C,RRO:C,CPS:C,PPNP:C,FPPI:C,CRWA:C,PCRA:C,DHFA:Y,
36	25109	23	TGCP:G,MRLP:G,STT:G,FSSP:R,HNL:G,MPO:G,OICP:G,IRO:G,HGRF:G,PTP:G,RRL:G,RRO:G,CPS:G,PPNP:G,FPPI:G,CRWA:G,PCRA:R,DHFA:G,
37	25511	77	TGCP:C,MRLP:C,STT:C,FSSP:C,HNL:C,MPO:C,OICP:C,IRO:C,HGRF:C,PTP:C,RRL:C,RRO:C,CPS:C,PPNP:Y,FPPI:C,CRWA:C,PCRA:C,DHFA:C,
38	26450	31	TGCP:G,MRLP:G,STT:G,FSSP:G,HNL:R,MPO:G,OICP:G,IRO:G,HGRF:G,PTP:G,RRL:G,RRO:G,CPS:G,PPNP:R,FPPI:R,CRWA:G,PCRA:G,DHFA:R,
39	26542	39	TGCP:R,MRLP:R,STT:G,FSSP:A,HNL:G,MPO:G,OICP:R,IRO:R,HGRF:A,PTP:G,RRL:R,RRO:R,CPS:R,PPNP:G,FPPI:G,CRWA:R,PCRA:R,DHFA:G,
40	26665	44	TGCP:A,MRLP:A,STT:A,FSSP:A,HNL:W,MPO:A,OICP:A,IRO:A,HGRF:A,PTP:A,RRL:A,RRO:A,CPS:A,PPNP:W,FPPI:W,CRWA:A,PCRA:A,DHFA:W,
41	26816	9	TGCP:T,MRLP:Y,STT:T,FSSP:Y,HNL:T,MPO:T,OICP:T,IRO:Y,HGRF:T,PTP:T,RRL:Y,RRO:T,CPS:T,PPNP:T,FPPI:T,CRWA:Y,PCRA:T,DHFA:T,
42	27660	12	TGCP:C,MRLP:C,STT:C,FSSP:C,HNL:G,MPO:C,OICP:C,IRO:C,HGRF:C,PTP:C,RRL:C,RRO:C,CPS:C,PPNP:S,FPPI:G,CRWA:C,PCRA:C,DHFA:G,
43	29455	86	TGCP:G,MRLP:K,STT:G,FSSP:G,HNL:G,MPO:G,OICP:G,IRO:G,HGRF:G,PTP:G,RRL:G,RRO:G,CPS:G,PPNP:G,FPPI:G,CRWA:G,PCRA:G,DHFA:G,
44	29490	41	TGCP:C,MRLP:Y,STT:C,FSSP:C,HNL:C,MPO:C,OICP:C,IRO:Y,HGRF:C,PTP:C,RRL:Y,RRO:C,CPS:C,PPNP:C,FPPI:C,CRWA:Y,PCRA:Y,DHFA:C,
45	30612	12	TGCP:G,MRLP:G,STT:G,FSSP:G,HNL:G,MPO:G,OICP:G,IRO:G,HGRF:G,PTP:G,RRL:G,RRO:G,CPS:G,PPNP:S,FPPI:S,CRWA:G,PCRA:G,DHFA:G,
46	30775	57	TGCP:G,MRLP:G,STT:G,FSSP:G,HNL:G,MPO:G,OICP:G,IRO:G,HGRF:G,PTP:G,RRL:K,RRO:K,CPS:K,PPNP:G,FPPI:G,CRWA:G,PCRA:K,DHFA:G,
47	30970	30	TGCP:G,MRLP:G,STT:G,FSSP:G,HNL:G,MPO:G,OICP:G,IRO:G,HGRF:G,PTP:G,RRL:G,RRO:G,CPS:K,PPNP:G,FPPI:G,CRWA:G,PCRA:G,DHFA:G,
48	31067	50	TGCP:Y,MRLP:C,STT:C,FSSP:C,HNL:C,MPO:C,OICP:Y,IRO:Y,HGRF:Y,PTP:C,RRL:C,RRO:C,CPS:C,PPNP:C,FPPI:C,CRWA:C,PCRA:C,DHFA:C,
49	31963	25	TGCP:G,MRLP:G,STT:G,FSSP:G,HNL:G,MPO:G,OICP:G,IRO:G,HGRF:G,PTP:G,RRL:R,RRO:G,CPS:G,PPNP:G,FPPI:G,CRWA:G,PCRA:G,DHFA:G,
50	32425	53	TGCP:T,MRLP:T,STT:K,FSSP:T,HNL:T,MPO:T,OICP:T,IRO:T,HGRF:T,PTP:T,RRL:T,RRO:T,CPS:T,PPNP:T,FPPI:T,CRWA:T,PCRA:T,DHFA:T,
51	32971	16	TGCP:C,MRLP:C,STT:C,FSSP:Y,HNL:C,MPO:C,OICP:C,IRO:C,HGRF:C,PTP:C,RRL:C,RRO:C,CPS:C,PPNP:C,FPPI:C,CRWA:C,PCRA:C,DHFA:C,
52	33052	5	TGCP:C,MRLP:C,STT:Y,FSSP:C,HNL:C,MPO:C,OICP:C,IRO:C,HGRF:C,PTP:C,RRL:C,RRO:C,CPS:C,PPNP:C,FPPI:C,CRWA:C,PCRA:C,DHFA:C,
53	33744	32	TGCP:C,MRLP:C,STT:Y,FSSP:C,HNL:C,MPO:C,OICP:C,IRO:C,HGRF:C,PTP:C,RRL:C,RRO:C,CPS:C,PPNP:C,FPPI:C,CRWA:C,PCRA:C,DHFA:C,
54	34805	8	TGCP:T,MRLP:K,STT:T,FSSP:T,HNL:T,MPO:T,OICP:T,IRO:T,HGRF:T,PTP:T,RRL:T,RRO:T,CPS:T,PPNP:T,FPPI:T,CRWA:T,PCRA:K,DHFA:T,
55	35345	10	TGCP:C,MRLP:C,STT:C,FSSP:C,HNL:C,MPO:Y,OICP:C,IRO:C,HGRF:C,PTP:C,RRL:C,RRO:C,CPS:C,PPNP:C,FPPI:C,CRWA:C,PCRA:C,DHFA:C,
56	35769	30	TGCP:T,MRLP:T,STT:T,FSSP:T,HNL:T,MPO:T,OICP:T,IRO:T,HGRF:T,PTP:T,RRL:T,RRO:T,CPS:W,PPNP:T,FPPI:T,CRWA:T,PCRA:W,DHFA:T,
57	35965	89	TGCP:C,MRLP:C,STT:C,FSSP:C,HNL:C,MPO:C,OICP:C,IRO:C,HGRF:C,PTP:C,RRL:C,RRO:C,CPS:C,PPNP:C,FPPI:C,CRWA:M,PCRA:C,DHFA:C,
58	39654	13	TGCP:G,MRLP:G,STT:G,FSSP:G,HNL:G,MPO:G,OICP:G,IRO:G,HGRF:G,PTP:G,RRL:R,RRO:G,CPS:G,PPNP:G,FPPI:G,CRWA:G,PCRA:G,DHFA:G,
59	39686	46	TGCP:G,MRLP:G,STT:G,FSSP:G,HNL:A,MPO:G,OICP:G,IRO:G,HGRF:G,PTP:G,RRL:G,RRO:G,CPS:G,PPNP:A,FPPI:R,CRWA:G,PCRA:G,DHFA:R,
60	39700	65	TGCP:T,MRLP:T,STT:T,FSSP:T,HNL:T,MPO:T,OICP:T,IRO:K,HGRF:T,PTP:T,RRL:T,RRO:T,CPS:T,PPNP:T,FPPI:T,CRWA:T,PCRA:T,DHFA:T,
61	40498	12	TGCP:A,MRLP:A,STT:A,FSSP:A,HNL:C,MPO:A,OICP:A,IRO:A,HGRF:A,PTP:A,RRL:A,RRO:A,CPS:A,PPNP:C,FPPI:A,CRWA:A,PCRA:A,DHFA:C,
62	40824	7	TGCP:C,MRLP:C,STT:C,FSSP:C,HNL:C,MPO:C,OICP:C,IRO:C,HGRF:C,PTP:C,RRL:C,RRO:Y,CPS:C,PPNP:C,FPPI:C,CRWA:C,PCRA:C,DHFA:C,
63	41554	43	TGCP:G,MRLP:G,STT:G,FSSP:G,HNL:G,MPO:G,OICP:G,IRO:G,HGRF:G,PTP:G,RRL:G,RRO:G,CPS:R,PPNP:G,FPPI:G,CRWA:G,PCRA:G,DHFA:G,
64	42204	44	TGCP:T,MRLP:T,STT:T,FSSP:T,HNL:W,MPO:T,OICP:T,IRO:T,HGRF:T,PTP:T,RRL:T,RRO:T,CPS:T,PPNP:W,FPPI:W,CRWA:T,PCRA:T,DHFA:W,
65	42440	25	TGCP:G,MRLP:G,STT:G,FSSP:G,HNL:A,MPO:G,OICP:G,IRO:G,HGRF:G,PTP:G,RRL:G,RRO:G,CPS:G,PPNP:A,FPPI:A,CRWA:G,PCRA:G,DHFA:A,
66	42501	5	TGCP:G,MRLP:G,STT:G,FSSP:G,HNL:K,MPO:G,OICP:G,IRO:G,HGRF:G,PTP:G,RRL:G,RRO:G,CPS:G,PPNP:G,FPPI:G,CRWA:G,PCRA:G,DHFA:K,
67	42989	15	TGCP:C,MRLP:C,STT:C,FSSP:C,HNL:C,MPO:C,OICP:C,IRO:C,HGRF:C,PTP:C,RRL:C,RRO:Y,CPS:C,PPNP:C,FPPI:C,CRWA:C,PCRA:C,DHFA:C,
68	43057	11	TGCP:G,MRLP:G,STT:R,FSSP:G,HNL:G,MPO:R,OICP:G,IRO:G,HGRF:G,PTP:G,RRL:G,RRO:G,CPS:G,PPNP:G,FPPI:G,CRWA:G,PCRA:G,DHFA:G,
69	43522	7	TGCP:G,MRLP:G,STT:G,FSSP:G,HNL:A,MPO:G,OICP:G,IRO:G,HGRF:G,PTP:G,RRL:G,RRO:G,CPS:G,PPNP:A,FPPI:A,CRWA:G,PCRA:G,DHFA:A,
70	43754	9	TGCP:Y,MRLP:C,STT:T,FSSP:Y,HNL:T,MPO:T,OICP:Y,IRO:Y,HGRF:C,PTP:Y,RRL:Y,RRO:T,CPS:Y,PPNP:T,FPPI:T,CRWA:Y,PCRA:Y,DHFA:T,
71	43836	13	TGCP:T,MRLP:T,STT:T,FSSP:T,HNL:W,MPO:T,OICP:T,IRO:T,HGRF:T,PTP:T,RRL:T,RRO:T,CPS:T,PPNP:A,FPPI:A,CRWA:T,PCRA:T,DHFA:W,
72	44295	76	TGCP:C,MRLP:C,STT:C,FSSP:C,HNL:C,MPO:C,OICP:C,IRO:C,HGRF:C,PTP:C,RRL:C,RRO:C,CPS:C,PPNP:C,FPPI:C,CRWA:C,PCRA:C,DHFA:Y,
73	44631	16	TGCP:G,MRLP:G,STT:G,FSSP:G,HNL:G,MPO:G,OICP:G,IRO:G,HGRF:G,PTP:G,RRL:G,RRO:G,CPS:K,PPNP:G,FPPI:G,CRWA:G,PCRA:G,DHFA:G,
74	45332	74	TGCP:Y,MRLP:C,STT:C,FSSP:C,HNL:C,MPO:Y,OICP:C,IRO:Y,HGRF:C,PTP:C,RRL:Y,RRO:Y,CPS:C,PPNP:C,FPPI:C,CRWA:C,PCRA:Y,DHFA:C,
75	45935	33	TGCP:G,MRLP:G,STT:G,FSSP:G,HNL:G,MPO:G,OICP:G,IRO:G,HGRF:G,PTP:G,RRL:G,RRO:G,CPS:G,PPNP:G,FPPI:G,CRWA:R,PCRA:R,DHFA:G,
76	45964	12	TGCP:A,MRLP:A,STT:A,FSSP:A,HNL:A,MPO:A,OICP:A,IRO:A,HGRF:A,PTP:A,RRL:A,RRO:A,CPS:A,PPNP:M,FPPI:A,CRWA:A,PCRA:A,DHFA:A,
77	47772	18	TGCP:G,MRLP:G,STT:G,FSSP:G,HNL:G,MPO:G,OICP:G,IRO:G,HGRF:G,PTP:G,RRL:G,RRO:G,CPS:G,PPNP:G,FPPI:G,CRWA:G,PCRA:G,DHFA:R,
78	48505	7	TGCP:Y,MRLP:C,STT:C,FSSP:C,HNL:C,MPO:C,OICP:C,IRO:C,HGRF:C,PTP:C,RRL:C,RRO:C,CPS:C,PPNP:C,FPPI:C,CRWA:C,PCRA:C,DHFA:C,
79	49838	13	TGCP:R,MRLP:G,STT:G,FSSP:G,HNL:G,MPO:G,OICP:G,IRO:G,HGRF:G,PTP:G,RRL:G,RRO:G,CPS:G,PPNP:G,FPPI:G,CRWA:G,PCRA:G,DHFA:G,
80	50793	47	TGCP:G,MRLP:G,STT:G,FSSP:G,HNL:G,MPO:G,OICP:G,IRO:G,HGRF:G,PTP:G,RRL:G,RRO:R,CPS:G,PPNP:G,FPPI:G,CRWA:G,PCRA:G,DHFA:G,
81	50835	26	TGCP:S,MRLP:C,STT:G,FSSP:S,HNL:G,MPO:G,OICP:G,IRO:S,HGRF:G,PTP:G,RRL:S,RRO:C,CPS:C,PPNP:G,FPPI:G,CRWA:S,PCRA:S,DHFA:G,
82	50905	6	TGCP:T,MRLP:T,STT:T,FSSP:T,HNL:K,MPO:T,OICP:T,IRO:T,HGRF:T,PTP:T,RRL:T,RRO:T,CPS:T,PPNP:K,FPPI:K,CRWA:T,PCRA:T,DHFA:K,
83	51471	5	TGCP:T,MRLP:T,STT:T,FSSP:T,HNL:T,MPO:T,OICP:T,IRO:T,HGRF:T,PTP:T,RRL:T,RRO:T,CPS:T,PPNP:T,FPPI:K,CRWA:T,PCRA:T,DHFA:T,
84	52380	71	TGCP:G,MRLP:G,STT:G,FSSP:G,HNL:K,MPO:G,OICP:G,IRO:G,HGRF:G,PTP:G,RRL:G,RRO:G,CPS:G,PPNP:K,FPPI:K,CRWA:G,PCRA:G,DHFA:K,
85	52408	45	TGCP:C,MRLP:C,STT:C,FSSP:C,HNL:C,MPO:C,OICP:C,IRO:C,HGRF:C,PTP:C,RRL:C,RRO:C,CPS:Y,PPNP:C,FPPI:C,CRWA:C,PCRA:C,DHFA:C,
86	53046	18	TGCP:G,MRLP:G,STT:R,FSSP:G,HNL:G,MPO:G,OICP:G,IRO:G,HGRF:G,PTP:G,RRL:R,RRO:G,CPS:G,PPNP:G,FPPI:G,CRWA:G,PCRA:G,DHFA:G,
87	53139	46	TGCP:C,MRLP:C,STT:C,FSSP:C,HNL:T,MPO:C,OICP:C,IRO:C,HGRF:C,PTP:C,RRL:Y,RRO:Y,CPS:C,PPNP:T,FPPI:T,CRWA:C,PCRA:C,DHFA:Y,
88	53186	19	TGCP:C,MRLP:C,STT:Y,FSSP:C,HNL:C,MPO:Y,OICP:C,IRO:C,HGRF:C,PTP:C,RRL:C,RRO:C,CPS:Y,PPNP:C,FPPI:C,CRWA:C,PCRA:C,DHFA:C,
89	53230	50	TGCP:G,MRLP:G,STT:G,FSSP:G,HNL:G,MPO:G,OICP:G,IRO:G,HGRF:G,PTP:G,RRL:G,RRO:G,CPS:G,PPNP:K,FPPI:G,CRWA:G,PCRA:G,DHFA:G,
90	53369	6	TGCP:S,MRLP:G,STT:G,FSSP:S,HNL:G,MPO:S,OICP:G,IRO:S,HGRF:G,PTP:G,RRL:G,RRO:S,CPS:G,PPNP:G,FPPI:G,CRWA:S,PCRA:S,DHFA:G,
91	53617	56	TGCP:A,MRLP:W,STT:W,FSSP:W,HNL:A,MPO:A,OICP:A,IRO:W,HGRF:A,PTP:A,RRL:A,RRO:A,CPS:W,PPNP:A,FPPI:A,CRWA:A,PCRA:W,DHFA:A,
92	53957	5	TGCP:C,MRLP:C,STT:C,FSSP:C,HNL:C,MPO:C,OICP:C,IRO:C,HGRF:C,PTP:C,RRL:Y,RRO:C,CPS:C,PPNP:C,FPPI:C,CRWA:C,PCRA:C,DHFA:C,
93	56503	39	TGCP:G,MRLP:G,STT:G,FSSP:G,HNL:A,MPO:G,OICP:G,IRO:G,HGRF:G,PTP:G,RRL:G,RRO:G,CPS:G,PPNP:R,FPPI:R,CRWA:G,PCRA:G,DHFA:R,
94	57376	56	TGCP:C,MRLP:C,STT:C,FSSP:C,HNL:S,MPO:C,OICP:C,IRO:C,HGRF:C,PTP:C,RRL:C,RRO:C,CPS:C,PPNP:G,FPPI:G,CRWA:C,PCRA:C,DHFA:G,
95	58003	89	TGCP:G,MRLP:G,STT:G,FSSP:R,HNL:G,MPO:G,OICP:G,IRO:G,HGRF:G,PTP:G,RRL:G,RRO:G,CPS:G,PPNP:G,FPPI:G,CRWA:G,PCRA:G,DHFA:G,
96	58412	58	TGCP:T,MRLP:T,STT:T,FSSP:T,HNL:T,MPO:T,OICP:T,IRO:T,HGRF:T,PTP:T,RRL:T,RRO:T,CPS:T,PPNP:T,FPPI:T,CRWA:T,PCRA:T,DHFA:W,
97	58452	11	TGCP:G,MRLP:G,STT:G,FSSP:G,HNL:G,MPO:G,OICP:G,IRO:G,HGRF:G,PTP:G,RRL:G,RRO:G,CPS:G,PPNP:G,FPPI:G,CRWA:S,PCRA:G,DHFA:G,
98	59409	85	TGCP:C,MRLP:C,STT:C,FSSP:C,HNL:C,MPO:C,OICP:C,IRO:M,HGRF:C,PTP:C,RRL:C,RRO:C,CPS:C,PPNP:C,FPPI:C,CRWA:C,PCRA:C,DHFA:C,
99	60620	10	TGCP:G,MRLP:G,STT:G,FSSP:G,HNL:S,MPO:G,OICP:G,IRO:G,HGRF:G,PTP:G,RRL:G,RRO:G,CPS:G,PPNP:G,FPPI:G,CRWA:G,PCRA:G,DHFA:G,
100	60688	17	TGCP:A,MRLP:A,STT:A,FSSP:A,HNL:G,MPO:A,OICP:A,IRO:A,HGRF:A,PTP:A,RRL:A,RRO:A,CPS:A,PPNP:G,FPPI:G,CRWA:A,PCRA:A,DHFA:G,
101	61113	43	TGCP:A,MRLP:A,STT:A,FSSP:A,HNL:A,MPO:A,OICP:A,IRO:A,HGRF:A,PTP:A,RRL:A,RRO:A,CPS:A,PPNP:R,FPPI:R,CRWA:A,PCRA:A,DHFA:R,
102	61541	77	TGCP:G,MRLP:G,STT:G,FSSP:G,HNL:G,MPO:G,OICP:G,IRO:G,HGRF:G,PTP:G,RRL:G,RRO:G,CPS:G,PPNP:G,FPPI:G,CRWA:G,PCRA:G,DHFA:R,
103	61756	42	TGCP:C,MRLP:C,STT:C,FSSP:C,HNL:Y,MPO:C,OICP:C,IRO:C,HGRF:C,PTP:C,RRL:C,RRO:C,CPS:C,PPNP:C,FPPI:C,CRWA:C,PCRA:C,DHFA:C,
104	62497	19	TGCP:Y,MRLP:C,STT:C,FSSP:Y,HNL:C,MPO:C,OICP:C,IRO:C,HGRF:C,PTP:C,RRL:C,RRO:C,CPS:Y,PPNP:C,FPPI:C,CRWA:C,PCRA:Y,DHFA:C,
105	63024	50	TGCP:G,MRLP:G,STT:G,FSSP:G,HNL:G,MPO:G,OICP:G,IRO:G,HGRF:G,PTP:G,RRL:G,RRO:G,CPS:G,PPNP:G,FPPI:G,CRWA:R,PCRA:G,DHFA:G,
106	63986	15	TGCP:G,MRLP:G,STT:G,FSSP:G,HNL:R,MPO:G,OICP:G,IRO:G,HGRF:G,PTP:G,RRL:G,RRO:G,CPS:G,PPNP:R,FPPI:R,CRWA:G,PCRA:G,DHFA:R,
107	64210	51	TGCP:A,MRLP:A,STT:A,FSSP:A,HNL:A,MPO:A,OICP:A,IRO:A,HGRF:A,PTP:A,RRL:A,RRO:A,CPS:A,PPNP:A,FPPI:A,CRWA:W,PCRA:A,DHFA:A,
108	64422	76	TGCP:G,MRLP:G,STT:G,FSSP:G,HNL:G,MPO:G,OICP:G,IRO:G,HGRF:G,PTP:G,RRL:G,RRO:G,CPS:G,PPNP:R,FPPI:R,CRWA:G,PCRA:G,DHFA:R,
109	64492	50	TGCP:G,MRLP:G,STT:G,FSSP:R,HNL:G,MPO:G,OICP:G,IRO:G,HGRF:G,PTP:G,RRL:G,RRO:R,CPS:R,PPNP:G,FPPI:G,CRWA:G,PCRA:G,DHFA:G,
110	67165	13	TGCP:G,MRLP:G,STT:G,FSSP:R,HNL:G,MPO:G,OICP:G,IRO:R,HGRF:G,PTP:G,RRL:R,RRO:G,CPS:G,PPNP:G,FPPI:G,CRWA:G,PCRA:R,DHFA:G,
111	67984	34	TGCP:G,MRLP:G,STT:G,FSSP:G,HNL:R,MPO:G,OICP:G,IRO:G,HGRF:G,PTP:G,RRL:G,RRO:G,CPS:G,PPNP:G,FPPI:G,CRWA:G,PCRA:G,DHFA:R,
112	68436	35	TGCP:C,MRLP:C,STT:C,FSSP:C,HNL:G,MPO:C,OICP:C,IRO:C,HGRF:C,PTP:C,RRL:C,RRO:C,CPS:C,PPNP:G,FPPI:G,CRWA:C,PCRA:C,DHFA:G,
113	69199	10	TGCP:G,MRLP:G,STT:G,FSSP:R,HNL:G,MPO:G,OICP:G,IRO:G,HGRF:G,PTP:G,RRL:G,RRO:G,CPS:G,PPNP:G,FPPI:G,CRWA:R,PCRA:G,DHFA:G,
114	71368	77	TGCP:A,MRLP:A,STT:A,FSSP:A,HNL:A,MPO:A,OICP:A,IRO:A,HGRF:A,PTP:A,RRL:A,RRO:A,CPS:A,PPNP:A,FPPI:W,CRWA:A,PCRA:A,DHFA:A,
115	71652	84	TGCP:G,MRLP:G,STT:G,FSSP:G,HNL:R,MPO:G,OICP:G,IRO:G,HGRF:G,PTP:G,RRL:R,RRO:G,CPS:R,PPNP:A,FPPI:A,CRWA:G,PCRA:G,DHFA:R,
116	71927	54	TGCP:C,MRLP:C,STT:C,FSSP:C,HNL:C,MPO:C,OICP:C,IRO:C,HGRF:C,PTP:C,RRL:C,RRO:C,CPS:C,PPNP:C,FPPI:C,CRWA:C,PCRA:C,DHFA:Y,
117	72276	35	TGCP:C,MRLP:C,STT:C,FSSP:C,HNL:C,MPO:C,OICP:C,IRO:C,HGRF:C,PTP:C,RRL:S,RRO:C,CPS:C,PPNP:C,FPPI:C,CRWA:C,PCRA:C,DHFA:C,
118	73457	42	TGCP:A,MRLP:A,STT:A,FSSP:A,HNL:T,MPO:A,OICP:A,IRO:A,HGRF:A,PTP:A,RRL:A,RRO:A,CPS:A,PPNP:T,FPPI:T,CRWA:A,PCRA:A,DHFA:T,
119	73554	16	TGCP:A,MRLP:A,STT:A,FSSP:A,HNL:A,MPO:A,OICP:A,IRO:A,HGRF:A,PTP:A,RRL:A,RRO:A,CPS:A,PPNP:A,FPPI:A,CRWA:A,PCRA:M,DHFA:A,
120	74275	38	TGCP:A,MRLP:A,STT:A,FSSP:A,HNL:G,MPO:A,OICP:A,IRO:A,HGRF:A,PTP:A,RRL:A,RRO:A,CPS:R,PPNP:G,FPPI:G,CRWA:A,PCRA:A,DHFA:G,
121	74575	32	TGCP:G,MRLP:G,STT:G,FSSP:G,HNL:G,MPO:G,OICP:G,IRO:G,HGRF:G,PTP:G,RRL:R,RRO:G,CPS:G,PPNP:G,FPPI:G,CRWA:G,PCRA:G,DHFA:G,
122	76172	82	TGCP:C,MRLP:C,STT:C,FSSP:C,HNL:C,MPO:C,OICP:C,IRO:C,HGRF:C,PTP:C,RRL:C,RRO:C,CPS:C,PPNP:Y,FPPI:Y,CRWA:C,PCRA:C,DHFA:Y,
123	76504	10	TGCP:T,MRLP:T,STT:W,FSSP:T,HNL:T,MPO:T,OICP:T,IRO:T,HGRF:T,PTP:T,RRL:T,RRO:T,CPS:T,PPNP:T,FPPI:T,CRWA:T,PCRA:T,DHFA:T,
124	76561	35	TGCP:G,MRLP:G,STT:G,FSSP:G,HNL:G,MPO:G,OICP:G,IRO:G,HGRF:G,PTP:G,RRL:G,RRO:G,CPS:R,PPNP:G,FPPI:G,CRWA:G,PCRA:G,DHFA:G,
125	76597	19	TGCP:T,MRLP:T,STT:T,FSSP:T,HNL:T,MPO:T,OICP:T,IRO:T,HGRF:T,PTP:T,RRL:T,RRO:T,CPS:T,PPNP:T,FPPI:T,CRWA:T,PCRA:Y,DHFA:T,
126	77288	36	TGCP:G,MRLP:G,STT:G,FSSP:G,HNL:G,MPO:G,OICP:G,IRO:G,HGRF:G,PTP:G,RRL:G,RRO:G,CPS:G,PPNP:G,FPPI:R,CRWA:G,PCRA:G,DHFA:G,
127	77346	16	TGCP:C,MRLP:C,STT:Y,FSSP:C,HNL:C,MPO:Y,OICP:C,IRO:C,HGRF:C,PTP:C,RRL:C,RRO:C,CPS:C,PPNP:C,FPPI:C,CRWA:C,PCRA:C,DHFA:C,
128	77652	44	TGCP:C,MRLP:C,STT:C,FSSP:C,HNL:Y,MPO:C,OICP:C,IRO:C,HGRF:C,PTP:C,RRL:C,RRO:C,CPS:C,PPNP:Y,FPPI:Y,CRWA:C,PCRA:C,DHFA:Y,
129	77780	16	TGCP:G,MRLP:G,STT:G,FSSP:G,HNL:A,MPO:G,OICP:G,IRO:R,HGRF:G,PTP:G,RRL:G,RRO:G,CPS:G,PPNP:A,FPPI:A,CRWA:G,PCRA:G,DHFA:A,
130	78631	40	TGCP:G,MRLP:G,STT:G,FSSP:G,HNL:G,MPO:G,OICP:G,IRO:G,HGRF:G,PTP:G,RRL:K,RRO:K,CPS:G,PPNP:G,FPPI:G,CRWA:G,PCRA:G,DHFA:G,
131	79925	23	TGCP:G,MRLP:G,STT:G,FSSP:G,HNL:R,MPO:G,OICP:G,IRO:G,HGRF:G,PTP:G,RRL:G,RRO:G,CPS:G,PPNP:G,FPPI:G,CRWA:G,PCRA:G,DHFA:R,
132	80195	5	TGCP:M,MRLP:M,STT:C,FSSP:C,HNL:C,MPO:C,OICP:M,IRO:M,HGRF:C,PTP:C,RRL:C,RRO:C,CPS:M,PPNP:C,FPPI:C,CRWA:C,PCRA:C,DHFA:C,
133	80302	16	TGCP:G,MRLP:G,STT:G,FSSP:G,HNL:S,MPO:G,OICP:G,IRO:G,HGRF:G,PTP:G,RRL:G,RRO:G,CPS:G,PPNP:S,FPPI:S,CRWA:G,PCRA:G,DHFA:S,
134	80366	12	TGCP:C,MRLP:C,STT:C,FSSP:C,HNL:C,MPO:C,OICP:C,IRO:Y,HGRF:C,PTP:C,RRL:C,RRO:C,CPS:C,PPNP:C,FPPI:C,CRWA:C,PCRA:C,DHFA:C,
135	80499	10	TGCP:C,MRLP:C,STT:C,FSSP:C,HNL:C,MPO:C,OICP:C,IRO:C,HGRF:C,PTP:C,RRL:C,RRO:C,CPS:C,PPNP:M,FPPI:M,CRWA:C,PCRA:C,DHFA:C,
136	81141	31	TGCP:R,MRLP:G,STT:G,FSSP:G,HNL:G,MPO:G,OICP:G,IRO:G,HGRF:G,PTP:G,RRL:G,RRO:G,CPS:G,PPNP:G,FPPI:G,CRWA:G,PCRA:G,DHFA:G,
137	81390	56	TGCP:A,MRLP:A,STT:A,FSSP:A,HNL:C,MPO:A,OICP:A,IRO:A,HGRF:A,PTP:A,RRL:A,RRO:A,CPS:A,PPNP:C,FPPI:C,CRWA:A,PCRA:A,DHFA:C,
138	81662	33	TGCP:G,MRLP:K,STT:G,FSSP:G,HNL:G,MPO:G,OICP:G,IRO:G,HGRF:G,PTP:G,RRL:G,RRO:G,CPS:G,PPNP:G,FPPI:G,CRWA:G,PCRA:G,DHFA:G,
139	81746	64	TGCP:G,MRLP:G,STT:G,FSSP:G,HNL:A,MPO:G,OICP:G,IRO:G,HGRF:G,PTP:G,RRL:G,RRO:G,CPS:G,PPNP:A,FPPI:A,CRWA:G,PCRA:G,DHFA:R,
140	81969	34	TGCP:G,MRLP:G,STT:G,FSSP:G,HNL:A,MPO:G,OICP:G,IRO:G,HGRF:G,PTP:G,RRL:G,RRO:G,CPS:G,PPNP:A,FPPI:A,CRWA:G,PCRA:G,DHFA:A,
141	82002	8	TGCP:A,MRLP:A,STT:A,FSSP:A,HNL:W,MPO:A,OICP:A,IRO:A,HGRF:A,PTP:A,RRL:A,RRO:A,CPS:A,PPNP:A,FPPI:A,CRWA:A,PCRA:A,DHFA:W,
142	82526	9	TGCP:G,MRLP:G,STT:G,FSSP:G,HNL:G,MPO:G,OICP:S,IRO:G,HGRF:G,PTP:G,RRL:G,RRO:G,CPS:G,PPNP:G,FPPI:G,CRWA:G,PCRA:G,DHFA:G,
143	82631	34	TGCP:G,MRLP:G,STT:G,FSSP:G,HNL:G,MPO:G,OICP:G,IRO:R,HGRF:G,PTP:G,RRL:G,RRO:G,CPS:G,PPNP:G,FPPI:G,CRWA:G,PCRA:G,DHFA:G,
144	82827	44	TGCP:C,MRLP:C,STT:C,FSSP:C,HNL:A,MPO:C,OICP:C,IRO:C,HGRF:C,PTP:C,RRL:C,RRO:C,CPS:C,PPNP:A,FPPI:A,CRWA:C,PCRA:C,DHFA:A,
145	83084	10	TGCP:C,MRLP:C,STT:C,FSSP:C,HNL:T,MPO:C,OICP:C,IRO:C,HGRF:C,PTP:C,RRL:C,RRO:C,CPS:C,PPNP:T,FPPI:T,CRWA:C,PCRA:C,DHFA:T,
146	83247	84	TGCP:T,MRLP:T,STT:T,FSSP:T,HNL:T,MPO:T,OICP:T,IRO:T,HGRF:T,PTP:T,RRL:W,RRO:W,CPS:T,PPNP:T,FPPI:T,CRWA:T,PCRA:T,DHFA:T,
147	83745	53	TGCP:C,MRLP:C,STT:C,FSSP:C,HNL:T,MPO:C,OICP:C,IRO:C,HGRF:C,PTP:C,RRL:C,RRO:C,CPS:Y,PPNP:T,FPPI:T,CRWA:C,PCRA:C,DHFA:T,
148	83762	30	TGCP:A,MRLP:A,STT:A,FSSP:A,HNL:R,MPO:A,OICP:A,IRO:A,HGRF:A,PTP:A,RRL:A,RRO:A,CPS:A,PPNP:A,FPPI:A,CRWA:A,PCRA:A,DHFA:A,
149	83916	5	TGCP:C,MRLP:C,STT:C,FSSP:C,HNL:C,MPO:C,OICP:Y,IRO:C,HGRF:C,PTP:C,RRL:C,RRO:C,CPS:C,PPNP:C,FPPI:C,CRWA:C,PCRA:C,DHFA:C,
150	83938	75	TGCP:C,MRLP:C,STT:C,FSSP:C,HNL:A,MPO:C,OICP:C,IRO:C,HGRF:C,PTP:C,RRL:C,RRO:C,CPS:C,PPNP:A,FPPI:A,CRWA:C,PCRA:C,DHFA:A,
151	84971	7	TGCP:G,MRLP:G,STT:G,FSSP:G,HNL:G,MPO:K,OICP:G,IRO:G,HGRF:G,PTP:G,RRL:G,RRO:G,CPS:G,PPNP:G,FPPI:G,CRWA:K,PCRA:G,DHFA:G,
152	85247	77	TGCP:G,MRLP:G,STT:G,FSSP:G,HNL:G,MPO:G,OICP:G,IRO:G,HGRF:K,PTP:G,RRL:G,RRO:G,CPS:G,PPNP:G,FPPI:G,CRWA:G,PCRA:G,DHFA:G,
153	85248	24	TGCP:A,MRLP:A,STT:A,FSSP:A,HNL:R,MPO:A,OICP:A,IRO:A,HGRF:A,PTP:A,RRL:A,RRO:A,CPS:A,PPNP:A,FPPI:A,CRWA:A,PCRA:A,DHFA:A,
154	85402	12	TGCP:G,MRLP:G,STT:G,FSSP:G,HNL:G,MPO:G,OICP:G,IRO:R,HGRF:G,PTP:G,RRL:G,RRO:G,CPS:G,PPNP:G,FPPI:G,CRWA:G,PCRA:G,DHFA:G,
155	86031	63	TGCP:C,MRLP:C,STT:C,FSSP:C,HNL:Y,MPO:C,OICP:C,IRO:C,HGRF:C,PTP:C,RRL:Y,RRO:Y,CPS:Y,PPNP:T,FPPI:T,CRWA:Y,PCRA:C,DHFA:Y,
156	86155	69	TGCP:G,MRLP:G,STT:G,FSSP:G,HNL:G,MPO:G,OICP:G,IRO:G,HGRF:G,PTP:G,RRL:G,RRO:G,CPS:G,PPNP:G,FPPI:G,CRWA:G,PCRA:G,DHFA:R,
157	86588	18	TGCP:G,MRLP:G,STT:G,FSSP:G,HNL:G,MPO:G,OICP:G,IRO:G,HGRF:G,PTP:G,RRL:G,RRO:G,CPS:G,PPNP:G,FPPI:G,CRWA:R,PCRA:G,DHFA:G,
158	87070	60	TGCP:A,MRLP:A,STT:A,FSSP:A,HNL:A,MPO:A,OICP:A,IRO:A,HGRF:A,PTP:A,RRL:A,RRO:A,CPS:A,PPNP:A,FPPI:A,CRWA:A,PCRA:M,DHFA:A,
159	87441	23	TGCP:A,MRLP:A,STT:A,FSSP:A,HNL:A,MPO:A,OICP:A,IRO:A,HGRF:A,PTP:A,RRL:A,RRO:A,CPS:A,PPNP:A,FPPI:A,CRWA:A,PCRA:A,DHFA:M,
160	87747	31	TGCP:G,MRLP:G,STT:G,FSSP:G,HNL:K,MPO:G,OICP:G,IRO:G,HGRF:G,PTP:G,RRL:G,RRO:G,CPS:G,PPNP:G,FPPI:G,CRWA:G,PCRA:G,DHFA:G,
161	87867	71	TGCP:A,MRLP:A,STT:A,FSSP:A,HNL:C,MPO:A,OICP:A,IRO:A,HGRF:A,PTP:A,RRL:A,RRO:A,CPS:A,PPNP:C,FPPI:C,CRWA:A,PCRA:A,DHFA:C,
162	88455	10	TGCP:C,MRLP:C,STT:C,FSSP:C,HNL:C,MPO:C,OICP:C,IRO:C,HGRF:C,PTP:C,RRL:C,RRO:M,CPS:M,PPNP:C,FPPI:C,CRWA:C,PCRA:C,DHFA:C,
163	89005	12	TGCP:G,MRLP:G,STT:G,FSSP:G,HNL:G,MPO:G,OICP:G,IRO:G,HGRF:G,PTP:G,RRL:G,RRO:G,CPS:G,PPNP:G,FPPI:G,CRWA:G,PCRA:G,DHFA:S,
164	89213	8	TGCP:C,MRLP:C,STT:C,FSSP:C,HNL:Y,MPO:C,OICP:C,IRO:C,HGRF:C,PTP:C,RRL:C,RRO:C,CPS:C,PPNP:C,FPPI:C,CRWA:C,PCRA:C,DHFA:C,
165	89244	51	TGCP:C,MRLP:C,STT:C,FSSP:C,HNL:A,MPO:C,OICP:C,IRO:C,HGRF:C,PTP:C,RRL:C,RRO:C,CPS:C,PPNP:A,FPPI:A,CRWA:C,PCRA:C,DHFA:A,
166	90511	29	TGCP:A,MRLP:A,STT:A,FSSP:A,HNL:M,MPO:A,OICP:A,IRO:A,HGRF:A,PTP:A,RRL:A,RRO:A,CPS:A,PPNP:M,FPPI:M,CRWA:A,PCRA:A,DHFA:M,
167	91322	21	TGCP:T,MRLP:T,STT:T,FSSP:T,HNL:T,MPO:T,OICP:T,IRO:T,HGRF:T,PTP:T,RRL:T,RRO:T,CPS:W,PPNP:T,FPPI:T,CRWA:T,PCRA:T,DHFA:T,
168	91903	12	TGCP:G,MRLP:G,STT:G,FSSP:G,HNL:G,MPO:G,OICP:G,IRO:G,HGRF:G,PTP:G,RRL:G,RRO:G,CPS:G,PPNP:R,FPPI:R,CRWA:G,PCRA:G,DHFA:R,
169	92524	25	TGCP:A,MRLP:A,STT:A,FSSP:A,HNL:W,MPO:A,OICP:A,IRO:A,HGRF:A,PTP:A,RRL:A,RRO:A,CPS:A,PPNP:A,FPPI:A,CRWA:A,PCRA:A,DHFA:A,
170	92533	22	TGCP:G,MRLP:G,STT:G,FSSP:G,HNL:R,MPO:G,OICP:G,IRO:G,HGRF:G,PTP:G,RRL:G,RRO:G,CPS:G,PPNP:G,FPPI:G,CRWA:G,PCRA:G,DHFA:G,
171	92792	22	TGCP:C,MRLP:C,STT:C,FSSP:C,HNL:Y,MPO:C,OICP:C,IRO:C,HGRF:C,PTP:C,RRL:C,RRO:C,CPS:C,PPNP:Y,FPPI:Y,CRWA:C,PCRA:C,DHFA:Y,
172	93214	5	TGCP:T,MRLP:T,STT:T,FSSP:T,HNL:T,MPO:T,OICP:T,IRO:T,HGRF:T,PTP:T,RRL:T,RRO:Y,CPS:Y,PPNP:T,FPPI:T,CRWA:Y,PCRA:Y,DHFA:T,
173	93423	8	TGCP:A,MRLP:A,STT:A,FSSP:A,HNL:G,MPO:A,OICP:A,IRO:A,HGRF:A,PTP:A,RRL:A,RRO:A,CPS:A,PPNP:G,FPPI:G,CRWA:A,PCRA:A,DHFA:G,
174	93475	13	TGCP:C,MRLP:C,STT:C,FSSP:C,HNL:Y,MPO:C,OICP:C,IRO:C,HGRF:C,PTP:C,RRL:C,RRO:C,CPS:C,PPNP:C,FPPI:C,CRWA:C,PCRA:C,DHFA:C,
175	93870	15	TGCP:C,MRLP:C,STT:C,FSSP:C,HNL:C,MPO:C,OICP:C,IRO:Y,HGRF:C,PTP:C,RRL:C,RRO:C,CPS:C,PPNP:C,FPPI:C,CRWA:C,PCRA:C,DHFA:C,
176	95726	85	TGCP:R,MRLP:R,STT:G,FSSP:R,HNL:A,MPO:G,OICP:R,IRO:R,HGRF:R,PTP:R,RRL:R,RRO:R,CPS:R,PPNP:A,FPPI:A,CRWA:R,PCRA:R,DHFA:A,
177	95749	27	TGCP:G,MRLP:G,STT:G,FSSP:G,HNL:G,MPO:G,OICP:G,IRO:G,HGRF:G,PTP:G,RRL:G,RRO:G,CPS:G,PPNP:G,FPPI:G,CRWA:G,PCRA:G,DHFA:R,
178	97419	50	TGCP:G,MRLP:G,STT:G,FSSP:G,HNL:R,MPO:G,OICP:G,IRO:G,HGRF:G,PTP:G,RRL:G,RRO:G,CPS:G,PPNP:G,FPPI:G,CRWA:G,PCRA:G,DHFA:G,
179	97888	8	TGCP:A,MRLP:A,STT:A,FSSP:A,HNL:A,MPO:A,OICP:A,IRO:A,HGRF:A,PTP:A,RRL:A,RRO:A,CPS:A,PPNP:R,FPPI:A,CRWA:A,PCRA:A,DHFA:A,
180	98167	26	TGCP:G,MRLP:G,STT:G,FSSP:G,HNL:G,MPO:G,OICP:G,IRO:K,HGRF:G,PTP:G,RRL:G,RRO:G,CPS:G,PPNP:G,FPPI:G,CRWA:G,PCRA:K,DHFA:G,
181	98686	12	TGCP:G,MRLP:G,STT:G,FSSP:G,HNL:S,MPO:G,OICP:G,IRO:G,HGRF:G,PTP:G,RRL:G,RRO:G,CPS:G,PPNP:C,FPPI:C,CRWA:G,PCRA:G,DHFA:C,
182	98688	32	TGCP:C,MRLP:C,STT:C,FSSP:C,HNL:Y,MPO:C,OICP:C,IRO:C,HGRF:C,PTP:C,RRL:C,RRO:C,CPS:C,PPNP:C,FPPI:C,CRWA:C,PCRA:C,DHFA:C,
183	98988	58	TGCP:C,MRLP:C,STT:C,FSSP:C,HNL:Y,MPO:C,OICP:C,IRO:C,HGRF:C,PTP:C,RRL:C,RRO:C,CPS:C,PPNP:C,FPPI:C,CRWA:C,PCRA:C,DHFA:C,
184	100555	25	TGCP:G,MRLP:G,STT:G,FSSP:G,HNL:R,MPO:G,OICP:G,IRO:G,HGRF:G,PTP:G,RRL:G,RRO:G,CPS:G,PPNP:R,FPPI:G,CRWA:G,PCRA:G,DHFA:R,
185	100662	8	TGCP:C,MRLP:C,STT:C,FSSP:C,HNL:C,MPO:C,OICP:C,IRO:C,HGRF:C,PTP:C,RRL:C,RRO:C,CPS:C,PPNP:T,FPPI:T,CRWA:C,PCRA:C,DHFA:C,
186	102882	10	TGCP:C,MRLP:C,STT:C,FSSP:C,HNL:T,MPO:C,OICP:C,IRO:C,HGRF:C,PTP:C,RRL:C,RRO:C,CPS:C,PPNP:T,FPPI:T,CRWA:C,PCRA:C,DHFA:T,
187	103807	6	TGCP:C,MRLP:C,STT:C,FSSP:C,HNL:C,MPO:C,OICP:C,IRO:C,HGRF:C,PTP:C,RRL:C,RRO:C,CPS:C,PPNP:C,FPPI:C,CRWA:C,PCRA:C,DHFA:Y,
188	103824	15	TGCP:C,MRLP:C,STT:C,FSSP:C,HNL:Y,MPO:C,OICP:C,IRO:C,HGRF:C,PTP:C,RRL:C,RRO:C,CPS:C,PPNP:C,FPPI:C,CRWA:C,PCRA:C,DHFA:Y,
189	103851	18	TGCP:A,MRLP:A,STT:A,FSSP:A,HNL:W,MPO:A,OICP:A,IRO:A,HGRF:A,PTP:A,RRL:A,RRO:A,CPS:A,PPNP:A,FPPI:A,CRWA:A,PCRA:A,DHFA:W,
190	103986	40	TGCP:C,MRLP:C,STT:C,FSSP:C,HNL:S,MPO:C,OICP:C,IRO:C,HGRF:C,PTP:C,RRL:C,RRO:C,CPS:C,PPNP:C,FPPI:C,CRWA:C,PCRA:C,DHFA:S,
191	104421	76	TGCP:C,MRLP:C,STT:C,FSSP:C,HNL:A,MPO:C,OICP:C,IRO:C,HGRF:C,PTP:C,RRL:C,RRO:C,CPS:C,PPNP:A,FPPI:A,CRWA:C,PCRA:C,DHFA:A,
192	105049	17	TGCP:A,MRLP:A,STT:A,FSSP:A,HNL:A,MPO:A,OICP:A,IRO:A,HGRF:A,PTP:A,RRL:A,RRO:A,CPS:A,PPNP:A,FPPI:A,CRWA:A,PCRA:A,DHFA:M,
193	105491	13	TGCP:C,MRLP:C,STT:C,FSSP:C,HNL:Y,MPO:C,OICP:C,IRO:C,HGRF:C,PTP:C,RRL:C,RRO:C,CPS:C,PPNP:C,FPPI:Y,CRWA:C,PCRA:C,DHFA:Y,
194	107229	24	TGCP:C,MRLP:C,STT:C,FSSP:C,HNL:C,MPO:C,OICP:C,IRO:C,HGRF:C,PTP:C,RRL:C,RRO:C,CPS:C,PPNP:C,FPPI:C,CRWA:C,PCRA:C,DHFA:M,
195	107357	58	TGCP:G,MRLP:G,STT:G,FSSP:G,HNL:R,MPO:G,OICP:G,IRO:G,HGRF:G,PTP:G,RRL:G,RRO:G,CPS:G,PPNP:R,FPPI:R,CRWA:G,PCRA:G,DHFA:R,
196	107856	20	TGCP:Y,MRLP:Y,STT:T,FSSP:T,HNL:T,MPO:T,OICP:Y,IRO:Y,HGRF:Y,PTP:T,RRL:Y,RRO:Y,CPS:Y,PPNP:T,FPPI:T,CRWA:T,PCRA:T,DHFA:T,
197	107927	15	TGCP:C,MRLP:Y,STT:C,FSSP:C,HNL:C,MPO:C,OICP:C,IRO:Y,HGRF:C,PTP:C,RRL:C,RRO:C,CPS:C,PPNP:C,FPPI:C,CRWA:C,PCRA:C,DHFA:C,
198	108043	8	TGCP:C,MRLP:C,STT:C,FSSP:C,HNL:C,MPO:Y,OICP:C,IRO:C,HGRF:C,PTP:C,RRL:C,RRO:C,CPS:C,PPNP:C,FPPI:C,CRWA:C,PCRA:C,DHFA:C,
199	108049	79	TGCP:G,MRLP:R,STT:G,FSSP:G,HNL:G,MPO:G,OICP:G,IRO:G,HGRF:G,PTP:G,RRL:G,RRO:G,CPS:G,PPNP:G,FPPI:G,CRWA:G,PCRA:G,DHFA:G,
200	108366	5	TGCP:C,MRLP:C,STT:C,FSSP:C,HNL:C,MPO:C,OICP:C,IRO:C,HGRF:C,PTP:C,RRL:C,RRO:C,CPS:C,PPNP:C,FPPI:C,CRWA:C,PCRA:C,DHFA:M,
201	108403	10	TGCP:C,MRLP:C,STT:Y,FSSP:C,HNL:C,MPO:C,OICP:C,IRO:C,HGRF:C,PTP:C,RRL:C,RRO:C,CPS:C,PPNP:C,FPPI:C,CRWA:C,PCRA:C,DHFA:C,
202	108698	41	TGCP:T,MRLP:T,STT:T,FSSP:T,HNL:A,MPO:T,OICP:T,IRO:T,HGRF:T,PTP:T,RRL:T,RRO:T,CPS:T,PPNP:A,FPPI:A,CRWA:T,PCRA:T,DHFA:A,
203	109128	13	TGCP:G,MRLP:G,STT:G,FSSP:G,HNL:A,MPO:G,OICP:G,IRO:G,HGRF:G,PTP:G,RRL:G,RRO:G,CPS:G,PPNP:A,FPPI:A,CRWA:G,PCRA:G,DHFA:A,
204	109283	38	TGCP:R,MRLP:R,STT:G,FSSP:G,HNL:G,MPO:G,OICP:R,IRO:R,HGRF:R,PTP:G,RRL:R,RRO:G,CPS:G,PPNP:G,FPPI:G,CRWA:R,PCRA:G,DHFA:G,
205	109527	54	TGCP:T,MRLP:T,STT:T,FSSP:T,HNL:T,MPO:T,OICP:T,IRO:T,HGRF:T,PTP:T,RRL:Y,RRO:T,CPS:T,PPNP:T,FPPI:T,CRWA:T,PCRA:T,DHFA:T,
206	109804	31	TGCP:C,MRLP:C,STT:C,FSSP:C,HNL:C,MPO:C,OICP:C,IRO:C,HGRF:C,PTP:C,RRL:C,RRO:C,CPS:C,PPNP:C,FPPI:C,CRWA:C,PCRA:C,DHFA:M,
207	110529	14	TGCP:G,MRLP:G,STT:G,FSSP:G,HNL:C,MPO:G,OICP:G,IRO:G,HGRF:G,PTP:G,RRL:G,RRO:G,CPS:G,PPNP:C,FPPI:C,CRWA:G,PCRA:G,DHFA:C,
208	110767	36	TGCP:C,MRLP:C,STT:C,FSSP:C,HNL:Y,MPO:C,OICP:C,IRO:C,HGRF:C,PTP:C,RRL:C,RRO:C,CPS:C,PPNP:T,FPPI:T,CRWA:C,PCRA:C,DHFA:Y,
209	111772	26	TGCP:G,MRLP:G,STT:G,FSSP:G,HNL:G,MPO:G,OICP:G,IRO:G,HGRF:G,PTP:G,RRL:G,RRO:G,CPS:G,PPNP:R,FPPI:R,CRWA:G,PCRA:G,DHFA:G,
210	112087	13	TGCP:R,MRLP:A,STT:A,FSSP:R,HNL:G,MPO:A,OICP:A,IRO:R,HGRF:A,PTP:A,RRL:A,RRO:R,CPS:R,PPNP:G,FPPI:G,CRWA:R,PCRA:R,DHFA:G,
211	112614	46	TGCP:G,MRLP:G,STT:G,FSSP:G,HNL:G,MPO:G,OICP:G,IRO:G,HGRF:G,PTP:G,RRL:G,RRO:G,CPS:G,PPNP:G,FPPI:G,CRWA:G,PCRA:G,DHFA:R,
212	112906	14	TGCP:K,MRLP:T,STT:T,FSSP:T,HNL:T,MPO:T,OICP:T,IRO:K,HGRF:T,PTP:T,RRL:K,RRO:K,CPS:K,PPNP:T,FPPI:T,CRWA:T,PCRA:K,DHFA:T,
213	113116	20	TGCP:G,MRLP:G,STT:G,FSSP:G,HNL:G,MPO:G,OICP:G,IRO:G,HGRF:G,PTP:G,RRL:G,RRO:G,CPS:G,PPNP:G,FPPI:R,CRWA:G,PCRA:G,DHFA:G,
214	113735	32	TGCP:G,MRLP:G,STT:G,FSSP:G,HNL:G,MPO:G,OICP:G,IRO:G,HGRF:G,PTP:G,RRL:G,RRO:G,CPS:R,PPNP:G,FPPI:G,CRWA:G,PCRA:G,DHFA:G,
215	113780	13	TGCP:T,MRLP:T,STT:T,FSSP:T,HNL:Y,MPO:T,OICP:T,IRO:T,HGRF:T,PTP:T,RRL:T,RRO:T,CPS:T,PPNP:T,FPPI:Y,CRWA:T,PCRA:T,DHFA:Y,
216	114851	82	TGCP:G,MRLP:G,STT:A,FSSP:G,HNL:A,MPO:A,OICP:G,IRO:R,HGRF:G,PTP:G,RRL:R,RRO:R,CPS:R,PPNP:A,FPPI:A,CRWA:R,PCRA:R,DHFA:A,
217	115028	7	TGCP:G,MRLP:G,STT:G,FSSP:G,HNL:G,MPO:G,OICP:G,IRO:G,HGRF:G,PTP:G,RRL:G,RRO:G,CPS:R,PPNP:G,FPPI:G,CRWA:G,PCRA:G,DHFA:G,
218	115179	16	TGCP:G,MRLP:G,STT:G,FSSP:G,HNL:K,MPO:G,OICP:G,IRO:G,HGRF:G,PTP:G,RRL:G,RRO:G,CPS:G,PPNP:G,FPPI:G,CRWA:G,PCRA:G,DHFA:K,
219	115570	8	TGCP:W,MRLP:W,STT:W,FSSP:W,HNL:A,MPO:A,OICP:A,IRO:W,HGRF:A,PTP:A,RRL:A,RRO:A,CPS:W,PPNP:A,FPPI:A,CRWA:W,PCRA:W,DHFA:A,
220	116535	9	TGCP:T,MRLP:T,STT:T,FSSP:T,HNL:T,MPO:T,OICP:T,IRO:T,HGRF:T,PTP:T,RRL:T,RRO:T,CPS:T,PPNP:T,FPPI:T,CRWA:T,PCRA:T,DHFA:K,
221	116753	51	TGCP:R,MRLP:G,STT:G,FSSP:G,HNL:G,MPO:G,OICP:G,IRO:G,HGRF:G,PTP:G,RRL:G,RRO:G,CPS:G,PPNP:G,FPPI:G,CRWA:G,PCRA:G,DHFA:G,
222	116903	10	TGCP:A,MRLP:A,STT:A,FSSP:A,HNL:G,MPO:A,OICP:A,IRO:A,HGRF:A,PTP:A,RRL:A,RRO:A,CPS:A,PPNP:G,FPPI:G,CRWA:A,PCRA:A,DHFA:G,
223	116931	31	TGCP:G,MRLP:G,STT:G,FSSP:G,HNL:G,MPO:G,OICP:G,IRO:G,HGRF:G,PTP:G,RRL:G,RRO:G,CPS:G,PPNP:G,FPPI:G,CRWA:K,PCRA:G,DHFA:G,
224	116938	8	TGCP:Y,MRLP:C,STT:C,FSSP:C,HNL:C,MPO:C,OICP:C,IRO:C,HGRF:C,PTP:C,RRL:Y,RRO:C,CPS:C,PPNP:C,FPPI:C,CRWA:C,PCRA:Y,DHFA:C,
225	117686	59	TGCP:G,MRLP:G,STT:G,FSSP:G,HNL:G,MPO:G,OICP:G,IRO:R,HGRF:G,PTP:G,RRL:R,RRO:R,CPS:G,PPNP:G,FPPI:G,CRWA:R,PCRA:G,DHFA:G,
226	117797	60	TGCP:G,MRLP:G,STT:G,FSSP:G,HNL:G,MPO:G,OICP:G,IRO:G,HGRF:G,PTP:G,RRL:R,RRO:G,CPS:G,PPNP:G,FPPI:G,CRWA:G,PCRA:G,DHFA:G,
227	122302	80	TGCP:T,MRLP:T,STT:T,FSSP:W,HNL:T,MPO:T,OICP:T,IRO:T,HGRF:T,PTP:T,RRL:T,RRO:T,CPS:T,PPNP:T,FPPI:T,CRWA:T,PCRA:T,DHFA:T,
228	122942	42	TGCP:G,MRLP:G,STT:G,FSSP:G,HNL:G,MPO:G,OICP:G,IRO:G,HGRF:G,PTP:G,RRL:G,RRO:G,CPS:G,PPNP:R,FPPI:R,CRWA:G,PCRA:G,DHFA:G,
229	123190	14	TGCP:G,MRLP:G,STT:G,FSSP:G,HNL:G,MPO:G,OICP:G,IRO:G,HGRF:G,PTP:G,RRL:G,RRO:G,CPS:G,PPNP:G,FPPI:G,CRWA:S,PCRA:G,DHFA:G,
230	123271	36	TGCP:A,MRLP:A,STT:A,FSSP:A,HNL:W,MPO:A,OICP:A,IRO:A,HGRF:A,PTP:A,RRL:A,RRO:A,CPS:A,PPNP:A,FPPI:A,CRWA:A,PCRA:A,DHFA:W,
231	124147	18	TGCP:C,MRLP:C,STT:C,FSSP:C,HNL:C,MPO:C,OICP:C,IRO:C,HGRF:C,PTP:C,RRL:C,RRO:C,CPS:C,PPNP:C,FPPI:C,CRWA:C,PCRA:Y,DHFA:C,
232	124184	33	TGCP:T,MRLP:T,STT:T,FSSP:T,HNL:T,MPO:T,OICP:T,IRO:T,HGRF:T,PTP:T,RRL:T,RRO:T,CPS:T,PPNP:T,FPPI:T,CRWA:T,PCRA:T,DHFA:W,
233	125130	43	TGCP:A,MRLP:A,STT:A,FSSP:A,HNL:R,MPO:A,OICP:A,IRO:A,HGRF:A,PTP:A,RRL:A,RRO:A,CPS:A,PPNP:A,FPPI:A,CRWA:A,PCRA:A,DHFA:A,
234	125404	24	TGCP:C,MRLP:C,STT:C,FSSP:C,HNL:C,MPO:C,OICP:C,IRO:C,HGRF:C,PTP:C,RRL:C,RRO:C,CPS:Y,PPNP:C,FPPI:C,CRWA:C,PCRA:C,DHFA:C,
235	125436	43	TGCP:C,MRLP:C,STT:C,FSSP:C,HNL:C,MPO:C,OICP:C,IRO:C,HGRF:C,PTP:C,RRL:M,RRO:M,CPS:M,PPNP:C,FPPI:C,CRWA:C,PCRA:C,DHFA:C,
236	125987	47	TGCP:C,MRLP:C,STT:C,FSSP:C,HNL:C,MPO:C,OICP:C,IRO:C,HGRF:C,PTP:C,RRL:C,RRO:C,CPS:C,PPNP:C,FPPI:C,CRWA:C,PCRA:C,DHFA:Y,
237	126013	18	TGCP:C,MRLP:C,STT:C,FSSP:C,HNL:C,MPO:C,OICP:C,IRO:C,HGRF:C,PTP:C,RRL:C,RRO:C,CPS:C,PPNP:Y,FPPI:Y,CRWA:C,PCRA:C,DHFA:C,
238	126137	19	TGCP:G,MRLP:G,STT:G,FSSP:G,HNL:G,MPO:G,OICP:G,IRO:G,HGRF:G,PTP:G,RRL:G,RRO:K,CPS:G,PPNP:G,FPPI:G,CRWA:G,PCRA:G,DHFA:G,
239	126845	22	TGCP:C,MRLP:C,STT:C,FSSP:C,HNL:C,MPO:C,OICP:C,IRO:C,HGRF:C,PTP:C,RRL:C,RRO:C,CPS:Y,PPNP:C,FPPI:C,CRWA:C,PCRA:C,DHFA:C,
240	127141	25	TGCP:C,MRLP:C,STT:C,FSSP:C,HNL:T,MPO:C,OICP:C,IRO:C,HGRF:C,PTP:C,RRL:C,RRO:C,CPS:C,PPNP:T,FPPI:T,CRWA:C,PCRA:C,DHFA:T,
241	127512	8	TGCP:C,MRLP:C,STT:C,FSSP:C,HNL:C,MPO:C,OICP:C,IRO:C,HGRF:C,PTP:C,RRL:C,RRO:C,CPS:C,PPNP:M,FPPI:C,CRWA:C,PCRA:C,DHFA:C,
242	127692	13	TGCP:A,MRLP:A,STT:A,FSSP:A,HNL:A,MPO:A,OICP:A,IRO:A,HGRF:A,PTP:A,RRL:R,RRO:A,CPS:A,PPNP:A,FPPI:A,CRWA:A,PCRA:A,DHFA:A,
243	128195	18	TGCP:C,MRLP:Y,STT:C,FSSP:Y,HNL:C,MPO:C,OICP:C,IRO:Y,HGRF:C,PTP:C,RRL:Y,RRO:Y,CPS:C,PPNP:C,FPPI:C,CRWA:Y,PCRA:Y,DHFA:C,
244	128198	14	TGCP:C,MRLP:C,STT:C,FSSP:C,HNL:S,MPO:C,OICP:C,IRO:C,HGRF:C,PTP:C,RRL:C,RRO:C,CPS:C,PPNP:S,FPPI:C,CRWA:C,PCRA:C,DHFA:S,
245	128275	5	TGCP:C,MRLP:Y,STT:C,FSSP:C,HNL:T,MPO:C,OICP:C,IRO:C,HGRF:C,PTP:C,RRL:C,RRO:Y,CPS:Y,PPNP:T,FPPI:T,CRWA:C,PCRA:C,DHFA:T,
246	128423	39	TGCP:C,MRLP:M,STT:C,FSSP:C,HNL:C,MPO:C,OICP:C,IRO:C,HGRF:C,PTP:C,RRL:C,RRO:C,CPS:C,PPNP:C,FPPI:C,CRWA:C,PCRA:C,DHFA:C,
247	129860	7	TGCP:C,MRLP:C,STT:C,FSSP:C,HNL:Y,MPO:C,OICP:C,IRO:C,HGRF:C,PTP:C,RRL:C,RRO:C,CPS:C,PPNP:Y,FPPI:Y,CRWA:C,PCRA:C,DHFA:Y,
248	130334	12	TGCP:C,MRLP:C,STT:C,FSSP:C,HNL:Y,MPO:C,OICP:C,IRO:C,HGRF:C,PTP:C,RRL:C,RRO:C,CPS:C,PPNP:C,FPPI:C,CRWA:C,PCRA:C,DHFA:C,
249	130695	11	TGCP:G,MRLP:G,STT:G,FSSP:G,HNL:G,MPO:K,OICP:G,IRO:G,HGRF:G,PTP:G,RRL:K,RRO:K,CPS:G,PPNP:G,FPPI:G,CRWA:G,PCRA:K,DHFA:G,
250	131379	5	TGCP:G,MRLP:G,STT:G,FSSP:G,HNL:G,MPO:G,OICP:G,IRO:G,HGRF:R,PTP:G,RRL:R,RRO:R,CPS:R,PPNP:G,FPPI:G,CRWA:G,PCRA:G,DHFA:G,
251	131572	48	TGCP:R,MRLP:G,STT:G,FSSP:G,HNL:G,MPO:G,OICP:G,IRO:G,HGRF:G,PTP:G,RRL:G,RRO:G,CPS:G,PPNP:G,FPPI:G,CRWA:G,PCRA:G,DHFA:G,
252	132199	62	TGCP:A,MRLP:A,STT:A,FSSP:A,HNL:A,MPO:A,OICP:A,IRO:A,HGRF:A,PTP:A,RRL:A,RRO:A,CPS:A,PPNP:A,FPPI:A,CRWA:A,PCRA:A,DHFA:R,
253	132492	27	TGCP:C,MRLP:C,STT:C,FSSP:C,HNL:C,MPO:C,OICP:C,IRO:C,HGRF:C,PTP:C,RRL:C,RRO:C,CPS:C,PPNP:Y,FPPI:Y,CRWA:C,PCRA:C,DHFA:Y,
254	132961	27	TGCP:G,MRLP:G,STT:G,FSSP:G,HNL:R,MPO:G,OICP:G,IRO:G,HGRF:G,PTP:G,RRL:G,RRO:G,CPS:G,PPNP:A,FPPI:A,CRWA:G,PCRA:G,DHFA:R,
255	133550	15	TGCP:Y,MRLP:Y,STT:C,FSSP:Y,HNL:C,MPO:C,OICP:Y,IRO:C,HGRF:C,PTP:C,RRL:Y,RRO:C,CPS:Y,PPNP:C,FPPI:C,CRWA:Y,PCRA:Y,DHFA:C,
256	134190	73	TGCP:C,MRLP:C,STT:C,FSSP:C,HNL:C,MPO:C,OICP:C,IRO:C,HGRF:C,PTP:C,RRL:C,RRO:C,CPS:C,PPNP:S,FPPI:S,CRWA:C,PCRA:C,DHFA:C,
257	134657	5	TGCP:C,MRLP:C,STT:C,FSSP:C,HNL:G,MPO:C,OICP:C,IRO:C,HGRF:C,PTP:C,RRL:C,RRO:C,CPS:C,PPNP:G,FPPI:G,CRWA:C,PCRA:C,DHFA:G,
258	134917	45	TGCP:T,MRLP:T,STT:Y,FSSP:T,HNL:T,MPO:Y,OICP:T,IRO:T,HGRF:T,PTP:T,RRL:T,RRO:T,CPS:T,PPNP:T,FPPI:T,CRWA:T,PCRA:T,DHFA:T,
259	135566	64	TGCP:C,MRLP:C,STT:C,FSSP:C,HNL:C,MPO:C,OICP:C,IRO:Y,HGRF:C,PTP:C,RRL:C,RRO:C,CPS:C,PPNP:C,FPPI:C,CRWA:C,PCRA:C,DHFA:C,
260	135761	5	TGCP:C,MRLP:C,STT:C,FSSP:C,HNL:M,MPO:C,OICP:C,IRO:C,HGRF:C,PTP:C,RRL:C,RRO:C,CPS:C,PPNP:C,FPPI:C,CRWA:C,PCRA:C,DHFA:M,
261	137191	32	TGCP:T,MRLP:T,STT:T,FSSP:T,HNL:Y,MPO:T,OICP:T,IRO:T,HGRF:T,PTP:T,RRL:T,RRO:T,CPS:T,PPNP:T,FPPI:T,CRWA:T,PCRA:T,DHFA:Y,
262	137219	35	TGCP:G,MRLP:R,STT:G,FSSP:G,HNL:G,MPO:G,OICP:G,IRO:R,HGRF:G,PTP:G,RRL:G,RRO:G,CPS:G,PPNP:G,FPPI:G,CRWA:G,PCRA:G,DHFA:G,
263	137358	21	TGCP:R,MRLP:A,STT:A,FSSP:A,HNL:A,MPO:A,OICP:R,IRO:A,HGRF:R,PTP:R,RRL:A,RRO:A,CPS:A,PPNP:A,FPPI:A,CRWA:A,PCRA:A,DHFA:A,
264	138614	23	TGCP:T,MRLP:T,STT:T,FSSP:T,HNL:Y,MPO:T,OICP:T,IRO:T,HGRF:T,PTP:T,RRL:T,RRO:T,CPS:T,PPNP:Y,FPPI:Y,CRWA:T,PCRA:T,DHFA:T,
265	139081	20	TGCP:G,MRLP:G,STT:G,FSSP:G,HNL:G,MPO:G,OICP:G,IRO:G,HGRF:G,PTP:G,RRL:K,RRO:G,CPS:G,PPNP:G,FPPI:G,CRWA:G,PCRA:K,DHFA:G,
266	139084	52	TGCP:G,MRLP:G,STT:G,FSSP:G,HNL:G,MPO:G,OICP:G,IRO:G,HGRF:G,PTP:G,RRL:G,RRO:G,CPS:G,PPNP:G,FPPI:G,CRWA:K,PCRA:K,DHFA:G,
267	139433	54	TGCP:G,MRLP:G,STT:G,FSSP:G,HNL:R,MPO:G,OICP:G,IRO:G,HGRF:G,PTP:G,RRL:G,RRO:G,CPS:G,PPNP:G,FPPI:G,CRWA:G,PCRA:G,DHFA:G,
268	140063	88	TGCP:T,MRLP:T,STT:T,FSSP:T,HNL:T,MPO:T,OICP:T,IRO:T,HGRF:T,PTP:T,RRL:W,RRO:T,CPS:T,PPNP:T,FPPI:T,CRWA:T,PCRA:T,DHFA:T,
269	140194	73	TGCP:G,MRLP:G,STT:G,FSSP:G,HNL:G,MPO:G,OICP:G,IRO:G,HGRF:G,PTP:G,RRL:G,RRO:G,CPS:G,PPNP:G,FPPI:K,CRWA:G,PCRA:G,DHFA:G,
270	141313	8	TGCP:G,MRLP:G,STT:G,FSSP:G,HNL:G,MPO:G,OICP:G,IRO:G,HGRF:G,PTP:G,RRL:G,RRO:G,CPS:G,PPNP:G,FPPI:G,CRWA:G,PCRA:G,DHFA:R,
271	141892	12	TGCP:G,MRLP:G,STT:G,FSSP:G,HNL:R,MPO:G,OICP:G,IRO:G,HGRF:R,PTP:G,RRL:G,RRO:G,CPS:G,PPNP:G,FPPI:R,CRWA:G,PCRA:G,DHFA:G,
272	141897	16	TGCP:C,MRLP:C,STT:C,FSSP:C,HNL:T,MPO:C,OICP:C,IRO:C,HGRF:C,PTP:C,RRL:C,RRO:C,CPS:C,PPNP:T,FPPI:T,CRWA:C,PCRA:C,DHFA:T,
273	143267	30	TGCP:A,MRLP:A,STT:A,FSSP:A,HNL:A,MPO:A,OICP:A,IRO:A,HGRF:A,PTP:A,RRL:A,RRO:A,CPS:R,PPNP:A,FPPI:A,CRWA:A,PCRA:A,DHFA:A,
274	144179	34	TGCP:G,MRLP:G,STT:G,FSSP:G,HNL:G,MPO:G,OICP:G,IRO:G,HGRF:G,PTP:G,RRL:G,RRO:G,CPS:G,PPNP:R,FPPI:R,CRWA:G,PCRA:G,DHFA:G,
275	144493	67	TGCP:A,MRLP:A,STT:A,FSSP:A,HNL:A,MPO:A,OICP:A,IRO:A,HGRF:A,PTP:A,RRL:A,RRO:A,CPS:A,PPNP:A,FPPI:A,CRWA:R,PCRA:A,DHFA:A,
276	144708	8	TGCP:T,MRLP:T,STT:T,FSSP:T,HNL:K,MPO:T,OICP:T,IRO:T,HGRF:T,PTP:T,RRL:T,RRO:T,CPS:T,PPNP:G,FPPI:K,CRWA:T,PCRA:T,DHFA:K,
277	145284	28	TGCP:C,MRLP:C,STT:C,FSSP:C,HNL:C,MPO:C,OICP:C,IRO:C,HGRF:C,PTP:C,RRL:C,RRO:C,CPS:C,PPNP:C,FPPI:C,CRWA:C,PCRA:Y,DHFA:C,
278	145502	12	TGCP:C,MRLP:C,STT:C,FSSP:C,HNL:T,MPO:C,OICP:C,IRO:C,HGRF:C,PTP:C,RRL:C,RRO:C,CPS:C,PPNP:T,FPPI:T,CRWA:C,PCRA:C,DHFA:T,
279	145820	15	TGCP:C,MRLP:C,STT:C,FSSP:C,HNL:T,MPO:C,OICP:C,IRO:C,HGRF:C,PTP:C,RRL:C,RRO:C,CPS:C,PPNP:T,FPPI:T,CRWA:C,PCRA:C,DHFA:T,
280	145957	11	TGCP:C,MRLP:C,STT:C,FSSP:C,HNL:C,MPO:C,OICP:Y,IRO:C,HGRF:C,PTP:C,RRL:C,RRO:C,CPS:C,PPNP:C,FPPI:C,CRWA:C,PCRA:C,DHFA:C,
281	159922	73	TGCP:C,MRLP:C,STT:C,FSSP:C,HNL:C,MPO:C,OICP:C,IRO:C,HGRF:C,PTP:C,RRL:C,RRO:C,CPS:C,PPNP:C,FPPI:C,CRWA:M,PCRA:C,DHFA:C,
282	160306	34	TGCP:G,MRLP:G,STT:G,FSSP:G,HNL:G,MPO:G,OICP:G,IRO:R,HGRF:G,PTP:G,RRL:G,RRO:R,CPS:R,PPNP:G,FPPI:G,CRWA:G,PCRA:G,DHFA:G,
283	162107	37	TGCP:G,MRLP:G,STT:G,FSSP:G,HNL:G,MPO:G,OICP:G,IRO:G,HGRF:G,PTP:G,RRL:R,RRO:G,CPS:R,PPNP:G,FPPI:G,CRWA:G,PCRA:G,DHFA:G,
284	163290	36	TGCP:C,MRLP:C,STT:C,FSSP:C,HNL:C,MPO:C,OICP:C,IRO:C,HGRF:C,PTP:C,RRL:C,RRO:C,CPS:C,PPNP:C,FPPI:C,CRWA:Y,PCRA:Y,DHFA:C,
285	163453	13	TGCP:G,MRLP:G,STT:G,FSSP:G,HNL:G,MPO:G,OICP:G,IRO:G,HGRF:G,PTP:G,RRL:G,RRO:G,CPS:G,PPNP:G,FPPI:G,CRWA:K,PCRA:G,DHFA:G,
286	163580	14	TGCP:G,MRLP:G,STT:G,FSSP:G,HNL:G,MPO:G,OICP:G,IRO:G,HGRF:G,PTP:R,RRL:G,RRO:G,CPS:G,PPNP:G,FPPI:G,CRWA:G,PCRA:G,DHFA:G,
287	164014	72	TGCP:G,MRLP:G,STT:G,FSSP:G,HNL:G,MPO:G,OICP:G,IRO:G,HGRF:G,PTP:G,RRL:G,RRO:G,CPS:G,PPNP:G,FPPI:G,CRWA:R,PCRA:G,DHFA:G,
288	164461	13	TGCP:A,MRLP:A,STT:A,FSSP:R,HNL:A,MPO:A,OICP:A,IRO:A,HGRF:A,PTP:A,RRL:A,RRO:A,CPS:A,PPNP:A,FPPI:A,CRWA:A,PCRA:A,DHFA:A,
289	165088	7	TGCP:T,MRLP:T,STT:T,FSSP:T,HNL:C,MPO:T,OICP:T,IRO:T,HGRF:T,PTP:T,RRL:T,RRO:T,CPS:T,PPNP:C,FPPI:C,CRWA:T,PCRA:T,DHFA:C,
290	165394	46	TGCP:G,MRLP:G,STT:G,FSSP:G,HNL:R,MPO:G,OICP:G,IRO:G,HGRF:G,PTP:G,RRL:G,RRO:G,CPS:G,PPNP:G,FPPI:R,CRWA:G,PCRA:G,DHFA:R,
291	165413	43	TGCP:T,MRLP:T,STT:T,FSSP:T,HNL:T,MPO:T,OICP:T,IRO:T,HGRF:T,PTP:T,RRL:Y,RRO:T,CPS:T,PPNP:T,FPPI:T,CRWA:T,PCRA:T,DHFA:T,
292	165931	39	TGCP:G,MRLP:G,STT:G,FSSP:G,HNL:G,MPO:G,OICP:G,IRO:G,HGRF:G,PTP:G,RRL:G,RRO:G,CPS:G,PPNP:R,FPPI:R,CRWA:G,PCRA:G,DHFA:G,
293	166934	5	TGCP:A,MRLP:A,STT:A,FSSP:A,HNL:A,MPO:A,OICP:A,IRO:A,HGRF:A,PTP:A,RRL:A,RRO:A,CPS:A,PPNP:A,FPPI:A,CRWA:A,PCRA:A,DHFA:R,
294	168629	44	TGCP:C,MRLP:C,STT:C,FSSP:Y,HNL:C,MPO:C,OICP:C,IRO:C,HGRF:C,PTP:C,RRL:Y,RRO:C,CPS:C,PPNP:C,FPPI:C,CRWA:C,PCRA:C,DHFA:C,
295	168991	77	TGCP:W,MRLP:T,STT:T,FSSP:W,HNL:T,MPO:T,OICP:T,IRO:W,HGRF:T,PTP:T,RRL:W,RRO:W,CPS:W,PPNP:T,FPPI:T,CRWA:T,PCRA:T,DHFA:T,
296	169478	88	TGCP:C,MRLP:C,STT:C,FSSP:C,HNL:C,MPO:C,OICP:C,IRO:C,HGRF:C,PTP:C,RRL:C,RRO:C,CPS:C,PPNP:C,FPPI:M,CRWA:C,PCRA:C,DHFA:C,
297	169898	8	TGCP:G,MRLP:G,STT:G,FSSP:R,HNL:G,MPO:G,OICP:G,IRO:G,HGRF:G,PTP:G,RRL:R,RRO:R,CPS:G,PPNP:G,FPPI:G,CRWA:G,PCRA:G,DHFA:G,
298	169921	69	TGCP:R,MRLP:G,STT:G,FSSP:G,HNL:G,MPO:G,OICP:G,IRO:R,HGRF:G,PTP:G,RRL:G,RRO:G,CPS:G,PPNP:G,FPPI:G,CRWA:R,PCRA:G,DHFA:G,
299	170224	42	TGCP:A,MRLP:A,STT:A,FSSP:R,HNL:A,MPO:A,OICP:A,IRO:R,HGRF:A,PTP:A,RRL:R,RRO:A,CPS:A,PPNP:A,FPPI:A,CRWA:R,PCRA:A,DHFA:A,
300	170878	60	TGCP:G,MRLP:G,STT:G,FSSP:G,HNL:G,MPO:G,OICP:G,IRO:G,HGRF:G,PTP:G,RRL:G,RRO:G,CPS:G,PPNP:R,FPPI:G,CRWA:G,PCRA:G,DHFA:G,
301	171021	54	TGCP:A,MRLP:A,STT:R,FSSP:R,HNL:G,MPO:R,OICP:A,IRO:R,HGRF:A,PTP:A,RRL:R,RRO:A,CPS:A,PPNP:G,FPPI:G,CRWA:R,PCRA:A,DHFA:G,
302	171750	36	TGCP:C,MRLP:C,STT:C,FSSP:C,HNL:C,MPO:C,OICP:C,IRO:C,HGRF:C,PTP:C,RRL:C,RRO:C,CPS:C,PPNP:C,FPPI:M,CRWA:C,PCRA:C,DHFA:C,
303	172196	44	TGCP:T,MRLP:T,STT:T,FSSP:T,HNL:C,MPO:T,OICP:T,IRO:T,HGRF:T,PTP:T,RRL:T,RRO:T,CPS:T,PPNP:C,FPPI:C,CRWA:T,PCRA:T,DHFA:C,
304	173220	7	TGCP:G,MRLP:G,STT:G,FSSP:G,HNL:K,MPO:G,OICP:G,IRO:G,HGRF:G,PTP:G,RRL:G,RRO:G,CPS:G,PPNP:G,FPPI:G,CRWA:G,PCRA:G,DHFA:G,
305	173562	45	TGCP:T,MRLP:T,STT:T,FSSP:W,HNL:T,MPO:T,OICP:T,IRO:T,HGRF:W,PTP:T,RRL:T,RRO:T,CPS:T,PPNP:T,FPPI:T,CRWA:T,PCRA:T,DHFA:T,
306	174083	22	TGCP:G,MRLP:G,STT:G,FSSP:G,HNL:R,MPO:G,OICP:G,IRO:G,HGRF:G,PTP:G,RRL:G,RRO:G,CPS:G,PPNP:G,FPPI:G,CRWA:G,PCRA:G,DHFA:G,
307	174223	24	TGCP:G,MRLP:G,STT:R,FSSP:G,HNL:G,MPO:G,OICP:G,IRO:G,HGRF:G,PTP:G,RRL:G,RRO:G,CPS:G,PPNP:G,FPPI:G,CRWA:G,PCRA:G,DHFA:G,
308	174263	44	TGCP:C,MRLP:C,STT:C,FSSP:C,HNL:C,MPO:C,OICP:C,IRO:C,HGRF:C,PTP:C,RRL:C,RRO:C,CPS:C,PPNP:Y,FPPI:Y,CRWA:C,PCRA:C,DHFA:C,
309	174837	14	TGCP:C,MRLP:C,STT:C,FSSP:C,HNL:C,MPO:C,OICP:C,IRO:C,HGRF:C,PTP:C,RRL:C,RRO:C,CPS:C,PPNP:C,FPPI:C,CRWA:C,PCRA:C,DHFA:Y,
310	175657	6	TGCP:A,MRLP:A,STT:A,FSSP:A,HNL:A,MPO:A,OICP:A,IRO:A,HGRF:A,PTP:A,RRL:M,RRO:M,CPS:M,PPNP:A,FPPI:A,CRWA:A,PCRA:A,DHFA:A,
311	175739	12	TGCP:G,MRLP:G,STT:G,FSSP:G,HNL:G,MPO:G,OICP:G,IRO:G,HGRF:G,PTP:G,RRL:G,RRO:R,CPS:G,PPNP:G,FPPI:G,CRWA:G,PCRA:G,DHFA:G,
312	176570	23	TGCP:C,MRLP:C,STT:C,FSSP:C,HNL:C,MPO:C,OICP:Y,IRO:C,HGRF:C,PTP:C,RRL:C,RRO:C,CPS:C,PPNP:C,FPPI:C,CRWA:C,PCRA:C,DHFA:C,
313	176775	13	TGCP:C,MRLP:C,STT:C,FSSP:C,HNL:Y,MPO:C,OICP:C,IRO:C,HGRF:C,PTP:C,RRL:C,RRO:C,CPS:C,PPNP:C,FPPI:C,CRWA:C,PCRA:C,DHFA:Y,
314	177194	34	TGCP:C,MRLP:C,STT:S,FSSP:C,HNL:C,MPO:C,OICP:C,IRO:C,HGRF:C,PTP:C,RRL:C,RRO:C,CPS:S,PPNP:C,FPPI:C,CRWA:C,PCRA:C,DHFA:C,
315	177893	61	TGCP:C,MRLP:C,STT:C,FSSP:C,HNL:S,MPO:C,OICP:C,IRO:C,HGRF:C,PTP:C,RRL:C,RRO:C,CPS:C,PPNP:C,FPPI:C,CRWA:C,PCRA:C,DHFA:C,
316	178448	19	TGCP:G,MRLP:G,STT:G,FSSP:G,HNL:G,MPO:G,OICP:G,IRO:G,HGRF:G,PTP:G,RRL:G,RRO:G,CPS:G,PPNP:G,FPPI:G,CRWA:G,PCRA:G,DHFA:R,
317	178895	75	TGCP:C,MRLP:C,STT:C,FSSP:C,HNL:T,MPO:C,OICP:C,IRO:C,HGRF:C,PTP:C,RRL:C,RRO:C,CPS:C,PPNP:T,FPPI:T,CRWA:C,PCRA:C,DHFA:Y,
318	179162	16	TGCP:G,MRLP:G,STT:G,FSSP:G,HNL:G,MPO:G,OICP:G,IRO:G,HGRF:G,PTP:G,RRL:G,RRO:G,CPS:G,PPNP:G,FPPI:G,CRWA:G,PCRA:G,DHFA:R,
319	179286	31	TGCP:G,MRLP:G,STT:G,FSSP:G,HNL:G,MPO:G,OICP:G,IRO:G,HGRF:G,PTP:G,RRL:G,RRO:R,CPS:R,PPNP:G,FPPI:G,CRWA:G,PCRA:G,DHFA:G,
320	179594	17	TGCP:G,MRLP:G,STT:G,FSSP:G,HNL:G,MPO:G,OICP:G,IRO:R,HGRF:G,PTP:G,RRL:G,RRO:G,CPS:R,PPNP:G,FPPI:G,CRWA:R,PCRA:R,DHFA:G,
321	180413	54	TGCP:A,MRLP:A,STT:A,FSSP:A,HNL:A,MPO:A,OICP:A,IRO:A,HGRF:A,PTP:A,RRL:A,RRO:A,CPS:A,PPNP:A,FPPI:A,CRWA:A,PCRA:A,DHFA:W,
322	181507	41	TGCP:A,MRLP:A,STT:A,FSSP:A,HNL:A,MPO:A,OICP:A,IRO:A,HGRF:A,PTP:A,RRL:A,RRO:A,CPS:A,PPNP:R,FPPI:A,CRWA:A,PCRA:A,DHFA:A,
323	182862	79	TGCP:C,MRLP:C,STT:C,FSSP:C,HNL:C,MPO:C,OICP:C,IRO:C,HGRF:C,PTP:C,RRL:C,RRO:C,CPS:C,PPNP:C,FPPI:C,CRWA:C,PCRA:C,DHFA:Y,
324	183061	38	TGCP:A,MRLP:A,STT:A,FSSP:A,HNL:M,MPO:A,OICP:A,IRO:A,HGRF:A,PTP:A,RRL:A,RRO:A,CPS:A,PPNP:M,FPPI:M,CRWA:A,PCRA:A,DHFA:M,
325	183115	15	TGCP:G,MRLP:G,STT:G,FSSP:G,HNL:G,MPO:G,OICP:G,IRO:G,HGRF:G,PTP:G,RRL:G,RRO:G,CPS:G,PPNP:T,FPPI:G,CRWA:G,PCRA:G,DHFA:G,
326	183288	63	TGCP:A,MRLP:A,STT:A,FSSP:A,HNL:R,MPO:A,OICP:A,IRO:A,HGRF:A,PTP:A,RRL:A,RRO:A,CPS:A,PPNP:A,FPPI:A,CRWA:A,PCRA:A,DHFA:A,
327	183906	55	TGCP:C,MRLP:C,STT:C,FSSP:C,HNL:M,MPO:C,OICP:C,IRO:C,HGRF:C,PTP:C,RRL:C,RRO:C,CPS:C,PPNP:C,FPPI:C,CRWA:C,PCRA:C,DHFA:C,
328	183990	7	TGCP:G,MRLP:R,STT:G,FSSP:G,HNL:G,MPO:G,OICP:G,IRO:G,HGRF:G,PTP:G,RRL:G,RRO:G,CPS:G,PPNP:G,FPPI:G,CRWA:G,PCRA:G,DHFA:G,
329	184048	19	TGCP:T,MRLP:T,STT:T,FSSP:T,HNL:T,MPO:T,OICP:T,IRO:T,HGRF:T,PTP:T,RRL:T,RRO:T,CPS:T,PPNP:W,FPPI:W,CRWA:T,PCRA:T,DHFA:T,
330	184076	66	TGCP:C,MRLP:C,STT:C,FSSP:C,HNL:T,MPO:C,OICP:C,IRO:C,HGRF:C,PTP:C,RRL:C,RRO:C,CPS:C,PPNP:T,FPPI:T,CRWA:C,PCRA:C,DHFA:T,
331	185147	43	TGCP:G,MRLP:G,STT:G,FSSP:G,HNL:R,MPO:G,OICP:G,IRO:G,HGRF:G,PTP:G,RRL:G,RRO:G,CPS:G,PPNP:A,FPPI:R,CRWA:G,PCRA:G,DHFA:R,
332	185904	60	TGCP:G,MRLP:G,STT:G,FSSP:G,HNL:G,MPO:G,OICP:G,IRO:G,HGRF:G,PTP:G,RRL:G,RRO:G,CPS:G,PPNP:G,FPPI:G,CRWA:R,PCRA:G,DHFA:G,
333	186178	27	TGCP:C,MRLP:C,STT:C,FSSP:C,HNL:C,MPO:C,OICP:C,IRO:C,HGRF:C,PTP:C,RRL:C,RRO:C,CPS:Y,PPNP:C,FPPI:C,CRWA:C,PCRA:C,DHFA:C,
334	186415	45	TGCP:C,MRLP:C,STT:C,FSSP:C,HNL:Y,MPO:C,OICP:C,IRO:C,HGRF:C,PTP:Y,RRL:C,RRO:C,CPS:C,PPNP:C,FPPI:C,CRWA:C,PCRA:C,DHFA:C,
335	187707	29	TGCP:G,MRLP:G,STT:G,FSSP:G,HNL:G,MPO:G,OICP:G,IRO:G,HGRF:G,PTP:G,RRL:G,RRO:G,CPS:G,PPNP:G,FPPI:G,CRWA:G,PCRA:G,DHFA:R,
336	190378	42	TGCP:A,MRLP:A,STT:A,FSSP:A,HNL:R,MPO:A,OICP:A,IRO:A,HGRF:A,PTP:A,RRL:A,RRO:A,CPS:A,PPNP:A,FPPI:A,CRWA:A,PCRA:A,DHFA:A,
337	190639	22	TGCP:G,MRLP:G,STT:R,FSSP:G,HNL:G,MPO:R,OICP:G,IRO:G,HGRF:G,PTP:G,RRL:G,RRO:G,CPS:G,PPNP:G,FPPI:G,CRWA:G,PCRA:G,DHFA:G,
338	191465	12	TGCP:R,MRLP:R,STT:R,FSSP:R,HNL:R,MPO:G,OICP:R,IRO:R,HGRF:R,PTP:R,RRL:G,RRO:R,CPS:R,PPNP:R,FPPI:R,CRWA:R,PCRA:R,DHFA:R,
339	191703	64	TGCP:C,MRLP:C,STT:C,FSSP:C,HNL:C,MPO:C,OICP:C,IRO:C,HGRF:C,PTP:C,RRL:C,RRO:C,CPS:Y,PPNP:C,FPPI:C,CRWA:C,PCRA:Y,DHFA:C,
340	191960	13	TGCP:M,MRLP:A,STT:M,FSSP:M,HNL:A,MPO:A,OICP:A,IRO:M,HGRF:A,PTP:M,RRL:M,RRO:M,CPS:M,PPNP:A,FPPI:A,CRWA:M,PCRA:M,DHFA:A,
341	193106	24	TGCP:A,MRLP:A,STT:A,FSSP:A,HNL:R,MPO:A,OICP:A,IRO:A,HGRF:A,PTP:A,RRL:A,RRO:A,CPS:A,PPNP:G,FPPI:R,CRWA:A,PCRA:A,DHFA:R,
342	193316	79	TGCP:A,MRLP:A,STT:A,FSSP:A,HNL:T,MPO:A,OICP:A,IRO:A,HGRF:A,PTP:A,RRL:A,RRO:A,CPS:A,PPNP:T,FPPI:T,CRWA:A,PCRA:A,DHFA:T,
343	193338	15	TGCP:T,MRLP:T,STT:T,FSSP:T,HNL:G,MPO:K,OICP:T,IRO:T,HGRF:T,PTP:T,RRL:T,RRO:T,CPS:K,PPNP:G,FPPI:G,CRWA:T,PCRA:T,DHFA:G,
344	193765	9	TGCP:G,MRLP:G,STT:G,FSSP:G,HNL:R,MPO:G,OICP:G,IRO:G,HGRF:G,PTP:G,RRL:G,RRO:G,CPS:G,PPNP:R,FPPI:R,CRWA:G,PCRA:G,DHFA:R,
345	193854	7	TGCP:C,MRLP:C,STT:C,FSSP:C,HNL:Y,MPO:C,OICP:C,IRO:C,HGRF:C,PTP:C,RRL:C,RRO:C,CPS:C,PPNP:Y,FPPI:C,CRWA:C,PCRA:C,DHFA:C,
346	194373	16	TGCP:T,MRLP:T,STT:T,FSSP:T,HNL:Y,MPO:T,OICP:T,IRO:T,HGRF:T,PTP:T,RRL:T,RRO:T,CPS:T,PPNP:Y,FPPI:Y,CRWA:T,PCRA:T,DHFA:Y,
347	194413	20	TGCP:C,MRLP:C,STT:C,FSSP:C,HNL:T,MPO:C,OICP:C,IRO:C,HGRF:C,PTP:C,RRL:C,RRO:C,CPS:C,PPNP:Y,FPPI:Y,CRWA:C,PCRA:C,DHFA:T,
348	194868	38	TGCP:G,MRLP:G,STT:G,FSSP:G,HNL:G,MPO:G,OICP:G,IRO:G,HGRF:G,PTP:G,RRL:R,RRO:R,CPS:G,PPNP:G,FPPI:G,CRWA:G,PCRA:G,DHFA:G,
349	195044	20	TGCP:G,MRLP:G,STT:G,FSSP:G,HNL:R,MPO:G,OICP:G,IRO:G,HGRF:G,PTP:G,RRL:G,RRO:G,CPS:G,PPNP:G,FPPI:G,CRWA:G,PCRA:G,DHFA:R,
350	195148	8	TGCP:C,MRLP:C,STT:C,FSSP:C,HNL:Y,MPO:C,OICP:C,IRO:C,HGRF:C,PTP:C,RRL:C,RRO:C,CPS:C,PPNP:T,FPPI:Y,CRWA:C,PCRA:C,DHFA:Y,
351	195463	36	TGCP:G,MRLP:G,STT:G,FSSP:G,HNL:G,MPO:G,OICP:G,IRO:G,HGRF:G,PTP:G,RRL:G,RRO:G,CPS:R,PPNP:G,FPPI:G,CRWA:G,PCRA:G,DHFA:G,
352	195727	20	TGCP:C,MRLP:C,STT:C,FSSP:C,HNL:Y,MPO:C,OICP:C,IRO:C,HGRF:C,PTP:C,RRL:C,RRO:C,CPS:C,PPNP:C,FPPI:C,CRWA:C,PCRA:C,DHFA:C,
353	197508	5	TGCP:G,MRLP:G,STT:G,FSSP:G,HNL:G,MPO:G,OICP:G,IRO:G,HGRF:G,PTP:G,RRL:R,RRO:G,CPS:G,PPNP:G,FPPI:G,CRWA:G,PCRA:G,DHFA:G,
354	199140	10	TGCP:C,MRLP:C,STT:C,FSSP:C,HNL:C,MPO:C,OICP:C,IRO:Y,HGRF:C,PTP:C,RRL:C,RRO:C,CPS:C,PPNP:C,FPPI:C,CRWA:C,PCRA:C,DHFA:C,
355	199200	28	TGCP:C,MRLP:C,STT:C,FSSP:C,HNL:C,MPO:C,OICP:C,IRO:C,HGRF:C,PTP:C,RRL:C,RRO:C,CPS:C,PPNP:Y,FPPI:Y,CRWA:C,PCRA:C,DHFA:C,
356	199429	51	TGCP:C,MRLP:C,STT:C,FSSP:C,HNL:C,MPO:C,OICP:C,IRO:C,HGRF:C,PTP:C,RRL:C,RRO:C,CPS:C,PPNP:C,FPPI:C,CRWA:M,PCRA:C,DHFA:C,
357	199635	9	TGCP:G,MRLP:G,STT:G,FSSP:G,HNL:R,MPO:G,OICP:G,IRO:G,HGRF:G,PTP:G,RRL:G,RRO:G,CPS:G,PPNP:G,FPPI:G,CRWA:G,PCRA:G,DHFA:R,
358	200923	8	TGCP:A,MRLP:A,STT:A,FSSP:A,HNL:A,MPO:A,OICP:A,IRO:A,HGRF:A,PTP:A,RRL:A,RRO:A,CPS:A,PPNP:A,FPPI:A,CRWA:A,PCRA:W,DHFA:A,
359	201090	64	TGCP:C,MRLP:C,STT:C,FSSP:M,HNL:C,MPO:C,OICP:C,IRO:C,HGRF:C,PTP:C,RRL:C,RRO:C,CPS:C,PPNP:C,FPPI:C,CRWA:C,PCRA:C,DHFA:C,
360	201220	16	TGCP:G,MRLP:G,STT:G,FSSP:G,HNL:A,MPO:G,OICP:G,IRO:G,HGRF:G,PTP:G,RRL:G,RRO:G,CPS:G,PPNP:R,FPPI:R,CRWA:G,PCRA:G,DHFA:R,
361	201549	57	TGCP:G,MRLP:G,STT:G,FSSP:G,HNL:G,MPO:G,OICP:G,IRO:G,HGRF:G,PTP:G,RRL:G,RRO:G,CPS:K,PPNP:G,FPPI:G,CRWA:G,PCRA:G,DHFA:G,
362	201909	15	TGCP:A,MRLP:M,STT:A,FSSP:A,HNL:A,MPO:A,OICP:A,IRO:A,HGRF:A,PTP:A,RRL:A,RRO:A,CPS:A,PPNP:A,FPPI:A,CRWA:A,PCRA:A,DHFA:A,
363	202758	11	TGCP:G,MRLP:G,STT:G,FSSP:G,HNL:T,MPO:G,OICP:G,IRO:G,HGRF:G,PTP:G,RRL:G,RRO:G,CPS:G,PPNP:T,FPPI:T,CRWA:G,PCRA:G,DHFA:T,
364	203051	78	TGCP:Y,MRLP:Y,STT:Y,FSSP:C,HNL:C,MPO:T,OICP:Y,IRO:Y,HGRF:C,PTP:C,RRL:Y,RRO:T,CPS:C,PPNP:C,FPPI:C,CRWA:Y,PCRA:Y,DHFA:C,
365	203115	13	TGCP:A,MRLP:A,STT:A,FSSP:A,HNL:C,MPO:A,OICP:A,IRO:A,HGRF:A,PTP:A,RRL:A,RRO:A,CPS:A,PPNP:C,FPPI:C,CRWA:A,PCRA:A,DHFA:C,
366	203565	40	TGCP:G,MRLP:G,STT:G,FSSP:G,HNL:G,MPO:G,OICP:G,IRO:G,HGRF:G,PTP:G,RRL:G,RRO:G,CPS:G,PPNP:G,FPPI:G,CRWA:G,PCRA:R,DHFA:G,
367	204038	12	TGCP:G,MRLP:G,STT:G,FSSP:G,HNL:R,MPO:G,OICP:G,IRO:G,HGRF:G,PTP:G,RRL:G,RRO:G,CPS:G,PPNP:G,FPPI:R,CRWA:G,PCRA:G,DHFA:R,
368	204918	60	TGCP:A,MRLP:A,STT:A,FSSP:A,HNL:G,MPO:A,OICP:A,IRO:A,HGRF:A,PTP:A,RRL:A,RRO:A,CPS:A,PPNP:G,FPPI:R,CRWA:A,PCRA:A,DHFA:G,
369	205184	19	TGCP:T,MRLP:T,STT:T,FSSP:T,HNL:K,MPO:T,OICP:T,IRO:T,HGRF:T,PTP:T,RRL:T,RRO:T,CPS:T,PPNP:K,FPPI:K,CRWA:T,PCRA:T,DHFA:K,
370	206303	8	TGCP:G,MRLP:G,STT:G,FSSP:G,HNL:G,MPO:G,OICP:G,IRO:G,HGRF:G,PTP:G,RRL:G,RRO:G,CPS:G,PPNP:G,FPPI:R,CRWA:G,PCRA:G,DHFA:G,
371	206551	17	TGCP:G,MRLP:R,STT:R,FSSP:R,HNL:G,MPO:G,OICP:G,IRO:R,HGRF:G,PTP:G,RRL:G,RRO:G,CPS:R,PPNP:G,FPPI:G,CRWA:R,PCRA:R,DHFA:G,
372	208160	37	TGCP:T,MRLP:T,STT:T,FSSP:T,HNL:C,MPO:T,OICP:T,IRO:T,HGRF:T,PTP:T,RRL:T,RRO:T,CPS:T,PPNP:C,FPPI:C,CRWA:T,PCRA:T,DHFA:C,
373	208573	89	TGCP:T,MRLP:T,STT:T,FSSP:T,HNL:C,MPO:T,OICP:T,IRO:T,HGRF:T,PTP:T,RRL:T,RRO:T,CPS:T,PPNP:C,FPPI:C,CRWA:T,PCRA:T,DHFA:C,
374	208624	37	TGCP:C,MRLP:C,STT:C,FSSP:C,HNL:S,MPO:C,OICP:C,IRO:C,HGRF:C,PTP:C,RRL:C,RRO:C,CPS:C,PPNP:C,FPPI:C,CRWA:C,PCRA:C,DHFA:C,
375	212626	52	TGCP:C,MRLP:C,STT:C,FSSP:C,HNL:C,MPO:C,OICP:C,IRO:C,HGRF:C,PTP:C,RRL:C,RRO:Y,CPS:C,PPNP:C,FPPI:C,CRWA:C,PCRA:Y,DHFA:C,
376	216246	19	TGCP:T,MRLP:Y,STT:T,FSSP:T,HNL:T,MPO:T,OICP:T,IRO:Y,HGRF:T,PTP:T,RRL:T,RRO:T,CPS:T,PPNP:T,FPPI:T,CRWA:T,PCRA:T,DHFA:T,
377	216776	13	TGCP:G,MRLP:G,STT:G,FSSP:G,HNL:K,MPO:K,OICP:G,IRO:G,HGRF:G,PTP:G,RRL:G,RRO:G,CPS:G,PPNP:G,FPPI:K,CRWA:G,PCRA:G,DHFA:K,
378	216810	45	TGCP:T,MRLP:Y,STT:T,FSSP:T,HNL:T,MPO:T,OICP:T,IRO:Y,HGRF:T,PTP:T,RRL:Y,RRO:T,CPS:T,PPNP:T,FPPI:T,CRWA:T,PCRA:Y,DHFA:T,
379	216874	76	TGCP:T,MRLP:T,STT:T,FSSP:T,HNL:T,MPO:T,OICP:T,IRO:T,HGRF:T,PTP:T,RRL:Y,RRO:Y,CPS:T,PPNP:T,FPPI:T,CRWA:T,PCRA:T,DHFA:T,
380	216990	47	TGCP:C,MRLP:C,STT:C,FSSP:C,HNL:G,MPO:C,OICP:C,IRO:C,HGRF:C,PTP:C,RRL:C,RRO:C,CPS:C,PPNP:S,FPPI:S,CRWA:C,PCRA:C,DHFA:S,
381	217291	37	TGCP:G,MRLP:G,STT:G,FSSP:G,HNL:G,MPO:G,OICP:G,IRO:G,HGRF:G,PTP:G,RRL:G,RRO:G,CPS:R,PPNP:G,FPPI:G,CRWA:G,PCRA:G,DHFA:G,
382	217570	13	TGCP:C,MRLP:C,STT:C,FSSP:C,HNL:Y,MPO:C,OICP:C,IRO:C,HGRF:C,PTP:C,RRL:C,RRO:C,CPS:C,PPNP:C,FPPI:C,CRWA:C,PCRA:C,DHFA:Y,
383	218658	27	TGCP:C,MRLP:C,STT:C,FSSP:C,HNL:C,MPO:C,OICP:C,IRO:C,HGRF:C,PTP:C,RRL:C,RRO:Y,CPS:C,PPNP:C,FPPI:C,CRWA:C,PCRA:C,DHFA:C,
384	219281	45	TGCP:A,MRLP:A,STT:A,FSSP:A,HNL:M,MPO:A,OICP:A,IRO:A,HGRF:A,PTP:A,RRL:A,RRO:A,CPS:A,PPNP:A,FPPI:A,CRWA:A,PCRA:A,DHFA:A,
385	220422	65	TGCP:G,MRLP:G,STT:G,FSSP:G,HNL:G,MPO:G,OICP:G,IRO:K,HGRF:G,PTP:G,RRL:G,RRO:G,CPS:G,PPNP:G,FPPI:G,CRWA:G,PCRA:G,DHFA:G,
386	220438	80	TGCP:A,MRLP:A,STT:A,FSSP:A,HNL:A,MPO:A,OICP:A,IRO:A,HGRF:A,PTP:A,RRL:A,RRO:A,CPS:R,PPNP:A,FPPI:A,CRWA:A,PCRA:A,DHFA:A,
387	220502	40	TGCP:K,MRLP:G,STT:G,FSSP:G,HNL:G,MPO:G,OICP:G,IRO:G,HGRF:G,PTP:G,RRL:G,RRO:G,CPS:G,PPNP:G,FPPI:G,CRWA:G,PCRA:G,DHFA:G,
388	220519	81	TGCP:C,MRLP:C,STT:C,FSSP:C,HNL:C,MPO:C,OICP:C,IRO:C,HGRF:C,PTP:C,RRL:C,RRO:C,CPS:C,PPNP:C,FPPI:C,CRWA:C,PCRA:Y,DHFA:Y,
389	221584	9	TGCP:A,MRLP:A,STT:A,FSSP:A,HNL:T,MPO:A,OICP:A,IRO:A,HGRF:A,PTP:A,RRL:A,RRO:A,CPS:A,PPNP:T,FPPI:T,CRWA:A,PCRA:A,DHFA:T,
390	222347	17	TGCP:G,MRLP:G,STT:G,FSSP:G,HNL:R,MPO:G,OICP:G,IRO:G,HGRF:G,PTP:G,RRL:G,RRO:G,CPS:G,PPNP:G,FPPI:G,CRWA:G,PCRA:G,DHFA:R,
391	222896	46	TGCP:T,MRLP:T,STT:T,FSSP:T,HNL:T,MPO:T,OICP:T,IRO:T,HGRF:T,PTP:T,RRL:T,RRO:T,CPS:T,PPNP:T,FPPI:T,CRWA:T,PCRA:T,DHFA:Y,
392	223181	12	TGCP:G,MRLP:G,STT:G,FSSP:G,HNL:R,MPO:G,OICP:G,IRO:G,HGRF:G,PTP:G,RRL:G,RRO:G,CPS:G,PPNP:G,FPPI:G,CRWA:G,PCRA:G,DHFA:R,
393	224162	25	TGCP:C,MRLP:C,STT:C,FSSP:C,HNL:M,MPO:C,OICP:C,IRO:C,HGRF:C,PTP:C,RRL:C,RRO:C,CPS:C,PPNP:M,FPPI:C,CRWA:C,PCRA:C,DHFA:M,
394	224639	35	TGCP:G,MRLP:G,STT:R,FSSP:G,HNL:G,MPO:R,OICP:G,IRO:R,HGRF:G,PTP:G,RRL:R,RRO:G,CPS:G,PPNP:G,FPPI:G,CRWA:G,PCRA:R,DHFA:G,
395	224649	57	TGCP:A,MRLP:A,STT:A,FSSP:A,HNL:A,MPO:A,OICP:A,IRO:A,HGRF:A,PTP:A,RRL:A,RRO:A,CPS:A,PPNP:A,FPPI:W,CRWA:A,PCRA:A,DHFA:A,
396	224874	14	TGCP:G,MRLP:G,STT:G,FSSP:G,HNL:G,MPO:G,OICP:G,IRO:G,HGRF:G,PTP:G,RRL:G,RRO:G,CPS:G,PPNP:R,FPPI:G,CRWA:G,PCRA:G,DHFA:G,
397	224958	17	TGCP:A,MRLP:A,STT:A,FSSP:A,HNL:G,MPO:A,OICP:A,IRO:A,HGRF:A,PTP:A,RRL:A,RRO:A,CPS:A,PPNP:G,FPPI:G,CRWA:A,PCRA:A,DHFA:G,
398	226245	11	TGCP:Y,MRLP:C,STT:C,FSSP:C,HNL:C,MPO:C,OICP:C,IRO:C,HGRF:C,PTP:C,RRL:C,RRO:C,CPS:C,PPNP:C,FPPI:C,CRWA:C,PCRA:C,DHFA:C,
399	226342	59	TGCP:G,MRLP:G,STT:G,FSSP:G,HNL:G,MPO:G,OICP:G,IRO:G,HGRF:G,PTP:G,RRL:G,RRO:G,CPS:G,PPNP:R,FPPI:G,CRWA:G,PCRA:G,DHFA:R,
400	226777	11	TGCP:C,MRLP:C,STT:C,FSSP:C,HNL:A,MPO:C,OICP:C,IRO:C,HGRF:C,PTP:C,RRL:C,RRO:C,CPS:C,PPNP:A,FPPI:A,CRWA:C,PCRA:C,DHFA:A,
401	226838	21	TGCP:Y,MRLP:T,STT:Y,FSSP:Y,HNL:T,MPO:Y,OICP:T,IRO:Y,HGRF:T,PTP:Y,RRL:Y,RRO:Y,CPS:Y,PPNP:T,FPPI:T,CRWA:Y,PCRA:Y,DHFA:T,
402	227021	7	TGCP:C,MRLP:C,STT:C,FSSP:C,HNL:A,MPO:C,OICP:C,IRO:C,HGRF:C,PTP:C,RRL:C,RRO:C,CPS:C,PPNP:A,FPPI:A,CRWA:C,PCRA:C,DHFA:A,
403	227414	25	TGCP:T,MRLP:T,STT:T,FSSP:T,HNL:C,MPO:T,OICP:T,IRO:T,HGRF:T,PTP:T,RRL:T,RRO:T,CPS:T,PPNP:C,FPPI:C,CRWA:T,PCRA:T,DHFA:C,
404	228970	13	TGCP:G,MRLP:G,STT:G,FSSP:G,HNL:G,MPO:G,OICP:G,IRO:G,HGRF:G,PTP:G,RRL:G,RRO:G,CPS:R,PPNP:G,FPPI:G,CRWA:G,PCRA:G,DHFA:G,
405	229002	25	TGCP:G,MRLP:G,STT:G,FSSP:G,HNL:K,MPO:G,OICP:G,IRO:G,HGRF:G,PTP:G,RRL:G,RRO:G,CPS:G,PPNP:G,FPPI:G,CRWA:G,PCRA:G,DHFA:G,
406	229097	27	TGCP:C,MRLP:C,STT:C,FSSP:C,HNL:Y,MPO:C,OICP:C,IRO:C,HGRF:C,PTP:C,RRL:C,RRO:C,CPS:C,PPNP:C,FPPI:C,CRWA:C,PCRA:C,DHFA:C,
407	229177	29	TGCP:C,MRLP:C,STT:Y,FSSP:C,HNL:C,MPO:Y,OICP:C,IRO:C,HGRF:C,PTP:C,RRL:C,RRO:C,CPS:C,PPNP:C,FPPI:C,CRWA:C,PCRA:C,DHFA:C,
408	229612	7	TGCP:A,MRLP:A,STT:A,FSSP:A,HNL:A,MPO:A,OICP:A,IRO:A,HGRF:A,PTP:A,RRL:R,RRO:A,CPS:A,PPNP:A,FPPI:A,CRWA:A,PCRA:A,DHFA:A,
409	229936	67	TGCP:G,MRLP:G,STT:G,FSSP:G,HNL:G,MPO:G,OICP:R,IRO:G,HGRF:G,PTP:G,RRL:G,RRO:G,CPS:G,PPNP:G,FPPI:G,CRWA:G,PCRA:G,DHFA:G,
410	230617	36	TGCP:C,MRLP:C,STT:C,FSSP:C,HNL:C,MPO:C,OICP:C,IRO:Y,HGRF:C,PTP:C,RRL:Y,RRO:Y,CPS:Y,PPNP:C,FPPI:C,CRWA:C,PCRA:C,DHFA:C,
411	231404	10	TGCP:K,MRLP:K,STT:G,FSSP:K,HNL:K,MPO:G,OICP:K,IRO:K,HGRF:T,PTP:K,RRL:K,RRO:K,CPS:K,PPNP:T,FPPI:T,CRWA:K,PCRA:K,DHFA:T,
412	231685	25	TGCP:G,MRLP:G,STT:G,FSSP:G,HNL:R,MPO:G,OICP:G,IRO:G,HGRF:G,PTP:G,RRL:G,RRO:G,CPS:G,PPNP:G,FPPI:G,CRWA:G,PCRA:G,DHFA:R,
413	232937	62	TGCP:A,MRLP:A,STT:R,FSSP:A,HNL:A,MPO:A,OICP:A,IRO:A,HGRF:A,PTP:A,RRL:A,RRO:A,CPS:A,PPNP:A,FPPI:A,CRWA:A,PCRA:A,DHFA:A,
414	232989	73	TGCP:C,MRLP:C,STT:C,FSSP:C,HNL:T,MPO:C,OICP:C,IRO:C,HGRF:C,PTP:C,RRL:C,RRO:C,CPS:C,PPNP:T,FPPI:T,CRWA:C,PCRA:C,DHFA:Y,
415	233194	6	TGCP:G,MRLP:G,STT:G,FSSP:G,HNL:R,MPO:G,OICP:G,IRO:G,HGRF:G,PTP:G,RRL:G,RRO:G,CPS:G,PPNP:R,FPPI:G,CRWA:G,PCRA:G,DHFA:R,
416	233295	80	TGCP:A,MRLP:A,STT:A,FSSP:A,HNL:A,MPO:A,OICP:A,IRO:A,HGRF:A,PTP:A,RRL:A,RRO:A,CPS:A,PPNP:A,FPPI:A,CRWA:A,PCRA:A,DHFA:R,
417	233384	19	TGCP:T,MRLP:T,STT:T,FSSP:T,HNL:A,MPO:T,OICP:T,IRO:W,HGRF:T,PTP:T,RRL:W,RRO:W,CPS:W,PPNP:A,FPPI:A,CRWA:T,PCRA:W,DHFA:A,
418	234346	33	TGCP:T,MRLP:T,STT:T,FSSP:T,HNL:T,MPO:T,OICP:T,IRO:T,HGRF:T,PTP:T,RRL:T,RRO:T,CPS:T,PPNP:Y,FPPI:Y,CRWA:T,PCRA:T,DHFA:T,
419	235099	25	TGCP:T,MRLP:T,STT:T,FSSP:T,HNL:C,MPO:T,OICP:T,IRO:T,HGRF:T,PTP:T,RRL:T,RRO:T,CPS:T,PPNP:C,FPPI:C,CRWA:T,PCRA:T,DHFA:C,
420	235241	77	TGCP:C,MRLP:C,STT:C,FSSP:C,HNL:M,MPO:C,OICP:C,IRO:C,HGRF:C,PTP:C,RRL:C,RRO:C,CPS:C,PPNP:C,FPPI:C,CRWA:C,PCRA:C,DHFA:C,
421	235638	17	TGCP:G,MRLP:G,STT:G,FSSP:G,HNL:G,MPO:G,OICP:G,IRO:G,HGRF:G,PTP:G,RRL:G,RRO:G,CPS:G,PPNP:S,FPPI:G,CRWA:G,PCRA:G,DHFA:G,
422	236207	44	TGCP:R,MRLP:G,STT:G,FSSP:G,HNL:G,MPO:G,OICP:R,IRO:G,HGRF:G,PTP:G,RRL:G,RRO:G,CPS:R,PPNP:G,FPPI:G,CRWA:G,PCRA:R,DHFA:G,
423	236307	12	TGCP:C,MRLP:Y,STT:C,FSSP:C,HNL:C,MPO:C,OICP:C,IRO:Y,HGRF:C,PTP:C,RRL:C,RRO:Y,CPS:C,PPNP:C,FPPI:C,CRWA:C,PCRA:C,DHFA:C,
424	236667	23	TGCP:T,MRLP:T,STT:T,FSSP:T,HNL:A,MPO:T,OICP:T,IRO:T,HGRF:T,PTP:T,RRL:T,RRO:T,CPS:T,PPNP:A,FPPI:A,CRWA:T,PCRA:T,DHFA:A,
425	236931	45	TGCP:G,MRLP:G,STT:G,FSSP:G,HNL:G,MPO:G,OICP:G,IRO:G,HGRF:G,PTP:G,RRL:R,RRO:R,CPS:R,PPNP:G,FPPI:G,CRWA:G,PCRA:R,DHFA:G,
426	236999	38	TGCP:G,MRLP:G,STT:G,FSSP:G,HNL:G,MPO:G,OICP:G,IRO:G,HGRF:G,PTP:G,RRL:G,RRO:G,CPS:G,PPNP:G,FPPI:G,CRWA:G,PCRA:G,DHFA:R,
427	239491	10	TGCP:T,MRLP:T,STT:T,FSSP:T,HNL:T,MPO:T,OICP:T,IRO:T,HGRF:T,PTP:T,RRL:Y,RRO:Y,CPS:Y,PPNP:T,FPPI:T,CRWA:T,PCRA:Y,DHFA:T,
428	240398	42	TGCP:T,MRLP:Y,STT:T,FSSP:T,HNL:T,MPO:T,OICP:T,IRO:Y,HGRF:T,PTP:T,RRL:Y,RRO:Y,CPS:Y,PPNP:T,FPPI:T,CRWA:T,PCRA:Y,DHFA:T,
429	240825	22	TGCP:C,MRLP:C,STT:C,FSSP:C,HNL:C,MPO:C,OICP:C,IRO:C,HGRF:C,PTP:C,RRL:C,RRO:C,CPS:C,PPNP:C,FPPI:C,CRWA:Y,PCRA:C,DHFA:C,
430	240847	57	TGCP:T,MRLP:T,STT:T,FSSP:T,HNL:A,MPO:T,OICP:T,IRO:T,HGRF:T,PTP:T,RRL:T,RRO:T,CPS:T,PPNP:A,FPPI:A,CRWA:T,PCRA:T,DHFA:A,
431	241665	46	TGCP:Y,MRLP:Y,STT:Y,FSSP:Y,HNL:C,MPO:Y,OICP:T,IRO:Y,HGRF:T,PTP:T,RRL:Y,RRO:Y,CPS:C,PPNP:C,FPPI:C,CRWA:Y,PCRA:C,DHFA:C,
432	243039	71	TGCP:G,MRLP:G,STT:G,FSSP:G,HNL:T,MPO:G,OICP:G,IRO:K,HGRF:G,PTP:G,RRL:G,RRO:K,CPS:G,PPNP:T,FPPI:T,CRWA:G,PCRA:G,DHFA:T,
433	244435	48	TGCP:Y,MRLP:T,STT:T,FSSP:T,HNL:T,MPO:T,OICP:T,IRO:T,HGRF:T,PTP:T,RRL:T,RRO:T,CPS:T,PPNP:T,FPPI:T,CRWA:T,PCRA:T,DHFA:T,
434	244498	21	TGCP:C,MRLP:G,STT:G,FSSP:S,HNL:G,MPO:G,OICP:S,IRO:G,HGRF:C,PTP:S,RRL:G,RRO:G,CPS:G,PPNP:G,FPPI:G,CRWA:G,PCRA:G,DHFA:G,
435	245933	16	TGCP:C,MRLP:C,STT:C,FSSP:C,HNL:M,MPO:C,OICP:C,IRO:C,HGRF:C,PTP:C,RRL:C,RRO:C,CPS:C,PPNP:M,FPPI:M,CRWA:C,PCRA:C,DHFA:M,
436	245971	21	TGCP:C,MRLP:C,STT:C,FSSP:C,HNL:S,MPO:C,OICP:C,IRO:C,HGRF:C,PTP:C,RRL:C,RRO:C,CPS:C,PPNP:C,FPPI:C,CRWA:C,PCRA:C,DHFA:S,
437	246433	43	TGCP:C,MRLP:C,STT:C,FSSP:C,HNL:C,MPO:C,OICP:C,IRO:C,HGRF:C,PTP:C,RRL:C,RRO:C,CPS:C,PPNP:C,FPPI:C,CRWA:C,PCRA:C,DHFA:Y,
438	246895	22	TGCP:G,MRLP:K,STT:G,FSSP:G,HNL:G,MPO:G,OICP:G,IRO:G,HGRF:G,PTP:G,RRL:G,RRO:G,CPS:G,PPNP:G,FPPI:G,CRWA:G,PCRA:G,DHFA:G,
439	248131	26	TGCP:C,MRLP:C,STT:C,FSSP:Y,HNL:C,MPO:C,OICP:C,IRO:C,HGRF:C,PTP:C,RRL:C,RRO:Y,CPS:C,PPNP:C,FPPI:C,CRWA:C,PCRA:C,DHFA:C,
440	248854	24	TGCP:C,MRLP:C,STT:C,FSSP:C,HNL:T,MPO:C,OICP:C,IRO:C,HGRF:C,PTP:C,RRL:C,RRO:C,CPS:C,PPNP:T,FPPI:T,CRWA:C,PCRA:C,DHFA:T,
441	250269	15	TGCP:G,MRLP:G,STT:G,FSSP:G,HNL:K,MPO:G,OICP:G,IRO:G,HGRF:G,PTP:G,RRL:G,RRO:G,CPS:G,PPNP:K,FPPI:G,CRWA:G,PCRA:G,DHFA:G,
442	250462	58	TGCP:G,MRLP:G,STT:G,FSSP:G,HNL:G,MPO:G,OICP:G,IRO:G,HGRF:G,PTP:G,RRL:G,RRO:G,CPS:G,PPNP:R,FPPI:R,CRWA:G,PCRA:G,DHFA:R,
443	250505	21	TGCP:R,MRLP:A,STT:A,FSSP:A,HNL:G,MPO:R,OICP:A,IRO:R,HGRF:A,PTP:A,RRL:R,RRO:A,CPS:A,PPNP:G,FPPI:G,CRWA:A,PCRA:A,DHFA:G,
444	250844	49	TGCP:C,MRLP:C,STT:C,FSSP:C,HNL:C,MPO:C,OICP:C,IRO:C,HGRF:C,PTP:C,RRL:M,RRO:C,CPS:C,PPNP:C,FPPI:C,CRWA:C,PCRA:C,DHFA:C,
445	251283	19	TGCP:G,MRLP:G,STT:G,FSSP:G,HNL:G,MPO:G,OICP:G,IRO:G,HGRF:G,PTP:G,RRL:G,RRO:G,CPS:G,PPNP:G,FPPI:G,CRWA:G,PCRA:R,DHFA:G,
446	251358	15	TGCP:K,MRLP:T,STT:T,FSSP:T,HNL:T,MPO:T,OICP:T,IRO:T,HGRF:T,PTP:T,RRL:K,RRO:K,CPS:T,PPNP:T,FPPI:T,CRWA:T,PCRA:T,DHFA:T,
447	251516	50	TGCP:G,MRLP:G,STT:G,FSSP:G,HNL:G,MPO:G,OICP:G,IRO:G,HGRF:G,PTP:G,RRL:G,RRO:G,CPS:R,PPNP:A,FPPI:R,CRWA:G,PCRA:G,DHFA:R,
448	251901	42	TGCP:G,MRLP:G,STT:G,FSSP:G,HNL:G,MPO:G,OICP:G,IRO:G,HGRF:G,PTP:G,RRL:G,RRO:G,CPS:G,PPNP:G,FPPI:G,CRWA:R,PCRA:G,DHFA:G,
449	252158	43	TGCP:G,MRLP:G,STT:G,FSSP:G,HNL:G,MPO:G,OICP:G,IRO:G,HGRF:G,PTP:G,RRL:G,RRO:G,CPS:G,PPNP:G,FPPI:G,CRWA:G,PCRA:G,DHFA:R,
450	252988	16	TGCP:T,MRLP:T,STT:T,FSSP:W,HNL:T,MPO:T,OICP:T,IRO:T,HGRF:T,PTP:T,RRL:T,RRO:T,CPS:T,PPNP:T,FPPI:T,CRWA:T,PCRA:T,DHFA:T,
451	254425	88	TGCP:C,MRLP:C,STT:C,FSSP:C,HNL:Y,MPO:C,OICP:C,IRO:C,HGRF:C,PTP:C,RRL:C,RRO:C,CPS:C,PPNP:C,FPPI:Y,CRWA:C,PCRA:C,DHFA:C,
452	254850	17	TGCP:G,MRLP:G,STT:G,FSSP:G,HNL:A,MPO:G,OICP:G,IRO:G,HGRF:G,PTP:G,RRL:G,RRO:G,CPS:G,PPNP:A,FPPI:A,CRWA:G,PCRA:G,DHFA:A,
453	256337	57	TGCP:T,MRLP:T,STT:T,FSSP:T,HNL:T,MPO:T,OICP:T,IRO:T,HGRF:T,PTP:T,RRL:T,RRO:T,CPS:T,PPNP:T,FPPI:T,CRWA:T,PCRA:Y,DHFA:T,
454	257510	42	TGCP:T,MRLP:T,STT:T,FSSP:T,HNL:T,MPO:T,OICP:T,IRO:T,HGRF:T,PTP:T,RRL:T,RRO:T,CPS:T,PPNP:T,FPPI:T,CRWA:T,PCRA:T,DHFA:Y,
455	258609	13	TGCP:C,MRLP:Y,STT:C,FSSP:C,HNL:C,MPO:C,OICP:C,IRO:Y,HGRF:C,PTP:C,RRL:Y,RRO:Y,CPS:Y,PPNP:C,FPPI:C,CRWA:C,PCRA:Y,DHFA:C,
456	259058	15	TGCP:G,MRLP:G,STT:G,FSSP:G,HNL:G,MPO:G,OICP:G,IRO:G,HGRF:G,PTP:G,RRL:G,RRO:G,CPS:G,PPNP:R,FPPI:G,CRWA:G,PCRA:G,DHFA:G,
457	259076	39	TGCP:C,MRLP:C,STT:C,FSSP:C,HNL:M,MPO:C,OICP:C,IRO:C,HGRF:C,PTP:C,RRL:C,RRO:C,CPS:C,PPNP:A,FPPI:A,CRWA:C,PCRA:C,DHFA:M,
458	259226	87	TGCP:G,MRLP:G,STT:G,FSSP:G,HNL:A,MPO:G,OICP:G,IRO:G,HGRF:G,PTP:G,RRL:G,RRO:G,CPS:G,PPNP:A,FPPI:A,CRWA:G,PCRA:G,DHFA:A,
459	259869	81	TGCP:G,MRLP:G,STT:G,FSSP:G,HNL:G,MPO:G,OICP:G,IRO:G,HGRF:G,PTP:G,RRL:G,RRO:G,CPS:G,PPNP:G,FPPI:S,CRWA:G,PCRA:G,DHFA:G,
460	260700	55	TGCP:C,MRLP:C,STT:Y,FSSP:C,HNL:C,MPO:C,OICP:C,IRO:C,HGRF:C,PTP:C,RRL:C,RRO:C,CPS:C,PPNP:C,FPPI:C,CRWA:C,PCRA:C,DHFA:C,
461	261328	58	TGCP:G,MRLP:G,STT:G,FSSP:G,HNL:T,MPO:G,OICP:G,IRO:G,HGRF:G,PTP:G,RRL:G,RRO:G,CPS:G,PPNP:T,FPPI:T,CRWA:G,PCRA:G,DHFA:T,
462	262126	61	TGCP:T,MRLP:T,STT:T,FSSP:T,HNL:G,MPO:T,OICP:T,IRO:T,HGRF:T,PTP:T,RRL:T,RRO:T,CPS:T,PPNP:K,FPPI:G,CRWA:T,PCRA:T,DHFA:G,
463	262223	11	TGCP:C,MRLP:C,STT:M,FSSP:C,HNL:C,MPO:M,OICP:C,IRO:C,HGRF:C,PTP:C,RRL:C,RRO:C,CPS:C,PPNP:C,FPPI:C,CRWA:C,PCRA:C,DHFA:C,
464	262238	5	TGCP:G,MRLP:G,STT:G,FSSP:G,HNL:A,MPO:G,OICP:G,IRO:G,HGRF:G,PTP:G,RRL:G,RRO:G,CPS:G,PPNP:R,FPPI:R,CRWA:G,PCRA:G,DHFA:R,
465	262346	48	TGCP:C,MRLP:C,STT:C,FSSP:C,HNL:C,MPO:C,OICP:C,IRO:C,HGRF:C,PTP:C,RRL:C,RRO:C,CPS:C,PPNP:C,FPPI:C,CRWA:C,PCRA:Y,DHFA:C,
466	262620	18	TGCP:T,MRLP:T,STT:T,FSSP:T,HNL:T,MPO:T,OICP:T,IRO:Y,HGRF:T,PTP:T,RRL:T,RRO:T,CPS:T,PPNP:T,FPPI:T,CRWA:T,PCRA:T,DHFA:T,
467	263002	42	TGCP:G,MRLP:G,STT:G,FSSP:G,HNL:G,MPO:G,OICP:G,IRO:G,HGRF:G,PTP:G,RRL:R,RRO:R,CPS:G,PPNP:G,FPPI:G,CRWA:G,PCRA:G,DHFA:G,
468	263497	5	TGCP:C,MRLP:C,STT:C,FSSP:Y,HNL:C,MPO:C,OICP:C,IRO:C,HGRF:C,PTP:C,RRL:C,RRO:C,CPS:C,PPNP:C,FPPI:C,CRWA:Y,PCRA:C,DHFA:C,
469	263813	70	TGCP:C,MRLP:C,STT:C,FSSP:C,HNL:C,MPO:C,OICP:C,IRO:C,HGRF:C,PTP:C,RRL:C,RRO:C,CPS:C,PPNP:C,FPPI:Y,CRWA:C,PCRA:C,DHFA:C,
470	264184	13	TGCP:Y,MRLP:T,STT:T,FSSP:Y,HNL:T,MPO:T,OICP:T,IRO:T,HGRF:T,PTP:T,RRL:T,RRO:T,CPS:T,PPNP:T,FPPI:T,CRWA:Y,PCRA:Y,DHFA:T,
