PLINK v1.90b5.3 64-bit (21 Feb 2018)
Options in effect:
  --allow-extra-chr
  --allow-no-sex
  --file ./jmahguib/Stacks_Denovo_Map_outputs/TrkNbr_1282_L2_RepPairs_redo/22540005/batch_22540005.plink
  --recode A

Hostname: pronto.las.iastate.edu
Working directory: /work/LAS/kjroe-lab
Start time: Tue Jul  2 09:33:08 2019

Random number seed: 1562077988
7980 MB RAM detected; reserving 3990 MB for main workspace.
Allocated 298 MB successfully, after larger attempt(s) failed.
Scanning .ped file... done.
Performing single-pass .bed write (794061 variants, 24 people).
--file: plink-temporary.bed + plink-temporary.bim + plink-temporary.fam
written.
794061 variants loaded from .bim file.
24 people (0 males, 0 females, 24 ambiguous) loaded from .fam.
Ambiguous sex IDs written to plink.nosex .
Using 1 thread (no multithreaded calculations invoked).
Before main variant filters, 24 founders and 0 nonfounders present.
Calculating allele frequencies... done.
Total genotyping rate is 0.26768.
794061 variants and 24 people pass filters and QC.
Note: No phenotypes present.
--recode A to plink.raw ... done.

End time: Tue Jul  2 09:33:13 2019
