# Stacks v1.46;  Phylip sequential; July 30, 2019
# Seq Pos	Locus ID	Column	Population
0	387	64	defaultpop:W,
1	425	69	defaultpop:K,
2	466	7	defaultpop:S,
3	731	13	defaultpop:Y,
4	962	64	defaultpop:K,
5	1611	32	defaultpop:R,
6	1662	88	defaultpop:K,
7	2118	77	defaultpop:K,
8	2211	32	defaultpop:K,
9	2389	69	defaultpop:W,
10	2518	49	defaultpop:R,
11	2568	8	defaultpop:R,
12	2694	34	defaultpop:W,
13	2972	46	defaultpop:Y,
14	3164	24	defaultpop:Y,
15	3268	27	defaultpop:R,
16	3348	9	defaultpop:Y,
17	3849	30	defaultpop:W,
18	4246	24	defaultpop:R,
19	4271	15	defaultpop:K,
20	4657	5	defaultpop:M,
21	4788	65	defaultpop:M,
22	4986	13	defaultpop:R,
23	5049	62	defaultpop:K,
24	5675	43	defaultpop:S,
25	5751	25	defaultpop:R,
26	6002	16	defaultpop:K,
27	6193	19	defaultpop:M,
28	6226	54	defaultpop:M,
29	6406	29	defaultpop:M,
30	6460	43	defaultpop:R,
31	6686	7	defaultpop:R,
32	7286	84	defaultpop:W,
33	7358	89	defaultpop:R,
34	7499	85	defaultpop:W,
35	7621	67	defaultpop:M,
36	7855	61	defaultpop:Y,
37	8008	31	defaultpop:Y,
38	8012	14	defaultpop:R,
39	8228	19	defaultpop:W,
40	8340	23	defaultpop:R,
41	8399	23	defaultpop:Y,
42	8440	8	defaultpop:R,
43	8467	71	defaultpop:R,
44	8485	45	defaultpop:K,
45	8842	13	defaultpop:R,
46	9097	66	defaultpop:R,
47	9294	5	defaultpop:M,
48	9628	59	defaultpop:M,
49	9896	19	defaultpop:Y,
50	10243	59	defaultpop:M,
51	10371	39	defaultpop:M,
52	10998	20	defaultpop:R,
53	11033	19	defaultpop:K,
54	11557	34	defaultpop:W,
55	11662	17	defaultpop:S,
56	12046	83	defaultpop:M,
57	12347	72	defaultpop:S,
58	12680	11	defaultpop:Y,
59	21936	15	defaultpop:R,
60	24334	36	defaultpop:Y,
61	27538	34	defaultpop:K,
62	29716	75	defaultpop:R,
63	29762	42	defaultpop:Y,
64	29876	85	defaultpop:R,
65	29893	86	defaultpop:Y,
66	30807	66	defaultpop:Y,
67	31727	11	defaultpop:R,
68	31993	76	defaultpop:K,
69	32054	8	defaultpop:K,
70	32941	37	defaultpop:Y,
71	33745	12	defaultpop:Y,
72	34624	31	defaultpop:R,
73	34673	30	defaultpop:W,
74	34702	64	defaultpop:K,
75	35203	16	defaultpop:R,
76	35668	86	defaultpop:W,
77	36270	10	defaultpop:S,
78	36303	12	defaultpop:Y,
79	36815	12	defaultpop:M,
80	36909	85	defaultpop:K,
81	37201	87	defaultpop:W,
82	37710	58	defaultpop:R,
83	38108	9	defaultpop:W,
84	38285	50	defaultpop:Y,
85	38288	50	defaultpop:M,
86	38433	17	defaultpop:W,
87	38534	47	defaultpop:Y,
88	38764	6	defaultpop:S,
89	38889	17	defaultpop:Y,
90	39205	82	defaultpop:R,
91	39370	58	defaultpop:S,
92	39513	48	defaultpop:Y,
93	39621	82	defaultpop:Y,
94	40318	44	defaultpop:R,
95	40409	39	defaultpop:K,
96	40670	68	defaultpop:W,
97	40746	38	defaultpop:Y,
98	41930	49	defaultpop:R,
99	42726	32	defaultpop:M,
100	42791	51	defaultpop:S,
101	42872	83	defaultpop:R,
102	43051	84	defaultpop:Y,
103	43087	87	defaultpop:M,
104	43105	20	defaultpop:Y,
105	43203	71	defaultpop:Y,
106	43545	36	defaultpop:R,
107	43562	61	defaultpop:W,
108	43680	87	defaultpop:R,
109	43935	57	defaultpop:M,
110	44014	11	defaultpop:R,
111	44162	81	defaultpop:R,
112	44440	46	defaultpop:M,
113	45185	49	defaultpop:K,
114	45550	9	defaultpop:R,
115	45733	79	defaultpop:M,
116	45746	32	defaultpop:R,
117	46224	12	defaultpop:R,
118	46270	21	defaultpop:R,
119	47143	21	defaultpop:Y,
120	47260	47	defaultpop:R,
121	47283	36	defaultpop:Y,
122	47346	6	defaultpop:Y,
123	47555	39	defaultpop:R,
124	47557	76	defaultpop:Y,
125	47563	40	defaultpop:Y,
126	47624	78	defaultpop:Y,
127	47702	37	defaultpop:W,
128	48044	38	defaultpop:R,
129	48142	7	defaultpop:K,
130	48260	23	defaultpop:R,
131	48456	88	defaultpop:Y,
132	48675	86	defaultpop:R,
133	49049	27	defaultpop:M,
134	49324	55	defaultpop:Y,
135	49343	24	defaultpop:K,
136	49467	60	defaultpop:R,
137	49746	16	defaultpop:W,
138	49899	43	defaultpop:S,
139	50290	11	defaultpop:M,
140	50309	65	defaultpop:W,
141	50378	51	defaultpop:R,
142	50599	80	defaultpop:Y,
143	50872	55	defaultpop:K,
144	50879	17	defaultpop:W,
145	50904	86	defaultpop:W,
146	51161	88	defaultpop:Y,
147	51275	43	defaultpop:M,
148	51549	83	defaultpop:Y,
149	51681	36	defaultpop:R,
150	51925	12	defaultpop:R,
151	51971	26	defaultpop:S,
152	52007	45	defaultpop:Y,
153	52049	57	defaultpop:Y,
154	52546	10	defaultpop:Y,
155	52761	21	defaultpop:K,
156	52882	62	defaultpop:Y,
157	53124	61	defaultpop:M,
158	53332	68	defaultpop:R,
159	53518	62	defaultpop:R,
160	53707	42	defaultpop:R,
161	54152	22	defaultpop:Y,
162	54601	66	defaultpop:W,
163	54627	53	defaultpop:M,
164	54721	37	defaultpop:K,
165	54806	34	defaultpop:W,
166	54934	18	defaultpop:R,
167	54998	13	defaultpop:M,
168	55061	88	defaultpop:R,
169	55071	47	defaultpop:R,
170	55129	68	defaultpop:R,
171	55294	11	defaultpop:Y,
172	55325	34	defaultpop:Y,
173	55335	69	defaultpop:R,
174	55672	81	defaultpop:W,
175	55942	54	defaultpop:Y,
176	56011	17	defaultpop:R,
177	56235	27	defaultpop:Y,
178	56331	44	defaultpop:R,
179	56379	9	defaultpop:Y,
180	56618	9	defaultpop:S,
181	56950	13	defaultpop:R,
182	57130	12	defaultpop:K,
183	57343	52	defaultpop:M,
184	57459	68	defaultpop:M,
185	58039	27	defaultpop:R,
186	58120	24	defaultpop:Y,
187	58284	54	defaultpop:S,
188	58321	28	defaultpop:Y,
189	58498	53	defaultpop:Y,
190	58920	17	defaultpop:Y,
191	59123	86	defaultpop:Y,
192	59457	10	defaultpop:W,
193	59631	45	defaultpop:R,
194	59689	50	defaultpop:R,
195	59767	60	defaultpop:Y,
196	59825	6	defaultpop:M,
197	60017	45	defaultpop:Y,
198	60076	23	defaultpop:K,
199	60204	21	defaultpop:R,
200	60518	41	defaultpop:R,
201	60535	16	defaultpop:Y,
202	60557	71	defaultpop:R,
203	60735	28	defaultpop:M,
204	60994	59	defaultpop:S,
205	61123	9	defaultpop:S,
206	61329	70	defaultpop:R,
207	61339	36	defaultpop:Y,
208	61467	16	defaultpop:R,
209	62264	30	defaultpop:M,
210	62907	42	defaultpop:M,
211	62929	5	defaultpop:Y,
212	63039	33	defaultpop:Y,
213	63181	26	defaultpop:Y,
214	63310	43	defaultpop:M,
215	63348	13	defaultpop:R,
216	63598	84	defaultpop:Y,
217	63607	20	defaultpop:Y,
218	63743	14	defaultpop:R,
219	63766	31	defaultpop:Y,
220	64190	40	defaultpop:R,
221	64288	30	defaultpop:M,
222	64352	51	defaultpop:Y,
223	64559	76	defaultpop:Y,
224	64978	43	defaultpop:W,
225	64986	79	defaultpop:R,
226	65020	56	defaultpop:R,
227	65101	45	defaultpop:Y,
228	65434	14	defaultpop:W,
229	65641	33	defaultpop:Y,
230	65947	9	defaultpop:M,
231	66502	15	defaultpop:R,
232	66905	30	defaultpop:K,
233	67635	28	defaultpop:M,
234	67656	16	defaultpop:Y,
235	67703	86	defaultpop:M,
236	67842	66	defaultpop:R,
237	68064	60	defaultpop:Y,
238	68225	15	defaultpop:R,
239	68258	34	defaultpop:R,
240	68336	7	defaultpop:S,
241	68513	82	defaultpop:R,
242	68702	14	defaultpop:W,
243	69131	46	defaultpop:R,
244	69313	45	defaultpop:Y,
245	69477	87	defaultpop:Y,
246	69579	62	defaultpop:R,
247	69643	34	defaultpop:R,
248	69727	61	defaultpop:R,
249	69916	47	defaultpop:R,
250	70019	9	defaultpop:Y,
251	70291	11	defaultpop:R,
252	70298	12	defaultpop:W,
253	70482	8	defaultpop:Y,
254	70541	63	defaultpop:Y,
255	70806	23	defaultpop:W,
256	70853	87	defaultpop:Y,
257	71360	64	defaultpop:K,
258	71509	39	defaultpop:S,
259	71617	13	defaultpop:W,
260	72703	20	defaultpop:R,
261	72731	79	defaultpop:W,
262	73155	30	defaultpop:R,
263	73240	56	defaultpop:S,
264	73500	63	defaultpop:Y,
265	73630	63	defaultpop:Y,
266	73771	60	defaultpop:Y,
267	73814	45	defaultpop:R,
268	73821	6	defaultpop:Y,
269	73828	31	defaultpop:K,
270	74118	43	defaultpop:R,
271	74569	8	defaultpop:M,
272	74715	29	defaultpop:Y,
273	75065	83	defaultpop:Y,
274	75287	79	defaultpop:R,
275	75301	26	defaultpop:Y,
276	75588	85	defaultpop:R,
277	75727	24	defaultpop:Y,
278	75883	11	defaultpop:R,
279	75998	40	defaultpop:Y,
280	76042	36	defaultpop:M,
281	76058	6	defaultpop:R,
282	76172	13	defaultpop:W,
283	76305	75	defaultpop:W,
284	77028	9	defaultpop:R,
285	77354	16	defaultpop:R,
286	77454	30	defaultpop:K,
287	77583	72	defaultpop:Y,
288	77597	62	defaultpop:Y,
289	77686	60	defaultpop:R,
290	77741	30	defaultpop:R,
291	77847	68	defaultpop:S,
292	78118	49	defaultpop:Y,
293	78540	46	defaultpop:S,
294	78631	5	defaultpop:Y,
295	78735	43	defaultpop:R,
296	78853	75	defaultpop:Y,
297	79254	73	defaultpop:W,
298	79390	40	defaultpop:R,
299	79520	62	defaultpop:Y,
300	80151	71	defaultpop:R,
301	80250	84	defaultpop:Y,
302	80281	12	defaultpop:Y,
303	80664	58	defaultpop:Y,
304	80990	58	defaultpop:K,
305	81989	5	defaultpop:Y,
306	82312	82	defaultpop:M,
307	82499	58	defaultpop:Y,
308	82753	7	defaultpop:R,
309	83075	22	defaultpop:K,
310	83147	49	defaultpop:M,
311	83209	43	defaultpop:W,
312	83593	35	defaultpop:M,
313	83703	7	defaultpop:M,
314	83766	11	defaultpop:Y,
315	83827	57	defaultpop:Y,
316	84024	53	defaultpop:Y,
317	84164	22	defaultpop:Y,
318	84261	62	defaultpop:R,
319	84268	47	defaultpop:Y,
320	84433	22	defaultpop:R,
321	84525	44	defaultpop:Y,
322	85253	87	defaultpop:Y,
323	85315	88	defaultpop:R,
324	85342	42	defaultpop:M,
325	85730	78	defaultpop:Y,
326	85891	47	defaultpop:Y,
327	85917	8	defaultpop:Y,
328	86253	50	defaultpop:W,
329	86840	37	defaultpop:M,
330	87143	71	defaultpop:M,
331	87437	78	defaultpop:S,
332	87927	14	defaultpop:K,
333	88092	18	defaultpop:W,
334	88422	36	defaultpop:M,
335	88770	34	defaultpop:M,
336	88890	22	defaultpop:K,
337	89073	57	defaultpop:M,
338	89126	46	defaultpop:K,
339	89145	79	defaultpop:Y,
340	89510	36	defaultpop:W,
341	89569	52	defaultpop:M,
342	90019	49	defaultpop:M,
343	90325	28	defaultpop:R,
344	90642	51	defaultpop:R,
345	90692	47	defaultpop:M,
346	90737	24	defaultpop:K,
347	90945	59	defaultpop:M,
348	90965	47	defaultpop:Y,
349	91134	29	defaultpop:Y,
350	91372	62	defaultpop:K,
351	91386	23	defaultpop:R,
352	91398	53	defaultpop:Y,
353	91529	28	defaultpop:R,
354	91779	76	defaultpop:Y,
355	91903	41	defaultpop:R,
356	92028	88	defaultpop:R,
357	92138	55	defaultpop:Y,
358	92322	10	defaultpop:Y,
359	92433	50	defaultpop:W,
360	92657	42	defaultpop:Y,
361	93000	45	defaultpop:R,
362	93508	10	defaultpop:Y,
363	93732	79	defaultpop:R,
364	93776	32	defaultpop:R,
365	93969	29	defaultpop:R,
366	94299	43	defaultpop:R,
367	94562	74	defaultpop:R,
368	94616	36	defaultpop:S,
369	94803	82	defaultpop:K,
370	95113	21	defaultpop:R,
371	95135	27	defaultpop:R,
372	95149	53	defaultpop:R,
373	95390	9	defaultpop:R,
374	95537	58	defaultpop:R,
375	95653	15	defaultpop:W,
376	96487	33	defaultpop:R,
377	97035	7	defaultpop:Y,
378	97798	40	defaultpop:Y,
379	97815	71	defaultpop:M,
380	98280	79	defaultpop:W,
381	98292	15	defaultpop:M,
382	98663	15	defaultpop:R,
383	99106	38	defaultpop:R,
384	99164	58	defaultpop:Y,
385	99428	62	defaultpop:M,
386	99439	32	defaultpop:R,
387	99939	51	defaultpop:W,
388	99971	22	defaultpop:K,
389	100099	20	defaultpop:Y,
390	100200	19	defaultpop:W,
391	100263	54	defaultpop:W,
392	100622	69	defaultpop:W,
393	100675	69	defaultpop:R,
394	100909	57	defaultpop:M,
395	101121	84	defaultpop:M,
396	101370	21	defaultpop:W,
397	101528	61	defaultpop:Y,
398	101686	80	defaultpop:K,
399	101809	78	defaultpop:Y,
400	102115	31	defaultpop:R,
401	102244	23	defaultpop:Y,
402	102539	67	defaultpop:R,
403	102636	28	defaultpop:R,
404	102878	58	defaultpop:Y,
405	103030	73	defaultpop:Y,
406	103136	32	defaultpop:Y,
407	103163	47	defaultpop:M,
408	103574	50	defaultpop:R,
409	104242	37	defaultpop:Y,
410	104397	15	defaultpop:R,
411	104430	74	defaultpop:M,
412	105443	61	defaultpop:R,
413	105484	12	defaultpop:R,
414	105485	87	defaultpop:Y,
415	105530	10	defaultpop:R,
416	105554	86	defaultpop:Y,
417	105946	66	defaultpop:S,
418	106093	25	defaultpop:Y,
419	106161	33	defaultpop:M,
420	106422	19	defaultpop:M,
421	106543	28	defaultpop:Y,
422	106717	68	defaultpop:K,
423	106743	85	defaultpop:K,
424	106940	7	defaultpop:Y,
425	107146	39	defaultpop:W,
426	107208	9	defaultpop:S,
427	107443	17	defaultpop:R,
428	107801	40	defaultpop:S,
429	107834	52	defaultpop:Y,
430	108320	76	defaultpop:Y,
431	108462	25	defaultpop:Y,
432	108811	81	defaultpop:Y,
433	108973	22	defaultpop:R,
434	109411	62	defaultpop:K,
435	109431	8	defaultpop:W,
436	109581	16	defaultpop:R,
437	109651	26	defaultpop:R,
438	109688	76	defaultpop:Y,
439	109898	54	defaultpop:R,
440	110004	69	defaultpop:R,
441	110022	8	defaultpop:K,
442	110553	34	defaultpop:K,
443	110579	18	defaultpop:R,
444	110757	38	defaultpop:K,
445	110770	13	defaultpop:M,
446	110793	45	defaultpop:K,
447	111364	65	defaultpop:R,
448	111558	58	defaultpop:K,
449	111643	54	defaultpop:R,
450	111745	13	defaultpop:M,
451	111879	31	defaultpop:M,
452	111923	75	defaultpop:S,
453	111974	25	defaultpop:K,
454	112056	89	defaultpop:M,
455	112134	16	defaultpop:K,
456	112163	44	defaultpop:K,
457	112192	84	defaultpop:R,
458	112711	49	defaultpop:Y,
459	112720	75	defaultpop:K,
460	112724	20	defaultpop:R,
461	112745	71	defaultpop:Y,
462	112999	22	defaultpop:R,
463	113114	5	defaultpop:M,
464	113241	60	defaultpop:M,
465	113740	67	defaultpop:R,
466	113770	7	defaultpop:W,
467	114009	39	defaultpop:W,
468	114034	9	defaultpop:R,
469	114180	21	defaultpop:R,
470	114322	37	defaultpop:R,
471	114434	21	defaultpop:Y,
472	114646	47	defaultpop:R,
473	114664	77	defaultpop:Y,
474	114861	59	defaultpop:K,
475	115020	45	defaultpop:S,
476	115132	62	defaultpop:Y,
477	115286	50	defaultpop:Y,
478	115732	20	defaultpop:M,
479	115738	26	defaultpop:Y,
480	116275	74	defaultpop:Y,
481	116404	22	defaultpop:K,
482	116548	79	defaultpop:R,
483	116574	20	defaultpop:M,
484	116833	11	defaultpop:K,
485	116991	32	defaultpop:Y,
486	117361	26	defaultpop:S,
487	117748	60	defaultpop:S,
488	117816	49	defaultpop:K,
489	118140	34	defaultpop:R,
490	118463	39	defaultpop:Y,
491	118507	61	defaultpop:K,
492	118539	43	defaultpop:R,
493	118744	42	defaultpop:R,
494	118888	36	defaultpop:Y,
495	119398	54	defaultpop:M,
496	119501	52	defaultpop:Y,
497	119987	52	defaultpop:R,
498	120003	37	defaultpop:R,
499	120210	85	defaultpop:K,
500	120357	8	defaultpop:K,
501	120382	63	defaultpop:K,
502	120758	20	defaultpop:R,
503	120768	57	defaultpop:R,
504	120774	9	defaultpop:R,
505	120964	65	defaultpop:R,
506	121365	25	defaultpop:R,
507	121832	40	defaultpop:S,
508	121859	68	defaultpop:W,
509	121893	20	defaultpop:Y,
510	122038	33	defaultpop:M,
511	122100	61	defaultpop:W,
512	122134	18	defaultpop:R,
513	122207	13	defaultpop:Y,
514	122388	72	defaultpop:M,
515	122395	33	defaultpop:R,
516	123522	47	defaultpop:R,
517	124115	34	defaultpop:S,
518	124181	20	defaultpop:M,
519	124541	43	defaultpop:Y,
520	124580	59	defaultpop:S,
521	124694	69	defaultpop:W,
522	124897	59	defaultpop:W,
523	124914	24	defaultpop:R,
524	125002	85	defaultpop:W,
525	125079	49	defaultpop:S,
526	125367	58	defaultpop:S,
527	125506	61	defaultpop:M,
528	125677	73	defaultpop:W,
529	125719	59	defaultpop:Y,
530	125953	29	defaultpop:Y,
531	126066	17	defaultpop:Y,
532	126073	40	defaultpop:W,
533	126225	7	defaultpop:W,
534	126260	21	defaultpop:R,
535	126327	87	defaultpop:Y,
536	126381	32	defaultpop:M,
537	126519	70	defaultpop:W,
538	126783	18	defaultpop:R,
539	126785	35	defaultpop:K,
540	127243	31	defaultpop:K,
541	127406	28	defaultpop:M,
542	127766	81	defaultpop:R,
543	127895	35	defaultpop:R,
544	128222	62	defaultpop:Y,
545	128255	57	defaultpop:K,
546	128487	6	defaultpop:R,
547	129078	85	defaultpop:Y,
548	129117	68	defaultpop:K,
549	129291	60	defaultpop:K,
550	129425	37	defaultpop:S,
551	129770	50	defaultpop:K,
552	130044	15	defaultpop:R,
553	130249	43	defaultpop:R,
554	130310	23	defaultpop:K,
555	130487	16	defaultpop:S,
556	131128	82	defaultpop:Y,
557	131397	76	defaultpop:W,
558	131601	85	defaultpop:Y,
559	131788	19	defaultpop:Y,
560	131954	6	defaultpop:M,
561	132040	6	defaultpop:S,
562	132057	45	defaultpop:Y,
563	132197	82	defaultpop:W,
564	132239	63	defaultpop:W,
565	132596	59	defaultpop:Y,
566	132752	85	defaultpop:Y,
567	132882	33	defaultpop:K,
568	132937	27	defaultpop:Y,
569	133135	50	defaultpop:Y,
570	133267	9	defaultpop:K,
571	133297	24	defaultpop:R,
572	133347	45	defaultpop:M,
573	133414	8	defaultpop:M,
574	133490	16	defaultpop:R,
575	133537	10	defaultpop:S,
576	134042	74	defaultpop:R,
577	134160	14	defaultpop:M,
578	134277	15	defaultpop:R,
579	134568	32	defaultpop:K,
580	134847	25	defaultpop:M,
581	134881	23	defaultpop:R,
582	135266	25	defaultpop:Y,
583	135344	14	defaultpop:S,
584	135654	51	defaultpop:Y,
585	135669	39	defaultpop:Y,
586	136080	57	defaultpop:Y,
587	136445	7	defaultpop:W,
588	137045	65	defaultpop:R,
589	137576	86	defaultpop:R,
590	138010	21	defaultpop:W,
591	138209	33	defaultpop:M,
592	138350	77	defaultpop:R,
593	138610	58	defaultpop:Y,
594	139424	74	defaultpop:W,
595	139451	63	defaultpop:W,
596	140004	42	defaultpop:R,
597	140326	41	defaultpop:R,
598	140337	5	defaultpop:W,
599	140432	66	defaultpop:Y,
600	140481	56	defaultpop:Y,
601	140695	79	defaultpop:S,
602	140779	15	defaultpop:W,
603	141072	86	defaultpop:Y,
604	141740	7	defaultpop:Y,
605	141772	80	defaultpop:Y,
606	141782	43	defaultpop:W,
607	141966	53	defaultpop:S,
608	142078	87	defaultpop:Y,
609	142109	42	defaultpop:R,
610	142337	40	defaultpop:Y,
611	142353	36	defaultpop:Y,
612	142439	13	defaultpop:K,
613	142678	47	defaultpop:Y,
614	142733	21	defaultpop:R,
615	142786	48	defaultpop:S,
616	142798	75	defaultpop:Y,
617	143060	72	defaultpop:K,
618	143126	10	defaultpop:R,
619	143337	30	defaultpop:R,
620	143428	41	defaultpop:K,
621	143482	10	defaultpop:W,
622	143631	24	defaultpop:K,
623	143722	65	defaultpop:Y,
624	143769	61	defaultpop:M,
625	143783	63	defaultpop:S,
626	143974	13	defaultpop:R,
627	144849	65	defaultpop:Y,
628	144875	58	defaultpop:Y,
629	145247	37	defaultpop:W,
630	145931	25	defaultpop:R,
631	145998	33	defaultpop:R,
632	146520	78	defaultpop:Y,
633	146540	57	defaultpop:Y,
634	146554	8	defaultpop:Y,
635	146568	77	defaultpop:Y,
636	146768	53	defaultpop:M,
637	146791	30	defaultpop:Y,
638	147277	24	defaultpop:R,
639	147346	11	defaultpop:Y,
640	147447	21	defaultpop:K,
641	147952	54	defaultpop:R,
642	147994	24	defaultpop:M,
643	148062	82	defaultpop:Y,
644	148090	21	defaultpop:S,
645	148137	52	defaultpop:W,
646	148197	32	defaultpop:Y,
647	148248	73	defaultpop:R,
648	148306	15	defaultpop:Y,
649	148794	40	defaultpop:W,
650	148951	60	defaultpop:K,
651	148974	31	defaultpop:M,
652	149202	39	defaultpop:Y,
653	149235	89	defaultpop:M,
654	149268	21	defaultpop:R,
655	149306	40	defaultpop:Y,
656	149591	71	defaultpop:W,
657	149633	55	defaultpop:M,
658	150207	85	defaultpop:Y,
659	150466	78	defaultpop:M,
660	150506	62	defaultpop:R,
661	150742	60	defaultpop:R,
662	150912	34	defaultpop:R,
663	151269	29	defaultpop:K,
664	151321	71	defaultpop:M,
665	151507	46	defaultpop:Y,
666	151669	15	defaultpop:M,
667	151989	45	defaultpop:R,
668	152293	22	defaultpop:R,
669	152360	11	defaultpop:M,
670	152373	57	defaultpop:Y,
671	152560	41	defaultpop:R,
672	152944	75	defaultpop:K,
673	153327	28	defaultpop:S,
674	153335	51	defaultpop:Y,
675	153350	55	defaultpop:Y,
676	153400	8	defaultpop:R,
677	153926	5	defaultpop:K,
678	153990	16	defaultpop:R,
679	154038	11	defaultpop:R,
680	154243	46	defaultpop:K,
681	154340	10	defaultpop:Y,
682	154565	67	defaultpop:R,
683	155068	58	defaultpop:S,
684	155184	38	defaultpop:Y,
685	155437	63	defaultpop:S,
686	155995	63	defaultpop:Y,
687	156083	76	defaultpop:R,
688	156175	50	defaultpop:M,
689	156460	48	defaultpop:R,
690	156539	50	defaultpop:W,
691	156704	30	defaultpop:Y,
692	156912	19	defaultpop:R,
693	157353	83	defaultpop:Y,
694	157378	79	defaultpop:R,
695	157654	60	defaultpop:K,
696	157822	7	defaultpop:R,
697	158218	18	defaultpop:K,
698	158252	23	defaultpop:R,
699	158259	62	defaultpop:R,
700	158588	14	defaultpop:Y,
701	158623	49	defaultpop:Y,
702	158790	21	defaultpop:M,
703	158903	15	defaultpop:S,
704	159285	47	defaultpop:K,
705	159302	29	defaultpop:Y,
706	159372	86	defaultpop:Y,
707	160045	44	defaultpop:Y,
708	160223	46	defaultpop:K,
709	160351	68	defaultpop:M,
710	160650	30	defaultpop:M,
711	160727	67	defaultpop:Y,
712	161375	28	defaultpop:Y,
713	161387	69	defaultpop:K,
714	161686	9	defaultpop:Y,
715	161846	66	defaultpop:Y,
716	161944	24	defaultpop:Y,
717	162192	42	defaultpop:R,
718	162223	6	defaultpop:S,
719	162318	26	defaultpop:R,
720	162569	49	defaultpop:W,
721	162679	89	defaultpop:M,
722	162887	10	defaultpop:Y,
723	163428	27	defaultpop:M,
724	163643	38	defaultpop:R,
725	164243	57	defaultpop:S,
726	164258	78	defaultpop:W,
727	165414	29	defaultpop:M,
728	165818	47	defaultpop:Y,
729	166353	43	defaultpop:W,
730	166554	56	defaultpop:Y,
731	166624	6	defaultpop:W,
732	166728	33	defaultpop:Y,
733	167022	80	defaultpop:R,
734	167115	42	defaultpop:R,
735	167806	65	defaultpop:R,
736	167828	60	defaultpop:R,
737	167843	15	defaultpop:R,
738	168098	26	defaultpop:Y,
739	168148	30	defaultpop:Y,
740	168321	22	defaultpop:R,
741	168426	37	defaultpop:S,
742	168567	40	defaultpop:Y,
743	168838	23	defaultpop:Y,
744	168994	9	defaultpop:M,
745	169137	84	defaultpop:Y,
746	169235	84	defaultpop:Y,
747	169316	65	defaultpop:W,
748	169777	34	defaultpop:R,
749	170097	37	defaultpop:M,
750	170471	10	defaultpop:K,
751	170718	30	defaultpop:R,
752	170721	11	defaultpop:Y,
753	170774	12	defaultpop:R,
754	171022	84	defaultpop:R,
755	171169	9	defaultpop:Y,
756	171176	11	defaultpop:Y,
757	171299	48	defaultpop:M,
758	171804	64	defaultpop:M,
759	171817	65	defaultpop:M,
760	171880	53	defaultpop:M,
761	172026	80	defaultpop:W,
762	172084	20	defaultpop:Y,
763	172238	48	defaultpop:R,
764	172656	54	defaultpop:R,
765	172703	87	defaultpop:K,
766	172775	56	defaultpop:W,
767	172785	33	defaultpop:Y,
768	172862	88	defaultpop:M,
769	172907	55	defaultpop:R,
770	173074	36	defaultpop:K,
771	173574	54	defaultpop:R,
772	173635	25	defaultpop:M,
773	173749	5	defaultpop:S,
774	173832	32	defaultpop:Y,
775	173849	36	defaultpop:R,
776	173902	41	defaultpop:W,
777	174006	87	defaultpop:K,
778	174029	14	defaultpop:Y,
779	174242	5	defaultpop:Y,
780	174460	54	defaultpop:Y,
781	174770	58	defaultpop:K,
782	174779	56	defaultpop:W,
783	175021	7	defaultpop:Y,
784	175981	71	defaultpop:Y,
785	176010	45	defaultpop:S,
786	176244	45	defaultpop:S,
787	177084	86	defaultpop:M,
788	177121	36	defaultpop:W,
789	177169	80	defaultpop:K,
790	177428	36	defaultpop:K,
791	177690	9	defaultpop:R,
792	177723	49	defaultpop:R,
793	177941	74	defaultpop:R,
794	178116	38	defaultpop:R,
795	178197	35	defaultpop:Y,
796	178242	12	defaultpop:S,
797	178275	5	defaultpop:Y,
798	178323	11	defaultpop:Y,
799	178436	6	defaultpop:R,
800	178667	40	defaultpop:Y,
801	178822	13	defaultpop:R,
802	179018	45	defaultpop:K,
803	179061	63	defaultpop:K,
804	179072	63	defaultpop:Y,
805	179706	57	defaultpop:R,
806	179834	32	defaultpop:Y,
807	180147	52	defaultpop:Y,
808	180224	38	defaultpop:R,
809	180292	36	defaultpop:Y,
810	180329	22	defaultpop:S,
811	180607	55	defaultpop:Y,
812	180611	40	defaultpop:R,
813	180962	68	defaultpop:R,
814	180968	54	defaultpop:M,
815	181062	86	defaultpop:S,
816	181093	46	defaultpop:Y,
817	181464	11	defaultpop:K,
818	181478	62	defaultpop:R,
819	182233	18	defaultpop:M,
820	182291	79	defaultpop:K,
821	182559	54	defaultpop:R,
822	182774	16	defaultpop:Y,
823	182833	13	defaultpop:M,
824	182893	13	defaultpop:Y,
825	182931	74	defaultpop:W,
826	182949	32	defaultpop:S,
827	183059	80	defaultpop:R,
828	183151	16	defaultpop:Y,
829	183197	86	defaultpop:W,
830	183621	38	defaultpop:R,
831	184106	68	defaultpop:K,
832	184529	41	defaultpop:Y,
833	184722	27	defaultpop:R,
834	184741	67	defaultpop:R,
835	184761	71	defaultpop:Y,
836	184910	34	defaultpop:K,
837	184944	57	defaultpop:R,
838	185455	56	defaultpop:M,
839	185590	5	defaultpop:M,
840	185740	78	defaultpop:M,
841	185806	25	defaultpop:R,
842	185949	30	defaultpop:R,
843	186035	54	defaultpop:K,
844	186312	37	defaultpop:K,
845	186314	31	defaultpop:Y,
846	186347	10	defaultpop:Y,
847	186649	10	defaultpop:Y,
848	187033	82	defaultpop:R,
849	187057	67	defaultpop:Y,
850	187069	53	defaultpop:Y,
851	187414	10	defaultpop:Y,
852	187460	38	defaultpop:R,
853	187597	70	defaultpop:Y,
854	187775	62	defaultpop:K,
855	187819	62	defaultpop:W,
856	188013	55	defaultpop:R,
857	188154	32	defaultpop:R,
858	188229	40	defaultpop:R,
859	188421	31	defaultpop:Y,
860	189122	8	defaultpop:Y,
861	189324	17	defaultpop:Y,
862	189419	36	defaultpop:Y,
863	189792	35	defaultpop:M,
864	189922	12	defaultpop:R,
865	190005	51	defaultpop:M,
866	190275	6	defaultpop:Y,
867	190343	74	defaultpop:W,
868	190634	35	defaultpop:R,
869	191132	37	defaultpop:K,
870	191440	62	defaultpop:Y,
871	191650	15	defaultpop:R,
872	192368	26	defaultpop:Y,
873	192714	19	defaultpop:M,
874	192840	8	defaultpop:W,
875	192861	79	defaultpop:Y,
876	193878	8	defaultpop:W,
877	194073	37	defaultpop:R,
878	194465	68	defaultpop:R,
879	194826	29	defaultpop:Y,
880	195029	55	defaultpop:Y,
881	195276	82	defaultpop:K,
882	195425	75	defaultpop:R,
883	195523	38	defaultpop:Y,
884	195735	40	defaultpop:K,
885	195757	79	defaultpop:R,
886	195811	13	defaultpop:Y,
887	195827	39	defaultpop:R,
888	195833	60	defaultpop:R,
889	195886	5	defaultpop:R,
890	196074	88	defaultpop:M,
891	196464	17	defaultpop:K,
892	196628	48	defaultpop:W,
893	196632	9	defaultpop:R,
894	196783	70	defaultpop:R,
895	196869	15	defaultpop:M,
896	196991	39	defaultpop:W,
897	197348	53	defaultpop:Y,
898	197493	61	defaultpop:K,
899	197817	33	defaultpop:Y,
900	197910	84	defaultpop:Y,
901	197929	59	defaultpop:W,
902	198316	28	defaultpop:W,
903	198457	58	defaultpop:S,
904	198558	45	defaultpop:R,
905	198610	59	defaultpop:Y,
906	198650	20	defaultpop:R,
907	199193	64	defaultpop:M,
908	199218	88	defaultpop:M,
909	199303	44	defaultpop:M,
910	199336	63	defaultpop:R,
911	199826	62	defaultpop:K,
912	199947	17	defaultpop:Y,
913	199993	67	defaultpop:S,
914	200045	41	defaultpop:Y,
915	200105	16	defaultpop:Y,
916	200188	41	defaultpop:K,
917	200325	86	defaultpop:R,
918	200495	19	defaultpop:Y,
919	200639	41	defaultpop:Y,
920	201238	55	defaultpop:Y,
921	201295	53	defaultpop:W,
922	201536	69	defaultpop:Y,
923	202151	27	defaultpop:R,
924	202241	55	defaultpop:Y,
925	202267	18	defaultpop:S,
926	202569	32	defaultpop:Y,
927	202669	72	defaultpop:R,
928	202908	21	defaultpop:R,
929	202976	6	defaultpop:Y,
930	203298	65	defaultpop:R,
931	203783	60	defaultpop:K,
932	204017	62	defaultpop:Y,
933	204103	77	defaultpop:W,
934	204159	89	defaultpop:M,
935	204376	67	defaultpop:Y,
936	204381	72	defaultpop:R,
937	204404	14	defaultpop:K,
938	204472	35	defaultpop:Y,
939	204718	79	defaultpop:R,
940	206093	15	defaultpop:R,
941	206385	55	defaultpop:M,
942	206532	78	defaultpop:Y,
943	206659	51	defaultpop:Y,
944	206669	12	defaultpop:R,
945	206905	24	defaultpop:K,
946	206942	9	defaultpop:K,
947	207063	55	defaultpop:Y,
948	207103	9	defaultpop:Y,
949	207168	39	defaultpop:K,
950	207245	29	defaultpop:Y,
951	207524	23	defaultpop:Y,
952	207581	63	defaultpop:Y,
953	207610	58	defaultpop:R,
954	207682	74	defaultpop:R,
955	207714	32	defaultpop:R,
956	207716	50	defaultpop:Y,
957	207784	60	defaultpop:K,
958	207794	33	defaultpop:W,
959	208285	31	defaultpop:Y,
960	208459	28	defaultpop:R,
961	208654	15	defaultpop:R,
962	208789	57	defaultpop:Y,
963	208955	15	defaultpop:K,
964	209562	13	defaultpop:W,
965	209588	67	defaultpop:R,
966	209625	89	defaultpop:K,
967	209656	59	defaultpop:M,
968	209833	56	defaultpop:Y,
969	209959	19	defaultpop:Y,
970	210049	63	defaultpop:R,
971	210401	81	defaultpop:K,
972	210561	22	defaultpop:Y,
973	210648	38	defaultpop:R,
974	210769	43	defaultpop:R,
975	210866	29	defaultpop:W,
976	211270	66	defaultpop:Y,
977	211483	36	defaultpop:Y,
978	211659	49	defaultpop:R,
979	211724	40	defaultpop:K,
980	211871	67	defaultpop:K,
981	211895	85	defaultpop:Y,
982	212149	51	defaultpop:S,
983	212166	67	defaultpop:Y,
984	212371	38	defaultpop:Y,
985	212433	89	defaultpop:Y,
986	212569	89	defaultpop:Y,
987	212955	15	defaultpop:M,
988	213035	49	defaultpop:R,
989	213246	29	defaultpop:Y,
990	213660	27	defaultpop:R,
991	213975	7	defaultpop:R,
992	214915	71	defaultpop:R,
993	215141	86	defaultpop:W,
994	215182	54	defaultpop:W,
995	215561	19	defaultpop:W,
996	215991	48	defaultpop:W,
997	216437	62	defaultpop:Y,
998	216454	74	defaultpop:Y,
999	216498	23	defaultpop:Y,
1000	217242	34	defaultpop:R,
1001	217322	9	defaultpop:S,
1002	217368	45	defaultpop:R,
1003	217377	48	defaultpop:Y,
1004	217591	52	defaultpop:K,
1005	217688	15	defaultpop:R,
1006	217714	52	defaultpop:S,
1007	217916	87	defaultpop:Y,
1008	218305	58	defaultpop:S,
1009	218879	12	defaultpop:M,
1010	218983	32	defaultpop:R,
1011	219043	75	defaultpop:Y,
1012	219162	47	defaultpop:R,
1013	219168	82	defaultpop:Y,
1014	219272	22	defaultpop:K,
1015	219321	52	defaultpop:W,
1016	219375	64	defaultpop:R,
1017	219622	75	defaultpop:Y,
1018	219812	21	defaultpop:R,
1019	219931	44	defaultpop:Y,
1020	220076	57	defaultpop:R,
1021	220159	31	defaultpop:R,
1022	220210	21	defaultpop:S,
1023	220363	81	defaultpop:M,
1024	220578	79	defaultpop:R,
1025	220594	59	defaultpop:Y,
1026	220694	5	defaultpop:Y,
1027	220776	67	defaultpop:M,
1028	220782	37	defaultpop:S,
1029	220891	33	defaultpop:R,
1030	221880	20	defaultpop:Y,
1031	221949	63	defaultpop:Y,
1032	222111	19	defaultpop:R,
1033	222131	13	defaultpop:Y,
1034	222254	32	defaultpop:R,
1035	222502	5	defaultpop:Y,
1036	222525	23	defaultpop:Y,
1037	222734	42	defaultpop:R,
1038	222928	13	defaultpop:R,
1039	222971	12	defaultpop:Y,
1040	223087	43	defaultpop:Y,
1041	223435	48	defaultpop:Y,
1042	223664	67	defaultpop:R,
1043	223877	70	defaultpop:R,
1044	224485	50	defaultpop:W,
1045	224598	9	defaultpop:K,
1046	224751	30	defaultpop:R,
1047	224908	16	defaultpop:M,
1048	225001	59	defaultpop:K,
1049	225021	28	defaultpop:R,
1050	225069	56	defaultpop:R,
1051	225637	13	defaultpop:S,
1052	225670	40	defaultpop:Y,
1053	225951	70	defaultpop:M,
1054	225994	55	defaultpop:Y,
1055	226082	69	defaultpop:Y,
1056	226359	53	defaultpop:Y,
1057	226389	64	defaultpop:Y,
1058	226667	17	defaultpop:Y,
1059	226884	69	defaultpop:Y,
1060	227018	16	defaultpop:S,
1061	227318	60	defaultpop:Y,
1062	227672	81	defaultpop:Y,
1063	227787	19	defaultpop:Y,
1064	227842	38	defaultpop:S,
1065	227881	84	defaultpop:Y,
1066	228011	51	defaultpop:R,
1067	228140	68	defaultpop:Y,
1068	228276	38	defaultpop:Y,
1069	228281	57	defaultpop:R,
1070	228877	31	defaultpop:R,
1071	228978	60	defaultpop:Y,
1072	229143	84	defaultpop:R,
1073	229147	85	defaultpop:R,
1074	229431	52	defaultpop:Y,
1075	229992	68	defaultpop:R,
1076	230361	21	defaultpop:Y,
1077	230398	26	defaultpop:S,
1078	230442	41	defaultpop:Y,
1079	230521	65	defaultpop:R,
1080	230553	47	defaultpop:Y,
1081	230619	11	defaultpop:W,
1082	230635	62	defaultpop:R,
1083	231110	16	defaultpop:K,
1084	231701	40	defaultpop:Y,
1085	231728	13	defaultpop:K,
1086	231760	6	defaultpop:M,
1087	232285	61	defaultpop:Y,
1088	232301	20	defaultpop:R,
1089	232628	11	defaultpop:R,
1090	232663	60	defaultpop:R,
1091	232740	13	defaultpop:R,
1092	233101	13	defaultpop:S,
1093	233203	57	defaultpop:M,
1094	233367	34	defaultpop:Y,
1095	233496	68	defaultpop:Y,
1096	233860	17	defaultpop:Y,
1097	233862	81	defaultpop:K,
1098	234154	76	defaultpop:R,
1099	234720	8	defaultpop:Y,
1100	235201	87	defaultpop:Y,
1101	235219	77	defaultpop:R,
1102	235355	5	defaultpop:M,
1103	235423	62	defaultpop:Y,
1104	235448	7	defaultpop:Y,
1105	236169	8	defaultpop:R,
1106	236395	37	defaultpop:Y,
1107	236405	37	defaultpop:W,
1108	236499	45	defaultpop:Y,
1109	236667	55	defaultpop:K,
1110	236991	35	defaultpop:K,
1111	237102	67	defaultpop:Y,
1112	237512	81	defaultpop:Y,
1113	237567	19	defaultpop:M,
1114	237674	67	defaultpop:K,
1115	238153	28	defaultpop:R,
1116	238200	18	defaultpop:R,
1117	238290	38	defaultpop:K,
1118	238319	28	defaultpop:K,
1119	238396	89	defaultpop:M,
1120	238404	78	defaultpop:K,
1121	238555	67	defaultpop:Y,
1122	238567	75	defaultpop:M,
1123	238759	83	defaultpop:R,
1124	238774	84	defaultpop:Y,
1125	238802	64	defaultpop:K,
1126	238828	47	defaultpop:Y,
1127	238967	58	defaultpop:M,
1128	239319	5	defaultpop:Y,
1129	239509	63	defaultpop:R,
1130	239559	83	defaultpop:W,
1131	239665	69	defaultpop:R,
1132	239864	47	defaultpop:Y,
1133	240180	25	defaultpop:R,
1134	240584	64	defaultpop:K,
1135	240618	82	defaultpop:Y,
1136	241055	37	defaultpop:Y,
1137	241756	82	defaultpop:K,
1138	241780	43	defaultpop:R,
1139	241883	30	defaultpop:K,
1140	242326	89	defaultpop:Y,
1141	242442	26	defaultpop:R,
1142	242466	9	defaultpop:W,
1143	242566	85	defaultpop:R,
1144	242802	55	defaultpop:M,
1145	242859	66	defaultpop:R,
1146	243092	21	defaultpop:Y,
1147	243121	5	defaultpop:Y,
1148	243810	58	defaultpop:K,
1149	244137	14	defaultpop:K,
1150	244219	62	defaultpop:M,
1151	244358	66	defaultpop:W,
1152	244365	24	defaultpop:K,
1153	245194	56	defaultpop:W,
1154	245203	34	defaultpop:Y,
1155	245226	16	defaultpop:K,
1156	245252	80	defaultpop:R,
1157	245595	5	defaultpop:Y,
1158	245597	51	defaultpop:Y,
1159	245650	26	defaultpop:Y,
1160	246001	17	defaultpop:W,
1161	246063	53	defaultpop:K,
1162	246509	61	defaultpop:S,
1163	246588	62	defaultpop:R,
1164	246690	24	defaultpop:Y,
1165	246999	80	defaultpop:R,
1166	247322	23	defaultpop:R,
1167	247463	19	defaultpop:M,
1168	247655	66	defaultpop:R,
1169	247790	32	defaultpop:Y,
1170	247800	21	defaultpop:R,
1171	247847	9	defaultpop:Y,
1172	248241	80	defaultpop:S,
1173	248248	88	defaultpop:S,
1174	248607	25	defaultpop:M,
1175	249078	33	defaultpop:Y,
1176	249199	26	defaultpop:W,
1177	249220	72	defaultpop:W,
1178	249435	37	defaultpop:R,
1179	249985	42	defaultpop:Y,
1180	250242	44	defaultpop:R,
1181	250371	36	defaultpop:R,
1182	250494	47	defaultpop:R,
1183	250705	54	defaultpop:R,
1184	251054	86	defaultpop:Y,
1185	251194	57	defaultpop:K,
1186	251237	12	defaultpop:M,
1187	251318	53	defaultpop:R,
1188	251494	25	defaultpop:R,
1189	251586	80	defaultpop:R,
1190	251596	74	defaultpop:K,
1191	251614	11	defaultpop:R,
1192	251670	39	defaultpop:R,
1193	251814	30	defaultpop:M,
1194	251853	7	defaultpop:Y,
1195	251929	56	defaultpop:S,
1196	252331	26	defaultpop:R,
1197	252452	67	defaultpop:Y,
1198	252602	49	defaultpop:R,
1199	252752	18	defaultpop:K,
1200	252798	13	defaultpop:Y,
1201	252865	14	defaultpop:R,
1202	253848	46	defaultpop:M,
1203	253857	42	defaultpop:Y,
1204	254422	65	defaultpop:W,
1205	254790	83	defaultpop:Y,
1206	254881	43	defaultpop:K,
1207	255363	35	defaultpop:R,
1208	255615	65	defaultpop:S,
1209	256090	50	defaultpop:R,
1210	256147	87	defaultpop:M,
1211	256676	9	defaultpop:M,
1212	256797	35	defaultpop:Y,
1213	257038	9	defaultpop:R,
1214	257121	13	defaultpop:R,
1215	257271	62	defaultpop:K,
1216	257353	28	defaultpop:R,
1217	257504	83	defaultpop:Y,
1218	257602	70	defaultpop:W,
1219	257605	11	defaultpop:S,
1220	257668	61	defaultpop:Y,
1221	257769	11	defaultpop:R,
1222	258035	17	defaultpop:M,
1223	258314	12	defaultpop:K,
1224	258579	11	defaultpop:Y,
1225	259420	36	defaultpop:R,
1226	259882	22	defaultpop:R,
1227	259973	23	defaultpop:M,
1228	260026	19	defaultpop:Y,
1229	260507	58	defaultpop:Y,
1230	260627	26	defaultpop:R,
1231	260797	20	defaultpop:W,
1232	260941	33	defaultpop:M,
1233	261152	25	defaultpop:Y,
1234	261223	59	defaultpop:M,
1235	261352	78	defaultpop:K,
1236	261506	47	defaultpop:R,
1237	261814	7	defaultpop:Y,
1238	261933	18	defaultpop:W,
1239	262390	24	defaultpop:R,
1240	262438	80	defaultpop:K,
1241	262608	20	defaultpop:W,
1242	262998	38	defaultpop:M,
1243	263099	16	defaultpop:Y,
1244	263268	56	defaultpop:Y,
1245	263387	63	defaultpop:Y,
1246	263453	55	defaultpop:R,
1247	263565	47	defaultpop:Y,
1248	263889	51	defaultpop:R,
1249	264983	50	defaultpop:M,
1250	265075	9	defaultpop:Y,
1251	265237	32	defaultpop:Y,
1252	265392	40	defaultpop:R,
1253	265493	54	defaultpop:Y,
1254	265875	76	defaultpop:M,
1255	265907	72	defaultpop:Y,
1256	266538	5	defaultpop:K,
1257	266796	55	defaultpop:S,
1258	266798	26	defaultpop:R,
1259	266936	62	defaultpop:K,
1260	266947	72	defaultpop:M,
1261	266974	11	defaultpop:Y,
1262	267015	12	defaultpop:R,
1263	267501	10	defaultpop:Y,
1264	268139	12	defaultpop:W,
1265	268183	18	defaultpop:W,
1266	268305	81	defaultpop:Y,
1267	268753	28	defaultpop:Y,
1268	268900	44	defaultpop:Y,
1269	268919	70	defaultpop:Y,
1270	269021	42	defaultpop:Y,
1271	269059	6	defaultpop:R,
1272	269225	78	defaultpop:M,
1273	269342	38	defaultpop:S,
1274	269760	73	defaultpop:R,
1275	269780	20	defaultpop:R,
1276	270455	32	defaultpop:Y,
1277	270780	57	defaultpop:W,
1278	270846	23	defaultpop:R,
1279	271155	75	defaultpop:K,
1280	271728	78	defaultpop:R,
1281	272110	33	defaultpop:R,
1282	272423	14	defaultpop:Y,
1283	272593	13	defaultpop:Y,
1284	272618	43	defaultpop:R,
1285	272816	43	defaultpop:R,
1286	273136	14	defaultpop:Y,
1287	273150	45	defaultpop:K,
1288	273198	47	defaultpop:Y,
1289	273500	67	defaultpop:S,
1290	273689	88	defaultpop:W,
1291	274282	5	defaultpop:R,
1292	274542	30	defaultpop:S,
1293	274702	16	defaultpop:R,
1294	274971	67	defaultpop:M,
1295	275413	25	defaultpop:M,
1296	275494	23	defaultpop:K,
1297	275607	27	defaultpop:R,
1298	275713	37	defaultpop:Y,
1299	275758	5	defaultpop:K,
1300	275759	13	defaultpop:M,
1301	275948	5	defaultpop:Y,
1302	276010	44	defaultpop:Y,
1303	276061	62	defaultpop:R,
1304	276332	30	defaultpop:M,
1305	276429	87	defaultpop:R,
1306	277487	68	defaultpop:Y,
1307	277553	25	defaultpop:Y,
1308	277896	61	defaultpop:M,
1309	278256	6	defaultpop:Y,
1310	278533	34	defaultpop:R,
1311	278569	21	defaultpop:W,
1312	278800	58	defaultpop:Y,
1313	279412	86	defaultpop:R,
1314	279486	51	defaultpop:Y,
1315	279517	73	defaultpop:M,
1316	279574	63	defaultpop:S,
1317	279575	19	defaultpop:W,
1318	279627	20	defaultpop:K,
1319	280195	39	defaultpop:W,
1320	280255	35	defaultpop:W,
1321	280482	38	defaultpop:K,
1322	280493	28	defaultpop:R,
1323	280555	32	defaultpop:S,
1324	280985	43	defaultpop:R,
1325	281131	6	defaultpop:S,
1326	281235	17	defaultpop:R,
1327	281540	70	defaultpop:Y,
1328	281675	57	defaultpop:Y,
1329	281881	16	defaultpop:R,
1330	282151	6	defaultpop:R,
1331	282159	41	defaultpop:W,
1332	282260	79	defaultpop:Y,
1333	283682	23	defaultpop:Y,
1334	283842	73	defaultpop:S,
1335	284296	67	defaultpop:R,
1336	284446	22	defaultpop:Y,
1337	284733	74	defaultpop:S,
1338	284872	45	defaultpop:W,
1339	285542	81	defaultpop:R,
1340	285772	38	defaultpop:R,
1341	286477	55	defaultpop:M,
1342	286677	66	defaultpop:R,
1343	286881	42	defaultpop:W,
1344	287204	76	defaultpop:Y,
1345	287213	27	defaultpop:W,
1346	287517	26	defaultpop:Y,
1347	287597	23	defaultpop:Y,
1348	288101	67	defaultpop:Y,
1349	288213	83	defaultpop:Y,
1350	288731	46	defaultpop:Y,
1351	288976	34	defaultpop:K,
1352	289025	62	defaultpop:W,
1353	289635	65	defaultpop:Y,
1354	289656	25	defaultpop:R,
1355	289699	49	defaultpop:Y,
1356	290550	20	defaultpop:R,
1357	290776	7	defaultpop:R,
1358	291716	12	defaultpop:K,
1359	292076	21	defaultpop:R,
1360	292198	35	defaultpop:R,
1361	292447	36	defaultpop:R,
1362	292686	21	defaultpop:W,
1363	293555	66	defaultpop:Y,
1364	293853	87	defaultpop:Y,
1365	294018	37	defaultpop:Y,
1366	294231	44	defaultpop:R,
1367	294374	10	defaultpop:R,
1368	294382	15	defaultpop:Y,
1369	294544	21	defaultpop:R,
1370	294600	7	defaultpop:R,
1371	294843	16	defaultpop:R,
1372	294984	14	defaultpop:Y,
1373	295087	83	defaultpop:Y,
1374	295737	20	defaultpop:W,
1375	295921	32	defaultpop:R,
1376	296499	35	defaultpop:M,
1377	296868	26	defaultpop:K,
1378	296936	30	defaultpop:M,
1379	296944	29	defaultpop:W,
1380	297110	46	defaultpop:R,
1381	297111	15	defaultpop:R,
1382	297350	45	defaultpop:S,
1383	297607	36	defaultpop:Y,
1384	297685	45	defaultpop:M,
1385	298000	76	defaultpop:S,
1386	298035	33	defaultpop:Y,
1387	298112	7	defaultpop:Y,
1388	298134	41	defaultpop:Y,
1389	298402	30	defaultpop:Y,
1390	298478	62	defaultpop:R,
1391	298656	36	defaultpop:Y,
1392	298689	28	defaultpop:R,
1393	298724	25	defaultpop:R,
1394	298969	13	defaultpop:W,
1395	299050	26	defaultpop:Y,
1396	299183	34	defaultpop:Y,
1397	299687	13	defaultpop:R,
1398	299761	68	defaultpop:Y,
1399	299817	50	defaultpop:R,
1400	299922	87	defaultpop:K,
1401	299964	44	defaultpop:R,
1402	300022	72	defaultpop:M,
1403	300430	15	defaultpop:W,
1404	300609	81	defaultpop:W,
1405	300778	17	defaultpop:R,
1406	300858	24	defaultpop:R,
1407	301019	89	defaultpop:R,
1408	301072	48	defaultpop:R,
1409	301393	11	defaultpop:Y,
1410	301497	19	defaultpop:R,
1411	301506	41	defaultpop:W,
1412	301564	6	defaultpop:Y,
1413	301598	45	defaultpop:Y,
1414	301802	8	defaultpop:R,
1415	302169	76	defaultpop:Y,
1416	302253	42	defaultpop:R,
1417	302718	7	defaultpop:M,
1418	302840	17	defaultpop:Y,
1419	303078	65	defaultpop:R,
1420	303609	53	defaultpop:R,
1421	303627	66	defaultpop:Y,
1422	303791	19	defaultpop:R,
1423	303964	23	defaultpop:K,
1424	304073	56	defaultpop:R,
1425	304166	27	defaultpop:R,
1426	304186	32	defaultpop:Y,
1427	304397	12	defaultpop:M,
1428	304641	17	defaultpop:Y,
1429	304729	50	defaultpop:Y,
1430	304757	73	defaultpop:S,
1431	305009	73	defaultpop:K,
1432	305188	48	defaultpop:W,
1433	305287	44	defaultpop:K,
1434	305295	27	defaultpop:K,
1435	305299	55	defaultpop:R,
1436	305461	16	defaultpop:Y,
1437	305483	12	defaultpop:R,
1438	305659	13	defaultpop:M,
1439	306033	59	defaultpop:Y,
1440	306090	16	defaultpop:K,
1441	306164	36	defaultpop:M,
1442	306254	55	defaultpop:M,
1443	306537	76	defaultpop:W,
1444	306726	12	defaultpop:R,
1445	306812	78	defaultpop:Y,
1446	306898	45	defaultpop:R,
1447	306998	21	defaultpop:K,
1448	307029	25	defaultpop:W,
1449	308054	35	defaultpop:R,
1450	308281	83	defaultpop:Y,
1451	309029	74	defaultpop:Y,
1452	309125	48	defaultpop:R,
1453	309384	5	defaultpop:Y,
1454	310531	27	defaultpop:R,
1455	310950	30	defaultpop:W,
1456	311170	14	defaultpop:R,
1457	311258	68	defaultpop:Y,
1458	311347	34	defaultpop:Y,
1459	311896	88	defaultpop:Y,
1460	311916	44	defaultpop:S,
1461	312281	57	defaultpop:Y,
1462	312466	23	defaultpop:K,
1463	312701	70	defaultpop:W,
1464	312743	39	defaultpop:Y,
1465	312935	73	defaultpop:R,
1466	313109	22	defaultpop:M,
1467	313340	13	defaultpop:Y,
1468	313468	48	defaultpop:S,
1469	314229	27	defaultpop:Y,
1470	314637	13	defaultpop:M,
1471	316074	50	defaultpop:Y,
1472	316107	40	defaultpop:R,
1473	316138	22	defaultpop:Y,
1474	316409	37	defaultpop:R,
1475	316805	23	defaultpop:R,
1476	317136	86	defaultpop:Y,
1477	317434	45	defaultpop:Y,
1478	317630	29	defaultpop:Y,
1479	317657	10	defaultpop:K,
1480	318135	56	defaultpop:Y,
1481	318154	33	defaultpop:Y,
1482	318446	5	defaultpop:R,
1483	318523	30	defaultpop:S,
1484	318688	43	defaultpop:Y,
1485	318706	69	defaultpop:R,
1486	318900	7	defaultpop:R,
1487	318959	77	defaultpop:R,
1488	319250	34	defaultpop:M,
1489	319388	11	defaultpop:Y,
1490	319437	86	defaultpop:R,
1491	319609	21	defaultpop:R,
1492	319791	87	defaultpop:M,
1493	319958	7	defaultpop:R,
1494	320093	54	defaultpop:R,
1495	320176	25	defaultpop:Y,
1496	320683	21	defaultpop:Y,
1497	320820	87	defaultpop:Y,
1498	321529	19	defaultpop:W,
1499	321530	60	defaultpop:Y,
1500	321629	66	defaultpop:R,
1501	321884	53	defaultpop:K,
1502	322139	57	defaultpop:S,
1503	322181	14	defaultpop:K,
1504	322273	82	defaultpop:R,
1505	322465	9	defaultpop:W,
1506	322486	82	defaultpop:R,
1507	322748	38	defaultpop:R,
1508	322867	22	defaultpop:Y,
1509	322882	54	defaultpop:Y,
1510	323363	29	defaultpop:W,
1511	323378	20	defaultpop:R,
1512	323462	76	defaultpop:Y,
1513	323975	68	defaultpop:S,
1514	324063	52	defaultpop:K,
1515	324273	38	defaultpop:Y,
1516	324786	8	defaultpop:Y,
1517	324806	53	defaultpop:Y,
1518	324844	87	defaultpop:K,
1519	324992	21	defaultpop:K,
1520	325460	59	defaultpop:Y,
1521	325674	13	defaultpop:S,
1522	325682	66	defaultpop:S,
1523	344978	5	defaultpop:M,
1524	346039	7	defaultpop:M,
1525	376894	11	defaultpop:R,
1526	381265	12	defaultpop:Y,
1527	406630	8	defaultpop:R,
