
The following have been reloaded with a version change:
  1) zlib/1.2.11-vhzh5cf => zlib/1.2.11-ldu43ta

A population map was not specified, all samples will be read from '/work/LAS/kjroe-lab/jmahguib/UCSStacks_outputs/TrkNbr_1083n1282_L1n2_PrelimPops/' as a single popultaion.
populations parameters selected:
  Fst kernel smoothing: on
  Bootstrap resampling: off
  Percent samples limit per population: 0.8
  Locus Population limit: 3
  Minimum stack depth: 0
  Log liklihood filtering: off; threshold: 0
  Minor allele frequency cutoff: 0
  Maximum observed heterozygosity cutoff: 1
  Applying Fst correction: none.

No population map specified, building file list...
Reading the catalog...
  Parsing /work/LAS/kjroe-lab/jmahguib/UCSStacks_outputs/TrkNbr_1083n1282_L1n2_PrelimPops/batch_22540000.catalog.tags.tsv.gz
  Parsing /work/LAS/kjroe-lab/jmahguib/UCSStacks_outputs/TrkNbr_1083n1282_L1n2_PrelimPops/batch_22540000.catalog.snps.tsv.gz
  Parsing /work/LAS/kjroe-lab/jmahguib/UCSStacks_outputs/TrkNbr_1083n1282_L1n2_PrelimPops/batch_22540000.catalog.alleles.tsv.gz
Reading matches to the catalog...
  Parsing /work/LAS/kjroe-lab/jmahguib/UCSStacks_outputs/TrkNbr_1083n1282_L1n2_PrelimPops/WM1.matches.tsv.gz
  Parsing /work/LAS/kjroe-lab/jmahguib/UCSStacks_outputs/TrkNbr_1083n1282_L1n2_PrelimPops/WM10.matches.tsv.gz
  Parsing /work/LAS/kjroe-lab/jmahguib/UCSStacks_outputs/TrkNbr_1083n1282_L1n2_PrelimPops/WM11.matches.tsv.gz
  Parsing /work/LAS/kjroe-lab/jmahguib/UCSStacks_outputs/TrkNbr_1083n1282_L1n2_PrelimPops/WM12.matches.tsv.gz
  Parsing /work/LAS/kjroe-lab/jmahguib/UCSStacks_outputs/TrkNbr_1083n1282_L1n2_PrelimPops/WM13.matches.tsv.gz
  Parsing /work/LAS/kjroe-lab/jmahguib/UCSStacks_outputs/TrkNbr_1083n1282_L1n2_PrelimPops/WM14.matches.tsv.gz
  Parsing /work/LAS/kjroe-lab/jmahguib/UCSStacks_outputs/TrkNbr_1083n1282_L1n2_PrelimPops/WM15.matches.tsv.gz
  Parsing /work/LAS/kjroe-lab/jmahguib/UCSStacks_outputs/TrkNbr_1083n1282_L1n2_PrelimPops/WM16.matches.tsv.gz
  Parsing /work/LAS/kjroe-lab/jmahguib/UCSStacks_outputs/TrkNbr_1083n1282_L1n2_PrelimPops/WM17.matches.tsv.gz
  Parsing /work/LAS/kjroe-lab/jmahguib/UCSStacks_outputs/TrkNbr_1083n1282_L1n2_PrelimPops/WM18.matches.tsv.gz
  Parsing /work/LAS/kjroe-lab/jmahguib/UCSStacks_outputs/TrkNbr_1083n1282_L1n2_PrelimPops/WM183.matches.tsv.gz
  Parsing /work/LAS/kjroe-lab/jmahguib/UCSStacks_outputs/TrkNbr_1083n1282_L1n2_PrelimPops/WM184.matches.tsv.gz
  Parsing /work/LAS/kjroe-lab/jmahguib/UCSStacks_outputs/TrkNbr_1083n1282_L1n2_PrelimPops/WM185.matches.tsv.gz
  Parsing /work/LAS/kjroe-lab/jmahguib/UCSStacks_outputs/TrkNbr_1083n1282_L1n2_PrelimPops/WM186.matches.tsv.gz
  Parsing /work/LAS/kjroe-lab/jmahguib/UCSStacks_outputs/TrkNbr_1083n1282_L1n2_PrelimPops/WM187.matches.tsv.gz
  Parsing /work/LAS/kjroe-lab/jmahguib/UCSStacks_outputs/TrkNbr_1083n1282_L1n2_PrelimPops/WM188.matches.tsv.gz
  Parsing /work/LAS/kjroe-lab/jmahguib/UCSStacks_outputs/TrkNbr_1083n1282_L1n2_PrelimPops/WM189.matches.tsv.gz
  Parsing /work/LAS/kjroe-lab/jmahguib/UCSStacks_outputs/TrkNbr_1083n1282_L1n2_PrelimPops/WM19.matches.tsv.gz
  Parsing /work/LAS/kjroe-lab/jmahguib/UCSStacks_outputs/TrkNbr_1083n1282_L1n2_PrelimPops/WM190.matches.tsv.gz
  Parsing /work/LAS/kjroe-lab/jmahguib/UCSStacks_outputs/TrkNbr_1083n1282_L1n2_PrelimPops/WM191.matches.tsv.gz
  Parsing /work/LAS/kjroe-lab/jmahguib/UCSStacks_outputs/TrkNbr_1083n1282_L1n2_PrelimPops/WM192.matches.tsv.gz
  Parsing /work/LAS/kjroe-lab/jmahguib/UCSStacks_outputs/TrkNbr_1083n1282_L1n2_PrelimPops/WM193.matches.tsv.gz
  Parsing /work/LAS/kjroe-lab/jmahguib/UCSStacks_outputs/TrkNbr_1083n1282_L1n2_PrelimPops/WM194.matches.tsv.gz
  Parsing /work/LAS/kjroe-lab/jmahguib/UCSStacks_outputs/TrkNbr_1083n1282_L1n2_PrelimPops/WM195.matches.tsv.gz
  Parsing /work/LAS/kjroe-lab/jmahguib/UCSStacks_outputs/TrkNbr_1083n1282_L1n2_PrelimPops/WM196.matches.tsv.gz
  Parsing /work/LAS/kjroe-lab/jmahguib/UCSStacks_outputs/TrkNbr_1083n1282_L1n2_PrelimPops/WM197.matches.tsv.gz
  Parsing /work/LAS/kjroe-lab/jmahguib/UCSStacks_outputs/TrkNbr_1083n1282_L1n2_PrelimPops/WM198.matches.tsv.gz
  Parsing /work/LAS/kjroe-lab/jmahguib/UCSStacks_outputs/TrkNbr_1083n1282_L1n2_PrelimPops/WM199.matches.tsv.gz
  Parsing /work/LAS/kjroe-lab/jmahguib/UCSStacks_outputs/TrkNbr_1083n1282_L1n2_PrelimPops/WM2.matches.tsv.gz
  Parsing /work/LAS/kjroe-lab/jmahguib/UCSStacks_outputs/TrkNbr_1083n1282_L1n2_PrelimPops/WM20.matches.tsv.gz
  Parsing /work/LAS/kjroe-lab/jmahguib/UCSStacks_outputs/TrkNbr_1083n1282_L1n2_PrelimPops/WM200.matches.tsv.gz
  Parsing /work/LAS/kjroe-lab/jmahguib/UCSStacks_outputs/TrkNbr_1083n1282_L1n2_PrelimPops/WM201.matches.tsv.gz
  Parsing /work/LAS/kjroe-lab/jmahguib/UCSStacks_outputs/TrkNbr_1083n1282_L1n2_PrelimPops/WM202.matches.tsv.gz
  Parsing /work/LAS/kjroe-lab/jmahguib/UCSStacks_outputs/TrkNbr_1083n1282_L1n2_PrelimPops/WM203.matches.tsv.gz
  Parsing /work/LAS/kjroe-lab/jmahguib/UCSStacks_outputs/TrkNbr_1083n1282_L1n2_PrelimPops/WM204.matches.tsv.gz
  Parsing /work/LAS/kjroe-lab/jmahguib/UCSStacks_outputs/TrkNbr_1083n1282_L1n2_PrelimPops/WM205.matches.tsv.gz
  Parsing /work/LAS/kjroe-lab/jmahguib/UCSStacks_outputs/TrkNbr_1083n1282_L1n2_PrelimPops/WM206.matches.tsv.gz
  Parsing /work/LAS/kjroe-lab/jmahguib/UCSStacks_outputs/TrkNbr_1083n1282_L1n2_PrelimPops/WM21.matches.tsv.gz
  Parsing /work/LAS/kjroe-lab/jmahguib/UCSStacks_outputs/TrkNbr_1083n1282_L1n2_PrelimPops/WM22.matches.tsv.gz
  Parsing /work/LAS/kjroe-lab/jmahguib/UCSStacks_outputs/TrkNbr_1083n1282_L1n2_PrelimPops/WM23.matches.tsv.gz
  Parsing /work/LAS/kjroe-lab/jmahguib/UCSStacks_outputs/TrkNbr_1083n1282_L1n2_PrelimPops/WM24.matches.tsv.gz
  Parsing /work/LAS/kjroe-lab/jmahguib/UCSStacks_outputs/TrkNbr_1083n1282_L1n2_PrelimPops/WM3.matches.tsv.gz
  Parsing /work/LAS/kjroe-lab/jmahguib/UCSStacks_outputs/TrkNbr_1083n1282_L1n2_PrelimPops/WM4.matches.tsv.gz
  Parsing /work/LAS/kjroe-lab/jmahguib/UCSStacks_outputs/TrkNbr_1083n1282_L1n2_PrelimPops/WM482.matches.tsv.gz
  Parsing /work/LAS/kjroe-lab/jmahguib/UCSStacks_outputs/TrkNbr_1083n1282_L1n2_PrelimPops/WM483.matches.tsv.gz
  Parsing /work/LAS/kjroe-lab/jmahguib/UCSStacks_outputs/TrkNbr_1083n1282_L1n2_PrelimPops/WM484.matches.tsv.gz
  Parsing /work/LAS/kjroe-lab/jmahguib/UCSStacks_outputs/TrkNbr_1083n1282_L1n2_PrelimPops/WM485.matches.tsv.gz
  Parsing /work/LAS/kjroe-lab/jmahguib/UCSStacks_outputs/TrkNbr_1083n1282_L1n2_PrelimPops/WM486.matches.tsv.gz
  Parsing /work/LAS/kjroe-lab/jmahguib/UCSStacks_outputs/TrkNbr_1083n1282_L1n2_PrelimPops/WM487.matches.tsv.gz
  Parsing /work/LAS/kjroe-lab/jmahguib/UCSStacks_outputs/TrkNbr_1083n1282_L1n2_PrelimPops/WM488.matches.tsv.gz
  Parsing /work/LAS/kjroe-lab/jmahguib/UCSStacks_outputs/TrkNbr_1083n1282_L1n2_PrelimPops/WM489.matches.tsv.gz
  Parsing /work/LAS/kjroe-lab/jmahguib/UCSStacks_outputs/TrkNbr_1083n1282_L1n2_PrelimPops/WM490.matches.tsv.gz
  Parsing /work/LAS/kjroe-lab/jmahguib/UCSStacks_outputs/TrkNbr_1083n1282_L1n2_PrelimPops/WM491.matches.tsv.gz
  Parsing /work/LAS/kjroe-lab/jmahguib/UCSStacks_outputs/TrkNbr_1083n1282_L1n2_PrelimPops/WM492.matches.tsv.gz
  Parsing /work/LAS/kjroe-lab/jmahguib/UCSStacks_outputs/TrkNbr_1083n1282_L1n2_PrelimPops/WM493.matches.tsv.gz
  Parsing /work/LAS/kjroe-lab/jmahguib/UCSStacks_outputs/TrkNbr_1083n1282_L1n2_PrelimPops/WM494.matches.tsv.gz
  Parsing /work/LAS/kjroe-lab/jmahguib/UCSStacks_outputs/TrkNbr_1083n1282_L1n2_PrelimPops/WM495.matches.tsv.gz
  Parsing /work/LAS/kjroe-lab/jmahguib/UCSStacks_outputs/TrkNbr_1083n1282_L1n2_PrelimPops/WM496.matches.tsv.gz
  Parsing /work/LAS/kjroe-lab/jmahguib/UCSStacks_outputs/TrkNbr_1083n1282_L1n2_PrelimPops/WM497.matches.tsv.gz
  Parsing /work/LAS/kjroe-lab/jmahguib/UCSStacks_outputs/TrkNbr_1083n1282_L1n2_PrelimPops/WM498.matches.tsv.gz
  Parsing /work/LAS/kjroe-lab/jmahguib/UCSStacks_outputs/TrkNbr_1083n1282_L1n2_PrelimPops/WM499.matches.tsv.gz
  Parsing /work/LAS/kjroe-lab/jmahguib/UCSStacks_outputs/TrkNbr_1083n1282_L1n2_PrelimPops/WM5.matches.tsv.gz
  Parsing /work/LAS/kjroe-lab/jmahguib/UCSStacks_outputs/TrkNbr_1083n1282_L1n2_PrelimPops/WM500.matches.tsv.gz
  Parsing /work/LAS/kjroe-lab/jmahguib/UCSStacks_outputs/TrkNbr_1083n1282_L1n2_PrelimPops/WM501.matches.tsv.gz
  Parsing /work/LAS/kjroe-lab/jmahguib/UCSStacks_outputs/TrkNbr_1083n1282_L1n2_PrelimPops/WM502.matches.tsv.gz
  Parsing /work/LAS/kjroe-lab/jmahguib/UCSStacks_outputs/TrkNbr_1083n1282_L1n2_PrelimPops/WM503.matches.tsv.gz
  Parsing /work/LAS/kjroe-lab/jmahguib/UCSStacks_outputs/TrkNbr_1083n1282_L1n2_PrelimPops/WM504.matches.tsv.gz
  Parsing /work/LAS/kjroe-lab/jmahguib/UCSStacks_outputs/TrkNbr_1083n1282_L1n2_PrelimPops/WM505.matches.tsv.gz
  Parsing /work/LAS/kjroe-lab/jmahguib/UCSStacks_outputs/TrkNbr_1083n1282_L1n2_PrelimPops/WM6.matches.tsv.gz
  Parsing /work/LAS/kjroe-lab/jmahguib/UCSStacks_outputs/TrkNbr_1083n1282_L1n2_PrelimPops/WM7.matches.tsv.gz
  Parsing /work/LAS/kjroe-lab/jmahguib/UCSStacks_outputs/TrkNbr_1083n1282_L1n2_PrelimPops/WM721.matches.tsv.gz
  Parsing /work/LAS/kjroe-lab/jmahguib/UCSStacks_outputs/TrkNbr_1083n1282_L1n2_PrelimPops/WM722.matches.tsv.gz
  Parsing /work/LAS/kjroe-lab/jmahguib/UCSStacks_outputs/TrkNbr_1083n1282_L1n2_PrelimPops/WM723.matches.tsv.gz
  Parsing /work/LAS/kjroe-lab/jmahguib/UCSStacks_outputs/TrkNbr_1083n1282_L1n2_PrelimPops/WM724.matches.tsv.gz
  Parsing /work/LAS/kjroe-lab/jmahguib/UCSStacks_outputs/TrkNbr_1083n1282_L1n2_PrelimPops/WM725.matches.tsv.gz
  Parsing /work/LAS/kjroe-lab/jmahguib/UCSStacks_outputs/TrkNbr_1083n1282_L1n2_PrelimPops/WM726.matches.tsv.gz
  Parsing /work/LAS/kjroe-lab/jmahguib/UCSStacks_outputs/TrkNbr_1083n1282_L1n2_PrelimPops/WM727.matches.tsv.gz
  Parsing /work/LAS/kjroe-lab/jmahguib/UCSStacks_outputs/TrkNbr_1083n1282_L1n2_PrelimPops/WM728.matches.tsv.gz
  Parsing /work/LAS/kjroe-lab/jmahguib/UCSStacks_outputs/TrkNbr_1083n1282_L1n2_PrelimPops/WM729.matches.tsv.gz
  Parsing /work/LAS/kjroe-lab/jmahguib/UCSStacks_outputs/TrkNbr_1083n1282_L1n2_PrelimPops/WM730.matches.tsv.gz
  Parsing /work/LAS/kjroe-lab/jmahguib/UCSStacks_outputs/TrkNbr_1083n1282_L1n2_PrelimPops/WM731.matches.tsv.gz
  Parsing /work/LAS/kjroe-lab/jmahguib/UCSStacks_outputs/TrkNbr_1083n1282_L1n2_PrelimPops/WM732.matches.tsv.gz
  Parsing /work/LAS/kjroe-lab/jmahguib/UCSStacks_outputs/TrkNbr_1083n1282_L1n2_PrelimPops/WM733.matches.tsv.gz
  Parsing /work/LAS/kjroe-lab/jmahguib/UCSStacks_outputs/TrkNbr_1083n1282_L1n2_PrelimPops/WM734.matches.tsv.gz
  Parsing /work/LAS/kjroe-lab/jmahguib/UCSStacks_outputs/TrkNbr_1083n1282_L1n2_PrelimPops/WM735.matches.tsv.gz
  Parsing /work/LAS/kjroe-lab/jmahguib/UCSStacks_outputs/TrkNbr_1083n1282_L1n2_PrelimPops/WM736.matches.tsv.gz
  Parsing /work/LAS/kjroe-lab/jmahguib/UCSStacks_outputs/TrkNbr_1083n1282_L1n2_PrelimPops/WM737.matches.tsv.gz
  Parsing /work/LAS/kjroe-lab/jmahguib/UCSStacks_outputs/TrkNbr_1083n1282_L1n2_PrelimPops/WM738.matches.tsv.gz
  Parsing /work/LAS/kjroe-lab/jmahguib/UCSStacks_outputs/TrkNbr_1083n1282_L1n2_PrelimPops/WM739.matches.tsv.gz
  Parsing /work/LAS/kjroe-lab/jmahguib/UCSStacks_outputs/TrkNbr_1083n1282_L1n2_PrelimPops/WM740.matches.tsv.gz
  Parsing /work/LAS/kjroe-lab/jmahguib/UCSStacks_outputs/TrkNbr_1083n1282_L1n2_PrelimPops/WM741.matches.tsv.gz
  Parsing /work/LAS/kjroe-lab/jmahguib/UCSStacks_outputs/TrkNbr_1083n1282_L1n2_PrelimPops/WM742.matches.tsv.gz
  Parsing /work/LAS/kjroe-lab/jmahguib/UCSStacks_outputs/TrkNbr_1083n1282_L1n2_PrelimPops/WM743.matches.tsv.gz
  Parsing /work/LAS/kjroe-lab/jmahguib/UCSStacks_outputs/TrkNbr_1083n1282_L1n2_PrelimPops/WM744.matches.tsv.gz
  Parsing /work/LAS/kjroe-lab/jmahguib/UCSStacks_outputs/TrkNbr_1083n1282_L1n2_PrelimPops/WM8.matches.tsv.gz
  Parsing /work/LAS/kjroe-lab/jmahguib/UCSStacks_outputs/TrkNbr_1083n1282_L1n2_PrelimPops/WM9.matches.tsv.gz
Catalog is not reference aligned, arbitrarily ordering catalog loci.
Working on 96 samples.
Working on 1 population(s):
    defaultpop: WM1, WM10, WM11, WM12, WM13, WM14, WM15, WM16, WM17, WM18, WM183, WM184, WM185, WM186, WM187, WM188, WM189, WM19, WM190, WM191, WM192, WM193, WM194, WM195, WM196, WM197, WM198, WM199, WM2, WM20, WM200, WM201, WM202, WM203, WM204, WM205, WM206, WM21, WM22, WM23, WM24, WM3, WM4, WM482, WM483, WM484, WM485, WM486, WM487, WM488, WM489, WM490, WM491, WM492, WM493, WM494, WM495, WM496, WM497, WM498, WM499, WM5, WM500, WM501, WM502, WM503, WM504, WM505, WM6, WM7, WM721, WM722, WM723, WM724, WM725, WM726, WM727, WM728, WM729, WM730, WM731, WM732, WM733, WM734, WM735, WM736, WM737, WM738, WM739, WM740, WM741, WM742, WM743, WM744, WM8, WM9
Working on 1 group(s) of populations:
    defaultgrp: defaultpop
Notice: Population limit (3) larger than number of popualtions present, adjusting parameter to 1
Populating observed haplotypes for 96 samples, 1183659 loci.
Removing 1161664 loci that did not pass sample/population constraints... retained 21995 loci.
Loading model outputs for 96 samples, 21995 loci.
  Parsing /work/LAS/kjroe-lab/jmahguib/UCSStacks_outputs/TrkNbr_1083n1282_L1n2_PrelimPops/WM1.models.tsv.gz
  Parsing /work/LAS/kjroe-lab/jmahguib/UCSStacks_outputs/TrkNbr_1083n1282_L1n2_PrelimPops/WM10.models.tsv.gz
  Parsing /work/LAS/kjroe-lab/jmahguib/UCSStacks_outputs/TrkNbr_1083n1282_L1n2_PrelimPops/WM11.models.tsv.gz
  Parsing /work/LAS/kjroe-lab/jmahguib/UCSStacks_outputs/TrkNbr_1083n1282_L1n2_PrelimPops/WM12.models.tsv.gz
  Parsing /work/LAS/kjroe-lab/jmahguib/UCSStacks_outputs/TrkNbr_1083n1282_L1n2_PrelimPops/WM13.models.tsv.gz
  Parsing /work/LAS/kjroe-lab/jmahguib/UCSStacks_outputs/TrkNbr_1083n1282_L1n2_PrelimPops/WM14.models.tsv.gz
  Parsing /work/LAS/kjroe-lab/jmahguib/UCSStacks_outputs/TrkNbr_1083n1282_L1n2_PrelimPops/WM15.models.tsv.gz
  Parsing /work/LAS/kjroe-lab/jmahguib/UCSStacks_outputs/TrkNbr_1083n1282_L1n2_PrelimPops/WM16.models.tsv.gz
  Parsing /work/LAS/kjroe-lab/jmahguib/UCSStacks_outputs/TrkNbr_1083n1282_L1n2_PrelimPops/WM17.models.tsv.gz
  Parsing /work/LAS/kjroe-lab/jmahguib/UCSStacks_outputs/TrkNbr_1083n1282_L1n2_PrelimPops/WM18.models.tsv.gz
  Parsing /work/LAS/kjroe-lab/jmahguib/UCSStacks_outputs/TrkNbr_1083n1282_L1n2_PrelimPops/WM183.models.tsv.gz
  Parsing /work/LAS/kjroe-lab/jmahguib/UCSStacks_outputs/TrkNbr_1083n1282_L1n2_PrelimPops/WM184.models.tsv.gz
  Parsing /work/LAS/kjroe-lab/jmahguib/UCSStacks_outputs/TrkNbr_1083n1282_L1n2_PrelimPops/WM185.models.tsv.gz
  Parsing /work/LAS/kjroe-lab/jmahguib/UCSStacks_outputs/TrkNbr_1083n1282_L1n2_PrelimPops/WM186.models.tsv.gz
  Parsing /work/LAS/kjroe-lab/jmahguib/UCSStacks_outputs/TrkNbr_1083n1282_L1n2_PrelimPops/WM187.models.tsv.gz
  Parsing /work/LAS/kjroe-lab/jmahguib/UCSStacks_outputs/TrkNbr_1083n1282_L1n2_PrelimPops/WM188.models.tsv.gz
  Parsing /work/LAS/kjroe-lab/jmahguib/UCSStacks_outputs/TrkNbr_1083n1282_L1n2_PrelimPops/WM189.models.tsv.gz
  Parsing /work/LAS/kjroe-lab/jmahguib/UCSStacks_outputs/TrkNbr_1083n1282_L1n2_PrelimPops/WM19.models.tsv.gz
  Parsing /work/LAS/kjroe-lab/jmahguib/UCSStacks_outputs/TrkNbr_1083n1282_L1n2_PrelimPops/WM190.models.tsv.gz
  Parsing /work/LAS/kjroe-lab/jmahguib/UCSStacks_outputs/TrkNbr_1083n1282_L1n2_PrelimPops/WM191.models.tsv.gz
  Parsing /work/LAS/kjroe-lab/jmahguib/UCSStacks_outputs/TrkNbr_1083n1282_L1n2_PrelimPops/WM192.models.tsv.gz
  Parsing /work/LAS/kjroe-lab/jmahguib/UCSStacks_outputs/TrkNbr_1083n1282_L1n2_PrelimPops/WM193.models.tsv.gz
  Parsing /work/LAS/kjroe-lab/jmahguib/UCSStacks_outputs/TrkNbr_1083n1282_L1n2_PrelimPops/WM194.models.tsv.gz
  Parsing /work/LAS/kjroe-lab/jmahguib/UCSStacks_outputs/TrkNbr_1083n1282_L1n2_PrelimPops/WM195.models.tsv.gz
  Parsing /work/LAS/kjroe-lab/jmahguib/UCSStacks_outputs/TrkNbr_1083n1282_L1n2_PrelimPops/WM196.models.tsv.gz
  Parsing /work/LAS/kjroe-lab/jmahguib/UCSStacks_outputs/TrkNbr_1083n1282_L1n2_PrelimPops/WM197.models.tsv.gz
  Parsing /work/LAS/kjroe-lab/jmahguib/UCSStacks_outputs/TrkNbr_1083n1282_L1n2_PrelimPops/WM198.models.tsv.gz
  Parsing /work/LAS/kjroe-lab/jmahguib/UCSStacks_outputs/TrkNbr_1083n1282_L1n2_PrelimPops/WM199.models.tsv.gz
  Parsing /work/LAS/kjroe-lab/jmahguib/UCSStacks_outputs/TrkNbr_1083n1282_L1n2_PrelimPops/WM2.models.tsv.gz
  Parsing /work/LAS/kjroe-lab/jmahguib/UCSStacks_outputs/TrkNbr_1083n1282_L1n2_PrelimPops/WM20.models.tsv.gz
  Parsing /work/LAS/kjroe-lab/jmahguib/UCSStacks_outputs/TrkNbr_1083n1282_L1n2_PrelimPops/WM200.models.tsv.gz
  Parsing /work/LAS/kjroe-lab/jmahguib/UCSStacks_outputs/TrkNbr_1083n1282_L1n2_PrelimPops/WM201.models.tsv.gz
  Parsing /work/LAS/kjroe-lab/jmahguib/UCSStacks_outputs/TrkNbr_1083n1282_L1n2_PrelimPops/WM202.models.tsv.gz
  Parsing /work/LAS/kjroe-lab/jmahguib/UCSStacks_outputs/TrkNbr_1083n1282_L1n2_PrelimPops/WM203.models.tsv.gz
  Parsing /work/LAS/kjroe-lab/jmahguib/UCSStacks_outputs/TrkNbr_1083n1282_L1n2_PrelimPops/WM204.models.tsv.gz
  Parsing /work/LAS/kjroe-lab/jmahguib/UCSStacks_outputs/TrkNbr_1083n1282_L1n2_PrelimPops/WM205.models.tsv.gz
  Parsing /work/LAS/kjroe-lab/jmahguib/UCSStacks_outputs/TrkNbr_1083n1282_L1n2_PrelimPops/WM206.models.tsv.gz
  Parsing /work/LAS/kjroe-lab/jmahguib/UCSStacks_outputs/TrkNbr_1083n1282_L1n2_PrelimPops/WM21.models.tsv.gz
  Parsing /work/LAS/kjroe-lab/jmahguib/UCSStacks_outputs/TrkNbr_1083n1282_L1n2_PrelimPops/WM22.models.tsv.gz
  Parsing /work/LAS/kjroe-lab/jmahguib/UCSStacks_outputs/TrkNbr_1083n1282_L1n2_PrelimPops/WM23.models.tsv.gz
  Parsing /work/LAS/kjroe-lab/jmahguib/UCSStacks_outputs/TrkNbr_1083n1282_L1n2_PrelimPops/WM24.models.tsv.gz
  Parsing /work/LAS/kjroe-lab/jmahguib/UCSStacks_outputs/TrkNbr_1083n1282_L1n2_PrelimPops/WM3.models.tsv.gz
  Parsing /work/LAS/kjroe-lab/jmahguib/UCSStacks_outputs/TrkNbr_1083n1282_L1n2_PrelimPops/WM4.models.tsv.gz
  Parsing /work/LAS/kjroe-lab/jmahguib/UCSStacks_outputs/TrkNbr_1083n1282_L1n2_PrelimPops/WM482.models.tsv.gz
  Parsing /work/LAS/kjroe-lab/jmahguib/UCSStacks_outputs/TrkNbr_1083n1282_L1n2_PrelimPops/WM483.models.tsv.gz
  Parsing /work/LAS/kjroe-lab/jmahguib/UCSStacks_outputs/TrkNbr_1083n1282_L1n2_PrelimPops/WM484.models.tsv.gz
  Parsing /work/LAS/kjroe-lab/jmahguib/UCSStacks_outputs/TrkNbr_1083n1282_L1n2_PrelimPops/WM485.models.tsv.gz
  Parsing /work/LAS/kjroe-lab/jmahguib/UCSStacks_outputs/TrkNbr_1083n1282_L1n2_PrelimPops/WM486.models.tsv.gz
  Parsing /work/LAS/kjroe-lab/jmahguib/UCSStacks_outputs/TrkNbr_1083n1282_L1n2_PrelimPops/WM487.models.tsv.gz
  Parsing /work/LAS/kjroe-lab/jmahguib/UCSStacks_outputs/TrkNbr_1083n1282_L1n2_PrelimPops/WM488.models.tsv.gz
  Parsing /work/LAS/kjroe-lab/jmahguib/UCSStacks_outputs/TrkNbr_1083n1282_L1n2_PrelimPops/WM489.models.tsv.gz
  Parsing /work/LAS/kjroe-lab/jmahguib/UCSStacks_outputs/TrkNbr_1083n1282_L1n2_PrelimPops/WM490.models.tsv.gz
  Parsing /work/LAS/kjroe-lab/jmahguib/UCSStacks_outputs/TrkNbr_1083n1282_L1n2_PrelimPops/WM491.models.tsv.gz
  Parsing /work/LAS/kjroe-lab/jmahguib/UCSStacks_outputs/TrkNbr_1083n1282_L1n2_PrelimPops/WM492.models.tsv.gz
  Parsing /work/LAS/kjroe-lab/jmahguib/UCSStacks_outputs/TrkNbr_1083n1282_L1n2_PrelimPops/WM493.models.tsv.gz
  Parsing /work/LAS/kjroe-lab/jmahguib/UCSStacks_outputs/TrkNbr_1083n1282_L1n2_PrelimPops/WM494.models.tsv.gz
  Parsing /work/LAS/kjroe-lab/jmahguib/UCSStacks_outputs/TrkNbr_1083n1282_L1n2_PrelimPops/WM495.models.tsv.gz
  Parsing /work/LAS/kjroe-lab/jmahguib/UCSStacks_outputs/TrkNbr_1083n1282_L1n2_PrelimPops/WM496.models.tsv.gz
  Parsing /work/LAS/kjroe-lab/jmahguib/UCSStacks_outputs/TrkNbr_1083n1282_L1n2_PrelimPops/WM497.models.tsv.gz
  Parsing /work/LAS/kjroe-lab/jmahguib/UCSStacks_outputs/TrkNbr_1083n1282_L1n2_PrelimPops/WM498.models.tsv.gz
  Parsing /work/LAS/kjroe-lab/jmahguib/UCSStacks_outputs/TrkNbr_1083n1282_L1n2_PrelimPops/WM499.models.tsv.gz
  Parsing /work/LAS/kjroe-lab/jmahguib/UCSStacks_outputs/TrkNbr_1083n1282_L1n2_PrelimPops/WM5.models.tsv.gz
  Parsing /work/LAS/kjroe-lab/jmahguib/UCSStacks_outputs/TrkNbr_1083n1282_L1n2_PrelimPops/WM500.models.tsv.gz
  Parsing /work/LAS/kjroe-lab/jmahguib/UCSStacks_outputs/TrkNbr_1083n1282_L1n2_PrelimPops/WM501.models.tsv.gz
  Parsing /work/LAS/kjroe-lab/jmahguib/UCSStacks_outputs/TrkNbr_1083n1282_L1n2_PrelimPops/WM502.models.tsv.gz
  Parsing /work/LAS/kjroe-lab/jmahguib/UCSStacks_outputs/TrkNbr_1083n1282_L1n2_PrelimPops/WM503.models.tsv.gz
  Parsing /work/LAS/kjroe-lab/jmahguib/UCSStacks_outputs/TrkNbr_1083n1282_L1n2_PrelimPops/WM504.models.tsv.gz
  Parsing /work/LAS/kjroe-lab/jmahguib/UCSStacks_outputs/TrkNbr_1083n1282_L1n2_PrelimPops/WM505.models.tsv.gz
  Parsing /work/LAS/kjroe-lab/jmahguib/UCSStacks_outputs/TrkNbr_1083n1282_L1n2_PrelimPops/WM6.models.tsv.gz
  Parsing /work/LAS/kjroe-lab/jmahguib/UCSStacks_outputs/TrkNbr_1083n1282_L1n2_PrelimPops/WM7.models.tsv.gz
  Parsing /work/LAS/kjroe-lab/jmahguib/UCSStacks_outputs/TrkNbr_1083n1282_L1n2_PrelimPops/WM721.models.tsv.gz
  Parsing /work/LAS/kjroe-lab/jmahguib/UCSStacks_outputs/TrkNbr_1083n1282_L1n2_PrelimPops/WM722.models.tsv.gz
  Parsing /work/LAS/kjroe-lab/jmahguib/UCSStacks_outputs/TrkNbr_1083n1282_L1n2_PrelimPops/WM723.models.tsv.gz
  Parsing /work/LAS/kjroe-lab/jmahguib/UCSStacks_outputs/TrkNbr_1083n1282_L1n2_PrelimPops/WM724.models.tsv.gz
  Parsing /work/LAS/kjroe-lab/jmahguib/UCSStacks_outputs/TrkNbr_1083n1282_L1n2_PrelimPops/WM725.models.tsv.gz
  Parsing /work/LAS/kjroe-lab/jmahguib/UCSStacks_outputs/TrkNbr_1083n1282_L1n2_PrelimPops/WM726.models.tsv.gz
  Parsing /work/LAS/kjroe-lab/jmahguib/UCSStacks_outputs/TrkNbr_1083n1282_L1n2_PrelimPops/WM727.models.tsv.gz
  Parsing /work/LAS/kjroe-lab/jmahguib/UCSStacks_outputs/TrkNbr_1083n1282_L1n2_PrelimPops/WM728.models.tsv.gz
  Parsing /work/LAS/kjroe-lab/jmahguib/UCSStacks_outputs/TrkNbr_1083n1282_L1n2_PrelimPops/WM729.models.tsv.gz
  Parsing /work/LAS/kjroe-lab/jmahguib/UCSStacks_outputs/TrkNbr_1083n1282_L1n2_PrelimPops/WM730.models.tsv.gz
  Parsing /work/LAS/kjroe-lab/jmahguib/UCSStacks_outputs/TrkNbr_1083n1282_L1n2_PrelimPops/WM731.models.tsv.gz
  Parsing /work/LAS/kjroe-lab/jmahguib/UCSStacks_outputs/TrkNbr_1083n1282_L1n2_PrelimPops/WM732.models.tsv.gz
  Parsing /work/LAS/kjroe-lab/jmahguib/UCSStacks_outputs/TrkNbr_1083n1282_L1n2_PrelimPops/WM733.models.tsv.gz
  Parsing /work/LAS/kjroe-lab/jmahguib/UCSStacks_outputs/TrkNbr_1083n1282_L1n2_PrelimPops/WM734.models.tsv.gz
  Parsing /work/LAS/kjroe-lab/jmahguib/UCSStacks_outputs/TrkNbr_1083n1282_L1n2_PrelimPops/WM735.models.tsv.gz
  Parsing /work/LAS/kjroe-lab/jmahguib/UCSStacks_outputs/TrkNbr_1083n1282_L1n2_PrelimPops/WM736.models.tsv.gz
  Parsing /work/LAS/kjroe-lab/jmahguib/UCSStacks_outputs/TrkNbr_1083n1282_L1n2_PrelimPops/WM737.models.tsv.gz
  Parsing /work/LAS/kjroe-lab/jmahguib/UCSStacks_outputs/TrkNbr_1083n1282_L1n2_PrelimPops/WM738.models.tsv.gz
  Parsing /work/LAS/kjroe-lab/jmahguib/UCSStacks_outputs/TrkNbr_1083n1282_L1n2_PrelimPops/WM739.models.tsv.gz
  Parsing /work/LAS/kjroe-lab/jmahguib/UCSStacks_outputs/TrkNbr_1083n1282_L1n2_PrelimPops/WM740.models.tsv.gz
  Parsing /work/LAS/kjroe-lab/jmahguib/UCSStacks_outputs/TrkNbr_1083n1282_L1n2_PrelimPops/WM741.models.tsv.gz
  Parsing /work/LAS/kjroe-lab/jmahguib/UCSStacks_outputs/TrkNbr_1083n1282_L1n2_PrelimPops/WM742.models.tsv.gz
  Parsing /work/LAS/kjroe-lab/jmahguib/UCSStacks_outputs/TrkNbr_1083n1282_L1n2_PrelimPops/WM743.models.tsv.gz
  Parsing /work/LAS/kjroe-lab/jmahguib/UCSStacks_outputs/TrkNbr_1083n1282_L1n2_PrelimPops/WM744.models.tsv.gz
  Parsing /work/LAS/kjroe-lab/jmahguib/UCSStacks_outputs/TrkNbr_1083n1282_L1n2_PrelimPops/WM8.models.tsv.gz
  Parsing /work/LAS/kjroe-lab/jmahguib/UCSStacks_outputs/TrkNbr_1083n1282_L1n2_PrelimPops/WM9.models.tsv.gz
Generating nucleotide-level summary statistics for population 'defaultpop'
Population 'defaultpop' contained 118 incompatible loci -- more than two alleles present.
Tallying loci across populations...done.
Pruned 13188 variant sites due to filter constraints (more with --verbose).
Removing 6846 additional loci for which all variant sites were filtered... retained 15149 loci.
Regenerating nucleotide-level summary statistics for population 'defaultpop'
Population 'defaultpop' contained 0 incompatible loci -- more than two alleles present.
Re-tallying loci across populations...done.
Notice: Smoothing was requested (-k), but will not be performed as the loci are not ordered.
Generating haplotype-level summary statistics for population 'defaultpop'
Calculating haplotype F statistics across all populations/groups...
  Generating haplotype F statistics for un...done.
done.
Writing haplotype F statistics... wrote 0 loci to haplotype Phi_st file, '/work/LAS/kjroe-lab/jmahguib/Stacks_Populations_outputs/TrkNbr_1083n1282_L1n2_PrelimPops_p3r080/batch_22540000.phistats.tsv'
Calculating pairwise haplotype F statistics...
Writing 15149 loci to summary statistics file, '/work/LAS/kjroe-lab/jmahguib/Stacks_Populations_outputs/TrkNbr_1083n1282_L1n2_PrelimPops_p3r080/batch_22540000.sumstats.tsv'
Writing 15149 loci to observed haplotype file, '/work/LAS/kjroe-lab/jmahguib/Stacks_Populations_outputs/TrkNbr_1083n1282_L1n2_PrelimPops_p3r080/batch_22540000.haplotypes.tsv'
Writing population data to GenePop file '/work/LAS/kjroe-lab/jmahguib/Stacks_Populations_outputs/TrkNbr_1083n1282_L1n2_PrelimPops_p3r080/batch_22540000.genepop'
Writing population data to Structure file '/work/LAS/kjroe-lab/jmahguib/Stacks_Populations_outputs/TrkNbr_1083n1282_L1n2_PrelimPops_p3r080/batch_22540000.structure.tsv'...done.
Writing population data to PLINK files...done.
Writing population data to Phylip file '/work/LAS/kjroe-lab/jmahguib/Stacks_Populations_outputs/TrkNbr_1083n1282_L1n2_PrelimPops_p3r080/batch_22540000.phylip'; logging nucleotide positions to '/work/LAS/kjroe-lab/jmahguib/Stacks_Populations_outputs/TrkNbr_1083n1282_L1n2_PrelimPops_p3r080/batch_22540000.phylip.log'...done.
Writing population data to VCF file '/work/LAS/kjroe-lab/jmahguib/Stacks_Populations_outputs/TrkNbr_1083n1282_L1n2_PrelimPops_p3r080/batch_22540000.vcf'
Populations is done.
