PLINK v1.90b5.3 64-bit (21 Feb 2018)
Options in effect:
  --allow-extra-chr
  --allow-no-sex
  --file ./jmahguib/Stacks_Populations_outputs/TrkNbr_1083n1282_L1n2_PrelimPops_p2r080_for_Genodive_MinSampSizeRuns/batch_22540000.plink
  --indep-pairwise 50 5 0.5
  --make-bed
  --out LD_SNP_lists

Hostname: rit1.las.iastate.edu
Working directory: /work/LAS/kjroe-lab
Start time: Tue Dec  3 15:26:49 2019

Random number seed: 1575408409
128742 MB RAM detected; reserving 64371 MB for main workspace.
Scanning .ped file... done.
Performing single-pass .bed write (19533 variants, 96 people).
--file: LD_SNP_lists-temporary.bed + LD_SNP_lists-temporary.bim +
LD_SNP_lists-temporary.fam written.
19533 variants loaded from .bim file.
96 people (0 males, 0 females, 96 ambiguous) loaded from .fam.
Ambiguous sex IDs written to LD_SNP_lists.nosex .
Using 1 thread (no multithreaded calculations invoked).
Before main variant filters, 96 founders and 0 nonfounders present.
Calculating allele frequencies... done.
Total genotyping rate is 0.583316.
19533 variants and 96 people pass filters and QC.
Note: No phenotypes present.
--make-bed to LD_SNP_lists.bed + LD_SNP_lists.bim + LD_SNP_lists.fam ... done.
Pruned 4381 variants from chromosome 27, leaving 15152.
Pruning complete.  4381 of 19533 variants removed.
Marker lists written to LD_SNP_lists.prune.in and LD_SNP_lists.prune.out .

End time: Tue Dec  3 15:26:59 2019
